[0.008s] Invoking command in '/home/cjj/Desktop/RM_work/opencv_project/track_and_pnp/build/objective_track': CMAKE_PREFIX_PATH=/home/cjj/Desktop/RM_work/opencv_project/track_and_pnp/install/my_interfaces:/home/cjj/Desktop/RM_work/opencv_project/track_and_pnp/install/objective_track:/opt/ros/humble LD_LIBRARY_PATH=/home/cjj/Desktop/RM_work/opencv_project/track_and_pnp/install/my_interfaces/lib:/opt/ros/humble/opt/rviz_ogre_vendor/lib:/opt/ros/humble/lib/x86_64-linux-gnu:/opt/ros/humble/lib:/opt/MVS/lib/64:/opt/MVS/lib/32:/opt/intel/openvino/runtime/lib/intel64:/usr/local/lib:/opt/MVS/lib/64:/opt/MVS/lib/32:/opt/MVS/lib/64:/opt/MVS/lib/32 /usr/bin/cmake --build /home/cjj/Desktop/RM_work/opencv_project/track_and_pnp/build/objective_track -- -j20 -l20
[0.043s] [35m[1mConsolidate compiler generated dependencies of target objective_track[0m
[0.062s] [ 25%] [32mBuilding CXX object CMakeFiles/objective_track.dir/src/Pose_calculator.cpp.o[0m
[0.063s] [ 50%] [32mBuilding CXX object CMakeFiles/objective_track.dir/src/main.cpp.o[0m
[3.752s] [ 75%] [32m[1mLinking CXX executable objective_track[0m
[4.152s] [100%] Built target objective_track
[4.163s] Invoked command in '/home/cjj/Desktop/RM_work/opencv_project/track_and_pnp/build/objective_track' returned '0': CMAKE_PREFIX_PATH=/home/cjj/Desktop/RM_work/opencv_project/track_and_pnp/install/my_interfaces:/home/cjj/Desktop/RM_work/opencv_project/track_and_pnp/install/objective_track:/opt/ros/humble LD_LIBRARY_PATH=/home/cjj/Desktop/RM_work/opencv_project/track_and_pnp/install/my_interfaces/lib:/opt/ros/humble/opt/rviz_ogre_vendor/lib:/opt/ros/humble/lib/x86_64-linux-gnu:/opt/ros/humble/lib:/opt/MVS/lib/64:/opt/MVS/lib/32:/opt/intel/openvino/runtime/lib/intel64:/usr/local/lib:/opt/MVS/lib/64:/opt/MVS/lib/32:/opt/MVS/lib/64:/opt/MVS/lib/32 /usr/bin/cmake --build /home/cjj/Desktop/RM_work/opencv_project/track_and_pnp/build/objective_track -- -j20 -l20
[4.190s] Invoking command in '/home/cjj/Desktop/RM_work/opencv_project/track_and_pnp/build/objective_track': CMAKE_PREFIX_PATH=/home/cjj/Desktop/RM_work/opencv_project/track_and_pnp/install/my_interfaces:/home/cjj/Desktop/RM_work/opencv_project/track_and_pnp/install/objective_track:/opt/ros/humble LD_LIBRARY_PATH=/home/cjj/Desktop/RM_work/opencv_project/track_and_pnp/install/my_interfaces/lib:/opt/ros/humble/opt/rviz_ogre_vendor/lib:/opt/ros/humble/lib/x86_64-linux-gnu:/opt/ros/humble/lib:/opt/MVS/lib/64:/opt/MVS/lib/32:/opt/intel/openvino/runtime/lib/intel64:/usr/local/lib:/opt/MVS/lib/64:/opt/MVS/lib/32:/opt/MVS/lib/64:/opt/MVS/lib/32 /usr/bin/cmake --install /home/cjj/Desktop/RM_work/opencv_project/track_and_pnp/build/objective_track
[4.196s] -- Install configuration: ""
[4.196s] -- Execute custom install script
[4.196s] -- Up-to-date symlink: /home/cjj/Desktop/RM_work/opencv_project/track_and_pnp/install/objective_track/lib/objective_track/objective_track
[4.196s] -- Up-to-date symlink: /home/cjj/Desktop/RM_work/opencv_project/track_and_pnp/install/objective_track/share/ament_index/resource_index/package_run_dependencies/objective_track
[4.196s] -- Up-to-date symlink: /home/cjj/Desktop/RM_work/opencv_project/track_and_pnp/install/objective_track/share/ament_index/resource_index/parent_prefix_path/objective_track
[4.197s] -- Up-to-date symlink: /home/cjj/Desktop/RM_work/opencv_project/track_and_pnp/install/objective_track/share/objective_track/environment/ament_prefix_path.sh
[4.197s] -- Up-to-date symlink: /home/cjj/Desktop/RM_work/opencv_project/track_and_pnp/install/objective_track/share/objective_track/environment/ament_prefix_path.dsv
[4.197s] -- Up-to-date symlink: /home/cjj/Desktop/RM_work/opencv_project/track_and_pnp/install/objective_track/share/objective_track/environment/path.sh
[4.197s] -- Up-to-date symlink: /home/cjj/Desktop/RM_work/opencv_project/track_and_pnp/install/objective_track/share/objective_track/environment/path.dsv
[4.197s] -- Up-to-date symlink: /home/cjj/Desktop/RM_work/opencv_project/track_and_pnp/install/objective_track/share/objective_track/local_setup.bash
[4.197s] -- Up-to-date symlink: /home/cjj/Desktop/RM_work/opencv_project/track_and_pnp/install/objective_track/share/objective_track/local_setup.sh
[4.197s] -- Up-to-date symlink: /home/cjj/Desktop/RM_work/opencv_project/track_and_pnp/install/objective_track/share/objective_track/local_setup.zsh
[4.197s] -- Up-to-date symlink: /home/cjj/Desktop/RM_work/opencv_project/track_and_pnp/install/objective_track/share/objective_track/local_setup.dsv
[4.197s] -- Symlinking: /home/cjj/Desktop/RM_work/opencv_project/track_and_pnp/install/objective_track/share/objective_track/package.dsv
[4.204s] -- Up-to-date symlink: /home/cjj/Desktop/RM_work/opencv_project/track_and_pnp/install/objective_track/share/ament_index/resource_index/packages/objective_track
[4.204s] -- Up-to-date symlink: /home/cjj/Desktop/RM_work/opencv_project/track_and_pnp/install/objective_track/share/objective_track/cmake/objective_trackConfig.cmake
[4.204s] -- Up-to-date symlink: /home/cjj/Desktop/RM_work/opencv_project/track_and_pnp/install/objective_track/share/objective_track/cmake/objective_trackConfig-version.cmake
[4.204s] -- Up-to-date symlink: /home/cjj/Desktop/RM_work/opencv_project/track_and_pnp/install/objective_track/share/objective_track/package.xml
[4.206s] Invoked command in '/home/cjj/Desktop/RM_work/opencv_project/track_and_pnp/build/objective_track' returned '0': CMAKE_PREFIX_PATH=/home/cjj/Desktop/RM_work/opencv_project/track_and_pnp/install/my_interfaces:/home/cjj/Desktop/RM_work/opencv_project/track_and_pnp/install/objective_track:/opt/ros/humble LD_LIBRARY_PATH=/home/cjj/Desktop/RM_work/opencv_project/track_and_pnp/install/my_interfaces/lib:/opt/ros/humble/opt/rviz_ogre_vendor/lib:/opt/ros/humble/lib/x86_64-linux-gnu:/opt/ros/humble/lib:/opt/MVS/lib/64:/opt/MVS/lib/32:/opt/intel/openvino/runtime/lib/intel64:/usr/local/lib:/opt/MVS/lib/64:/opt/MVS/lib/32:/opt/MVS/lib/64:/opt/MVS/lib/32 /usr/bin/cmake --install /home/cjj/Desktop/RM_work/opencv_project/track_and_pnp/build/objective_track
