[0.005s] Invoking command in '/home/cjj/Desktop/RM_work/opencv_project/track_and_pnp/build/my_interfaces': CMAKE_PREFIX_PATH=/opt/ros/humble /usr/bin/cmake /home/cjj/Desktop/RM_work/opencv_project/track_and_pnp/src/my_interfaces -DAMENT_CMAKE_SYMLINK_INSTALL=1 -DCMAKE_INSTALL_PREFIX=/home/cjj/Desktop/RM_work/opencv_project/track_and_pnp/install/my_interfaces
[0.052s] -- The C compiler identification is GNU 11.4.0
[0.089s] -- The CXX compiler identification is GNU 11.4.0
[0.095s] -- Detecting C compiler ABI info
[0.147s] -- Detecting C compiler ABI info - done
[0.152s] -- Check for working C compiler: /usr/bin/cc - skipped
[0.153s] -- Detecting C compile features
[0.153s] -- Detecting C compile features - done
[0.155s] -- Detecting CXX compiler ABI info
[0.207s] -- Detecting CXX compiler ABI info - done
[0.212s] -- Check for working CXX compiler: /usr/bin/c++ - skipped
[0.213s] -- Detecting CXX compile features
[0.213s] -- Detecting CXX compile features - done
[0.215s] -- Found ament_cmake: 1.3.10 (/opt/ros/humble/share/ament_cmake/cmake)
[0.325s] -- Found Python3: /usr/bin/python3 (found version "3.10.12") found components: Interpreter 
[0.367s] -- Override CMake install command with custom implementation using symlinks instead of copying resources
[0.387s] -- Found rclcpp: 16.0.10 (/opt/ros/humble/share/rclcpp/cmake)
[0.414s] -- Found rosidl_generator_c: 3.1.5 (/opt/ros/humble/share/rosidl_generator_c/cmake)
[0.416s] -- Found rosidl_adapter: 3.1.5 (/opt/ros/humble/share/rosidl_adapter/cmake)
[0.422s] -- Found rosidl_generator_cpp: 3.1.5 (/opt/ros/humble/share/rosidl_generator_cpp/cmake)
[0.431s] -- Using all available rosidl_typesupport_c: rosidl_typesupport_fastrtps_c;rosidl_typesupport_introspection_c
[0.443s] -- Using all available rosidl_typesupport_cpp: rosidl_typesupport_fastrtps_cpp;rosidl_typesupport_introspection_cpp
[0.471s] -- Found rmw_implementation_cmake: 6.1.2 (/opt/ros/humble/share/rmw_implementation_cmake/cmake)
[0.473s] -- Found rmw_fastrtps_cpp: 6.2.7 (/opt/ros/humble/share/rmw_fastrtps_cpp/cmake)
[0.533s] -- Found OpenSSL: /usr/lib/x86_64-linux-gnu/libcrypto.so (found version "3.0.2")  
[0.548s] -- Found FastRTPS: /opt/ros/humble/include  
[0.565s] -- Using RMW implementation 'rmw_fastrtps_cpp' as default
[0.571s] -- Looking for pthread.h
[0.622s] -- Looking for pthread.h - found
[0.622s] -- Performing Test CMAKE_HAVE_LIBC_PTHREAD
[0.674s] -- Performing Test CMAKE_HAVE_LIBC_PTHREAD - Success
[0.675s] -- Found Threads: TRUE  
[0.709s] -- Found rosidl_default_generators: 1.2.0 (/opt/ros/humble/share/rosidl_default_generators/cmake)
[0.714s] -- Found geometry_msgs: 4.2.4 (/opt/ros/humble/share/geometry_msgs/cmake)
[0.895s] -- Found ament_cmake_ros: 0.10.0 (/opt/ros/humble/share/ament_cmake_ros/cmake)
[1.160s] -- Using all available rosidl_typesupport_c: rosidl_typesupport_fastrtps_c;rosidl_typesupport_introspection_c
[1.261s] -- Using all available rosidl_typesupport_cpp: rosidl_typesupport_fastrtps_cpp;rosidl_typesupport_introspection_cpp
[1.278s] -- Found PythonInterp: /usr/bin/python3 (found suitable version "3.10.12", minimum required is "3.6") 
[1.279s] -- Found python_cmake_module: 0.10.0 (/opt/ros/humble/share/python_cmake_module/cmake)
[1.299s] -- Found PythonLibs: /usr/lib/x86_64-linux-gnu/libpython3.10.so (found suitable version "3.10.12", minimum required is "3.5") 
[1.299s] -- Using PYTHON_EXECUTABLE: /usr/bin/python3
[1.299s] -- Using PYTHON_INCLUDE_DIRS: /usr/include/python3.10
[1.299s] -- Using PYTHON_LIBRARIES: /usr/lib/x86_64-linux-gnu/libpython3.10.so
[1.312s] -- Found PythonExtra: .so  
[1.348s] -- Found ament_lint_auto: 0.12.11 (/opt/ros/humble/share/ament_lint_auto/cmake)
[1.361s] -- Added test 'lint_cmake' to check CMake code style
[1.362s] -- Added test 'xmllint' to check XML markup files
[1.364s] -- Configuring done
[1.382s] -- Generating done
[1.384s] -- Build files have been written to: /home/cjj/Desktop/RM_work/opencv_project/track_and_pnp/build/my_interfaces
[1.394s] Invoked command in '/home/cjj/Desktop/RM_work/opencv_project/track_and_pnp/build/my_interfaces' returned '0': CMAKE_PREFIX_PATH=/opt/ros/humble /usr/bin/cmake /home/cjj/Desktop/RM_work/opencv_project/track_and_pnp/src/my_interfaces -DAMENT_CMAKE_SYMLINK_INSTALL=1 -DCMAKE_INSTALL_PREFIX=/home/cjj/Desktop/RM_work/opencv_project/track_and_pnp/install/my_interfaces
[1.394s] Invoking command in '/home/cjj/Desktop/RM_work/opencv_project/track_and_pnp/build/my_interfaces': CMAKE_PREFIX_PATH=/opt/ros/humble /usr/bin/cmake --build /home/cjj/Desktop/RM_work/opencv_project/track_and_pnp/build/my_interfaces -- -j20 -l20
[1.425s] [  3%] [34m[1mGenerating C code for ROS interfaces[0m
[1.434s] [  6%] [34m[1mGenerating C++ code for ROS interfaces[0m
[1.440s] [  6%] Built target ament_cmake_python_symlink_my_interfaces
[1.577s] running egg_info
[1.578s] creating my_interfaces.egg-info
[1.579s] writing my_interfaces.egg-info/PKG-INFO
[1.579s] writing dependency_links to my_interfaces.egg-info/dependency_links.txt
[1.579s] writing top-level names to my_interfaces.egg-info/top_level.txt
[1.580s] writing manifest file 'my_interfaces.egg-info/SOURCES.txt'
[1.583s] [  9%] [32mBuilding C object CMakeFiles/my_interfaces__rosidl_generator_c.dir/rosidl_generator_c/my_interfaces/msg/detail/position__functions.c.o[0m
[1.583s] reading manifest file 'my_interfaces.egg-info/SOURCES.txt'
[1.583s] [  9%] Built target my_interfaces__cpp
[1.584s] writing manifest file 'my_interfaces.egg-info/SOURCES.txt'
[1.592s] [ 12%] [34m[1mGenerating C++ type support dispatch for ROS interfaces[0m
[1.594s] [ 16%] [34m[1mGenerating C++ type support for eProsima Fast-RTPS[0m
[1.594s] [ 19%] [34m[1mGenerating C++ introspection for ROS interfaces[0m
[1.607s] [ 19%] Built target ament_cmake_python_build_my_interfaces_egg
[1.617s] [ 22%] [32m[1mLinking C shared library libmy_interfaces__rosidl_generator_c.so[0m
[1.647s] [ 22%] Built target my_interfaces__rosidl_generator_c
[1.657s] [ 32%] [34m[1mGenerating C type support for eProsima Fast-RTPS[0m
[1.657s] [ 32%] [34m[1mGenerating C introspection for ROS interfaces[0m
[1.657s] [ 32%] [34m[1mGenerating C type support dispatch for ROS interfaces[0m
[1.726s] [ 35%] [32mBuilding CXX object CMakeFiles/my_interfaces__rosidl_typesupport_cpp.dir/rosidl_typesupport_cpp/my_interfaces/msg/position__type_support.cpp.o[0m
[1.743s] [ 38%] [32mBuilding CXX object CMakeFiles/my_interfaces__rosidl_typesupport_introspection_cpp.dir/rosidl_typesupport_introspection_cpp/my_interfaces/msg/detail/position__type_support.cpp.o[0m
[1.764s] [ 41%] [32mBuilding CXX object CMakeFiles/my_interfaces__rosidl_typesupport_fastrtps_cpp.dir/rosidl_typesupport_fastrtps_cpp/my_interfaces/msg/detail/dds_fastrtps/position__type_support.cpp.o[0m
[1.801s] [ 45%] [32mBuilding CXX object CMakeFiles/my_interfaces__rosidl_typesupport_c.dir/rosidl_typesupport_c/my_interfaces/msg/position__type_support.cpp.o[0m
[1.822s] [ 48%] [32m[1mLinking CXX shared library libmy_interfaces__rosidl_typesupport_c.so[0m
[1.828s] [ 51%] [32mBuilding C object CMakeFiles/my_interfaces__rosidl_typesupport_introspection_c.dir/rosidl_typesupport_introspection_c/my_interfaces/msg/detail/position__type_support.c.o[0m
[1.855s] [ 54%] [32m[1mLinking C shared library libmy_interfaces__rosidl_typesupport_introspection_c.so[0m
[1.855s] [ 54%] Built target my_interfaces__rosidl_typesupport_c
[1.868s] [ 58%] [32mBuilding CXX object CMakeFiles/my_interfaces__rosidl_typesupport_fastrtps_c.dir/rosidl_typesupport_fastrtps_c/my_interfaces/msg/detail/position__type_support_c.cpp.o[0m
[1.878s] [ 58%] Built target my_interfaces__rosidl_typesupport_introspection_c
[1.887s] [ 61%] [32m[1mLinking CXX shared library libmy_interfaces__rosidl_typesupport_cpp.so[0m
[1.916s] [ 61%] Built target my_interfaces__rosidl_typesupport_cpp
[1.963s] [ 64%] [32m[1mLinking CXX shared library libmy_interfaces__rosidl_typesupport_introspection_cpp.so[0m
[1.992s] [ 67%] [32m[1mLinking CXX shared library libmy_interfaces__rosidl_typesupport_fastrtps_cpp.so[0m
[1.992s] [ 67%] Built target my_interfaces__rosidl_typesupport_introspection_cpp
[2.042s] [ 67%] Built target my_interfaces__rosidl_typesupport_fastrtps_cpp
[2.051s] [ 70%] [32m[1mLinking CXX shared library libmy_interfaces__rosidl_typesupport_fastrtps_c.so[0m
[2.098s] [ 70%] Built target my_interfaces__rosidl_typesupport_fastrtps_c
[2.112s] [ 70%] Built target my_interfaces
[2.125s] [ 74%] [34m[1mGenerating Python code for ROS interfaces[0m
[2.292s] [ 74%] Built target my_interfaces__py
[2.305s] [ 77%] [32mBuilding C object CMakeFiles/my_interfaces__rosidl_generator_py.dir/rosidl_generator_py/my_interfaces/msg/_position_s.c.o[0m
[2.366s] [ 80%] [32m[1mLinking C shared library rosidl_generator_py/my_interfaces/libmy_interfaces__rosidl_generator_py.so[0m
[2.395s] [ 80%] Built target my_interfaces__rosidl_generator_py
[2.410s] [ 83%] [32mBuilding C object CMakeFiles/my_interfaces__rosidl_typesupport_introspection_c__pyext.dir/rosidl_generator_py/my_interfaces/_my_interfaces_s.ep.rosidl_typesupport_introspection_c.c.o[0m
[2.410s] [ 87%] [32mBuilding C object CMakeFiles/my_interfaces__rosidl_typesupport_c__pyext.dir/rosidl_generator_py/my_interfaces/_my_interfaces_s.ep.rosidl_typesupport_c.c.o[0m
[2.412s] [ 90%] [32mBuilding C object CMakeFiles/my_interfaces__rosidl_typesupport_fastrtps_c__pyext.dir/rosidl_generator_py/my_interfaces/_my_interfaces_s.ep.rosidl_typesupport_fastrtps_c.c.o[0m
[2.470s] [ 93%] [32m[1mLinking C shared library rosidl_generator_py/my_interfaces/my_interfaces_s__rosidl_typesupport_c.cpython-310-x86_64-linux-gnu.so[0m
[2.470s] [ 96%] [32m[1mLinking C shared library rosidl_generator_py/my_interfaces/my_interfaces_s__rosidl_typesupport_introspection_c.cpython-310-x86_64-linux-gnu.so[0m
[2.470s] [100%] [32m[1mLinking C shared library rosidl_generator_py/my_interfaces/my_interfaces_s__rosidl_typesupport_fastrtps_c.cpython-310-x86_64-linux-gnu.so[0m
[2.496s] [100%] Built target my_interfaces__rosidl_typesupport_fastrtps_c__pyext
[2.496s] [100%] Built target my_interfaces__rosidl_typesupport_c__pyext
[2.497s] [100%] Built target my_interfaces__rosidl_typesupport_introspection_c__pyext
[2.504s] Invoked command in '/home/cjj/Desktop/RM_work/opencv_project/track_and_pnp/build/my_interfaces' returned '0': CMAKE_PREFIX_PATH=/opt/ros/humble /usr/bin/cmake --build /home/cjj/Desktop/RM_work/opencv_project/track_and_pnp/build/my_interfaces -- -j20 -l20
[2.558s] Invoking command in '/home/cjj/Desktop/RM_work/opencv_project/track_and_pnp/build/my_interfaces': CMAKE_PREFIX_PATH=/opt/ros/humble /usr/bin/cmake --install /home/cjj/Desktop/RM_work/opencv_project/track_and_pnp/build/my_interfaces
[2.563s] -- Install configuration: ""
[2.563s] -- Execute custom install script
[2.563s] -- Symlinking: /home/cjj/Desktop/RM_work/opencv_project/track_and_pnp/install/my_interfaces/share/ament_index/resource_index/rosidl_interfaces/my_interfaces
[2.569s] -- Symlinking: /home/cjj/Desktop/RM_work/opencv_project/track_and_pnp/install/my_interfaces/include/my_interfaces/my_interfaces/msg/detail/position__functions.h
[2.574s] -- Symlinking: /home/cjj/Desktop/RM_work/opencv_project/track_and_pnp/install/my_interfaces/include/my_interfaces/my_interfaces/msg/detail/position__struct.h
[2.581s] -- Symlinking: /home/cjj/Desktop/RM_work/opencv_project/track_and_pnp/install/my_interfaces/include/my_interfaces/my_interfaces/msg/detail/position__type_support.h
[2.586s] -- Symlinking: /home/cjj/Desktop/RM_work/opencv_project/track_and_pnp/install/my_interfaces/include/my_interfaces/my_interfaces/msg/position.h
[2.592s] -- Symlinking: /home/cjj/Desktop/RM_work/opencv_project/track_and_pnp/install/my_interfaces/include/my_interfaces/my_interfaces/msg/rosidl_generator_c__visibility_control.h
[2.596s] -- Symlinking: /home/cjj/Desktop/RM_work/opencv_project/track_and_pnp/install/my_interfaces/share/my_interfaces/environment/library_path.sh
[2.603s] -- Symlinking: /home/cjj/Desktop/RM_work/opencv_project/track_and_pnp/install/my_interfaces/share/my_interfaces/environment/library_path.dsv
[2.609s] -- Symlinking: /home/cjj/Desktop/RM_work/opencv_project/track_and_pnp/install/my_interfaces/include/my_interfaces/my_interfaces/msg/detail/position__rosidl_typesupport_fastrtps_c.h
[2.615s] -- Symlinking: /home/cjj/Desktop/RM_work/opencv_project/track_and_pnp/install/my_interfaces/include/my_interfaces/my_interfaces/msg/rosidl_typesupport_fastrtps_c__visibility_control.h
[2.622s] -- Symlinking: /home/cjj/Desktop/RM_work/opencv_project/track_and_pnp/install/my_interfaces/include/my_interfaces/my_interfaces/msg/detail/position__builder.hpp
[2.627s] -- Symlinking: /home/cjj/Desktop/RM_work/opencv_project/track_and_pnp/install/my_interfaces/include/my_interfaces/my_interfaces/msg/detail/position__struct.hpp
[2.634s] -- Symlinking: /home/cjj/Desktop/RM_work/opencv_project/track_and_pnp/install/my_interfaces/include/my_interfaces/my_interfaces/msg/detail/position__traits.hpp
[2.641s] -- Symlinking: /home/cjj/Desktop/RM_work/opencv_project/track_and_pnp/install/my_interfaces/include/my_interfaces/my_interfaces/msg/position.hpp
[2.647s] -- Symlinking: /home/cjj/Desktop/RM_work/opencv_project/track_and_pnp/install/my_interfaces/include/my_interfaces/my_interfaces/msg/detail/position__rosidl_typesupport_fastrtps_cpp.hpp
[2.653s] -- Symlinking: /home/cjj/Desktop/RM_work/opencv_project/track_and_pnp/install/my_interfaces/include/my_interfaces/my_interfaces/msg/rosidl_typesupport_fastrtps_cpp__visibility_control.h
[2.659s] -- Symlinking: /home/cjj/Desktop/RM_work/opencv_project/track_and_pnp/install/my_interfaces/include/my_interfaces/my_interfaces/msg/detail/position__rosidl_typesupport_introspection_c.h
[2.666s] -- Symlinking: /home/cjj/Desktop/RM_work/opencv_project/track_and_pnp/install/my_interfaces/include/my_interfaces/my_interfaces/msg/rosidl_typesupport_introspection_c__visibility_control.h
[2.672s] -- Symlinking: /home/cjj/Desktop/RM_work/opencv_project/track_and_pnp/install/my_interfaces/include/my_interfaces/my_interfaces/msg/detail/position__rosidl_typesupport_introspection_cpp.hpp
[2.677s] -- Symlinking: /home/cjj/Desktop/RM_work/opencv_project/track_and_pnp/install/my_interfaces/share/my_interfaces/environment/pythonpath.sh
[2.683s] -- Symlinking: /home/cjj/Desktop/RM_work/opencv_project/track_and_pnp/install/my_interfaces/share/my_interfaces/environment/pythonpath.dsv
[2.689s] -- Symlinking: /home/cjj/Desktop/RM_work/opencv_project/track_and_pnp/install/my_interfaces/local/lib/python3.10/dist-packages/my_interfaces-0.0.0-py3.10.egg-info/PKG-INFO
[2.695s] -- Symlinking: /home/cjj/Desktop/RM_work/opencv_project/track_and_pnp/install/my_interfaces/local/lib/python3.10/dist-packages/my_interfaces-0.0.0-py3.10.egg-info/SOURCES.txt
[2.702s] -- Symlinking: /home/cjj/Desktop/RM_work/opencv_project/track_and_pnp/install/my_interfaces/local/lib/python3.10/dist-packages/my_interfaces-0.0.0-py3.10.egg-info/dependency_links.txt
[2.707s] -- Symlinking: /home/cjj/Desktop/RM_work/opencv_project/track_and_pnp/install/my_interfaces/local/lib/python3.10/dist-packages/my_interfaces-0.0.0-py3.10.egg-info/top_level.txt
[2.714s] -- Symlinking: /home/cjj/Desktop/RM_work/opencv_project/track_and_pnp/install/my_interfaces/local/lib/python3.10/dist-packages/my_interfaces/__init__.py
[2.720s] -- Symlinking: /home/cjj/Desktop/RM_work/opencv_project/track_and_pnp/install/my_interfaces/local/lib/python3.10/dist-packages/my_interfaces/_my_interfaces_s.ep.rosidl_typesupport_c.c
[2.724s] -- Symlinking: /home/cjj/Desktop/RM_work/opencv_project/track_and_pnp/install/my_interfaces/local/lib/python3.10/dist-packages/my_interfaces/_my_interfaces_s.ep.rosidl_typesupport_fastrtps_c.c
[2.729s] -- Symlinking: /home/cjj/Desktop/RM_work/opencv_project/track_and_pnp/install/my_interfaces/local/lib/python3.10/dist-packages/my_interfaces/_my_interfaces_s.ep.rosidl_typesupport_introspection_c.c
[2.738s] -- Symlinking: /home/cjj/Desktop/RM_work/opencv_project/track_and_pnp/install/my_interfaces/local/lib/python3.10/dist-packages/my_interfaces/libmy_interfaces__rosidl_generator_py.so
[2.746s] -- Symlinking: /home/cjj/Desktop/RM_work/opencv_project/track_and_pnp/install/my_interfaces/local/lib/python3.10/dist-packages/my_interfaces/msg/__init__.py
[2.752s] -- Symlinking: /home/cjj/Desktop/RM_work/opencv_project/track_and_pnp/install/my_interfaces/local/lib/python3.10/dist-packages/my_interfaces/msg/_position.py
[2.758s] -- Symlinking: /home/cjj/Desktop/RM_work/opencv_project/track_and_pnp/install/my_interfaces/local/lib/python3.10/dist-packages/my_interfaces/msg/_position_s.c
[2.762s] -- Symlinking: /home/cjj/Desktop/RM_work/opencv_project/track_and_pnp/install/my_interfaces/local/lib/python3.10/dist-packages/my_interfaces/my_interfaces_s__rosidl_typesupport_c.cpython-310-x86_64-linux-gnu.so
[2.768s] -- Symlinking: /home/cjj/Desktop/RM_work/opencv_project/track_and_pnp/install/my_interfaces/local/lib/python3.10/dist-packages/my_interfaces/my_interfaces_s__rosidl_typesupport_fastrtps_c.cpython-310-x86_64-linux-gnu.so
[2.776s] -- Symlinking: /home/cjj/Desktop/RM_work/opencv_project/track_and_pnp/install/my_interfaces/local/lib/python3.10/dist-packages/my_interfaces/my_interfaces_s__rosidl_typesupport_introspection_c.cpython-310-x86_64-linux-gnu.so
[2.783s] -- Up-to-date symlink: /home/cjj/Desktop/RM_work/opencv_project/track_and_pnp/install/my_interfaces/local/lib/python3.10/dist-packages/my_interfaces/my_interfaces_s__rosidl_typesupport_fastrtps_c.cpython-310-x86_64-linux-gnu.so
[2.783s] -- Up-to-date symlink: /home/cjj/Desktop/RM_work/opencv_project/track_and_pnp/install/my_interfaces/local/lib/python3.10/dist-packages/my_interfaces/my_interfaces_s__rosidl_typesupport_introspection_c.cpython-310-x86_64-linux-gnu.so
[2.783s] -- Up-to-date symlink: /home/cjj/Desktop/RM_work/opencv_project/track_and_pnp/install/my_interfaces/local/lib/python3.10/dist-packages/my_interfaces/my_interfaces_s__rosidl_typesupport_c.cpython-310-x86_64-linux-gnu.so
[2.783s] -- Symlinking: /home/cjj/Desktop/RM_work/opencv_project/track_and_pnp/install/my_interfaces/share/my_interfaces/msg/Position.idl
[2.789s] -- Symlinking: /home/cjj/Desktop/RM_work/opencv_project/track_and_pnp/install/my_interfaces/share/my_interfaces/msg/Position.msg
[2.797s] -- Symlinking: /home/cjj/Desktop/RM_work/opencv_project/track_and_pnp/install/my_interfaces/share/ament_index/resource_index/package_run_dependencies/my_interfaces
[2.802s] -- Symlinking: /home/cjj/Desktop/RM_work/opencv_project/track_and_pnp/install/my_interfaces/share/ament_index/resource_index/parent_prefix_path/my_interfaces
[2.809s] -- Symlinking: /home/cjj/Desktop/RM_work/opencv_project/track_and_pnp/install/my_interfaces/share/my_interfaces/environment/ament_prefix_path.sh
[2.814s] -- Symlinking: /home/cjj/Desktop/RM_work/opencv_project/track_and_pnp/install/my_interfaces/share/my_interfaces/environment/ament_prefix_path.dsv
[2.820s] -- Symlinking: /home/cjj/Desktop/RM_work/opencv_project/track_and_pnp/install/my_interfaces/share/my_interfaces/environment/path.sh
[2.826s] -- Symlinking: /home/cjj/Desktop/RM_work/opencv_project/track_and_pnp/install/my_interfaces/share/my_interfaces/environment/path.dsv
[2.834s] -- Symlinking: /home/cjj/Desktop/RM_work/opencv_project/track_and_pnp/install/my_interfaces/share/my_interfaces/local_setup.bash
[2.842s] -- Symlinking: /home/cjj/Desktop/RM_work/opencv_project/track_and_pnp/install/my_interfaces/share/my_interfaces/local_setup.sh
[2.849s] -- Symlinking: /home/cjj/Desktop/RM_work/opencv_project/track_and_pnp/install/my_interfaces/share/my_interfaces/local_setup.zsh
[2.854s] -- Symlinking: /home/cjj/Desktop/RM_work/opencv_project/track_and_pnp/install/my_interfaces/share/my_interfaces/local_setup.dsv
[2.860s] -- Symlinking: /home/cjj/Desktop/RM_work/opencv_project/track_and_pnp/install/my_interfaces/share/my_interfaces/package.dsv
[2.866s] -- Symlinking: /home/cjj/Desktop/RM_work/opencv_project/track_and_pnp/install/my_interfaces/share/ament_index/resource_index/packages/my_interfaces
[2.872s] -- Symlinking: /home/cjj/Desktop/RM_work/opencv_project/track_and_pnp/install/my_interfaces/share/my_interfaces/cmake/rosidl_cmake-extras.cmake
[2.877s] -- Symlinking: /home/cjj/Desktop/RM_work/opencv_project/track_and_pnp/install/my_interfaces/share/my_interfaces/cmake/ament_cmake_export_dependencies-extras.cmake
[2.884s] -- Symlinking: /home/cjj/Desktop/RM_work/opencv_project/track_and_pnp/install/my_interfaces/share/my_interfaces/cmake/ament_cmake_export_include_directories-extras.cmake
[2.890s] -- Symlinking: /home/cjj/Desktop/RM_work/opencv_project/track_and_pnp/install/my_interfaces/share/my_interfaces/cmake/ament_cmake_export_libraries-extras.cmake
[2.895s] -- Symlinking: /home/cjj/Desktop/RM_work/opencv_project/track_and_pnp/install/my_interfaces/share/my_interfaces/cmake/ament_cmake_export_targets-extras.cmake
[2.902s] -- Symlinking: /home/cjj/Desktop/RM_work/opencv_project/track_and_pnp/install/my_interfaces/share/my_interfaces/cmake/rosidl_cmake_export_typesupport_targets-extras.cmake
[2.908s] -- Symlinking: /home/cjj/Desktop/RM_work/opencv_project/track_and_pnp/install/my_interfaces/share/my_interfaces/cmake/rosidl_cmake_export_typesupport_libraries-extras.cmake
[2.914s] -- Symlinking: /home/cjj/Desktop/RM_work/opencv_project/track_and_pnp/install/my_interfaces/share/my_interfaces/cmake/my_interfacesConfig.cmake
[2.918s] -- Symlinking: /home/cjj/Desktop/RM_work/opencv_project/track_and_pnp/install/my_interfaces/share/my_interfaces/cmake/my_interfacesConfig-version.cmake
[2.923s] -- Symlinking: /home/cjj/Desktop/RM_work/opencv_project/track_and_pnp/install/my_interfaces/share/my_interfaces/package.xml
[2.930s] -- Installing: /home/cjj/Desktop/RM_work/opencv_project/track_and_pnp/install/my_interfaces/lib/libmy_interfaces__rosidl_generator_c.so
[2.930s] -- Set runtime path of "/home/cjj/Desktop/RM_work/opencv_project/track_and_pnp/install/my_interfaces/lib/libmy_interfaces__rosidl_generator_c.so" to ""
[2.930s] -- Installing: /home/cjj/Desktop/RM_work/opencv_project/track_and_pnp/install/my_interfaces/lib/libmy_interfaces__rosidl_typesupport_fastrtps_c.so
[2.930s] -- Set runtime path of "/home/cjj/Desktop/RM_work/opencv_project/track_and_pnp/install/my_interfaces/lib/libmy_interfaces__rosidl_typesupport_fastrtps_c.so" to ""
[2.930s] -- Installing: /home/cjj/Desktop/RM_work/opencv_project/track_and_pnp/install/my_interfaces/lib/libmy_interfaces__rosidl_typesupport_fastrtps_cpp.so
[2.930s] -- Set runtime path of "/home/cjj/Desktop/RM_work/opencv_project/track_and_pnp/install/my_interfaces/lib/libmy_interfaces__rosidl_typesupport_fastrtps_cpp.so" to ""
[2.930s] -- Installing: /home/cjj/Desktop/RM_work/opencv_project/track_and_pnp/install/my_interfaces/lib/libmy_interfaces__rosidl_typesupport_introspection_c.so
[2.930s] -- Set runtime path of "/home/cjj/Desktop/RM_work/opencv_project/track_and_pnp/install/my_interfaces/lib/libmy_interfaces__rosidl_typesupport_introspection_c.so" to ""
[2.930s] -- Installing: /home/cjj/Desktop/RM_work/opencv_project/track_and_pnp/install/my_interfaces/lib/libmy_interfaces__rosidl_typesupport_c.so
[2.930s] -- Set runtime path of "/home/cjj/Desktop/RM_work/opencv_project/track_and_pnp/install/my_interfaces/lib/libmy_interfaces__rosidl_typesupport_c.so" to ""
[2.930s] -- Installing: /home/cjj/Desktop/RM_work/opencv_project/track_and_pnp/install/my_interfaces/lib/libmy_interfaces__rosidl_typesupport_introspection_cpp.so
[2.930s] -- Set runtime path of "/home/cjj/Desktop/RM_work/opencv_project/track_and_pnp/install/my_interfaces/lib/libmy_interfaces__rosidl_typesupport_introspection_cpp.so" to ""
[2.930s] -- Installing: /home/cjj/Desktop/RM_work/opencv_project/track_and_pnp/install/my_interfaces/lib/libmy_interfaces__rosidl_typesupport_cpp.so
[2.931s] -- Set runtime path of "/home/cjj/Desktop/RM_work/opencv_project/track_and_pnp/install/my_interfaces/lib/libmy_interfaces__rosidl_typesupport_cpp.so" to ""
[2.953s] Listing '/home/cjj/Desktop/RM_work/opencv_project/track_and_pnp/install/my_interfaces/local/lib/python3.10/dist-packages/my_interfaces'...
[2.953s] Compiling '/home/cjj/Desktop/RM_work/opencv_project/track_and_pnp/install/my_interfaces/local/lib/python3.10/dist-packages/my_interfaces/__init__.py'...
[2.953s] Listing '/home/cjj/Desktop/RM_work/opencv_project/track_and_pnp/install/my_interfaces/local/lib/python3.10/dist-packages/my_interfaces/msg'...
[2.953s] Compiling '/home/cjj/Desktop/RM_work/opencv_project/track_and_pnp/install/my_interfaces/local/lib/python3.10/dist-packages/my_interfaces/msg/__init__.py'...
[2.953s] Compiling '/home/cjj/Desktop/RM_work/opencv_project/track_and_pnp/install/my_interfaces/local/lib/python3.10/dist-packages/my_interfaces/msg/_position.py'...
[2.956s] -- Installing: /home/cjj/Desktop/RM_work/opencv_project/track_and_pnp/install/my_interfaces/lib/libmy_interfaces__rosidl_generator_py.so
[2.956s] -- Set runtime path of "/home/cjj/Desktop/RM_work/opencv_project/track_and_pnp/install/my_interfaces/lib/libmy_interfaces__rosidl_generator_py.so" to ""
[2.956s] -- Installing: /home/cjj/Desktop/RM_work/opencv_project/track_and_pnp/install/my_interfaces/share/my_interfaces/cmake/export_my_interfaces__rosidl_generator_cExport.cmake
[2.956s] -- Installing: /home/cjj/Desktop/RM_work/opencv_project/track_and_pnp/install/my_interfaces/share/my_interfaces/cmake/export_my_interfaces__rosidl_generator_cExport-noconfig.cmake
[2.956s] -- Installing: /home/cjj/Desktop/RM_work/opencv_project/track_and_pnp/install/my_interfaces/share/my_interfaces/cmake/export_my_interfaces__rosidl_typesupport_fastrtps_cExport.cmake
[2.956s] -- Installing: /home/cjj/Desktop/RM_work/opencv_project/track_and_pnp/install/my_interfaces/share/my_interfaces/cmake/export_my_interfaces__rosidl_typesupport_fastrtps_cExport-noconfig.cmake
[2.956s] -- Installing: /home/cjj/Desktop/RM_work/opencv_project/track_and_pnp/install/my_interfaces/share/my_interfaces/cmake/export_my_interfaces__rosidl_generator_cppExport.cmake
[2.957s] -- Installing: /home/cjj/Desktop/RM_work/opencv_project/track_and_pnp/install/my_interfaces/share/my_interfaces/cmake/export_my_interfaces__rosidl_typesupport_fastrtps_cppExport.cmake
[2.957s] -- Installing: /home/cjj/Desktop/RM_work/opencv_project/track_and_pnp/install/my_interfaces/share/my_interfaces/cmake/export_my_interfaces__rosidl_typesupport_fastrtps_cppExport-noconfig.cmake
[2.957s] -- Installing: /home/cjj/Desktop/RM_work/opencv_project/track_and_pnp/install/my_interfaces/share/my_interfaces/cmake/my_interfaces__rosidl_typesupport_introspection_cExport.cmake
[2.957s] -- Installing: /home/cjj/Desktop/RM_work/opencv_project/track_and_pnp/install/my_interfaces/share/my_interfaces/cmake/my_interfaces__rosidl_typesupport_introspection_cExport-noconfig.cmake
[2.957s] -- Installing: /home/cjj/Desktop/RM_work/opencv_project/track_and_pnp/install/my_interfaces/share/my_interfaces/cmake/my_interfaces__rosidl_typesupport_cExport.cmake
[2.957s] -- Installing: /home/cjj/Desktop/RM_work/opencv_project/track_and_pnp/install/my_interfaces/share/my_interfaces/cmake/my_interfaces__rosidl_typesupport_cExport-noconfig.cmake
[2.957s] -- Installing: /home/cjj/Desktop/RM_work/opencv_project/track_and_pnp/install/my_interfaces/share/my_interfaces/cmake/my_interfaces__rosidl_typesupport_introspection_cppExport.cmake
[2.957s] -- Installing: /home/cjj/Desktop/RM_work/opencv_project/track_and_pnp/install/my_interfaces/share/my_interfaces/cmake/my_interfaces__rosidl_typesupport_introspection_cppExport-noconfig.cmake
[2.957s] -- Installing: /home/cjj/Desktop/RM_work/opencv_project/track_and_pnp/install/my_interfaces/share/my_interfaces/cmake/my_interfaces__rosidl_typesupport_cppExport.cmake
[2.957s] -- Installing: /home/cjj/Desktop/RM_work/opencv_project/track_and_pnp/install/my_interfaces/share/my_interfaces/cmake/my_interfaces__rosidl_typesupport_cppExport-noconfig.cmake
[2.958s] -- Installing: /home/cjj/Desktop/RM_work/opencv_project/track_and_pnp/install/my_interfaces/share/my_interfaces/cmake/export_my_interfaces__rosidl_generator_pyExport.cmake
[2.958s] -- Installing: /home/cjj/Desktop/RM_work/opencv_project/track_and_pnp/install/my_interfaces/share/my_interfaces/cmake/export_my_interfaces__rosidl_generator_pyExport-noconfig.cmake
[2.959s] Invoked command in '/home/cjj/Desktop/RM_work/opencv_project/track_and_pnp/build/my_interfaces' returned '0': CMAKE_PREFIX_PATH=/opt/ros/humble /usr/bin/cmake --install /home/cjj/Desktop/RM_work/opencv_project/track_and_pnp/build/my_interfaces
