[0.009s] Invoking command in '/home/cjj/Desktop/RM_work/opencv_project/track_and_pnp/build/objective_track': CMAKE_PREFIX_PATH=/home/cjj/Desktop/RM_work/opencv_project/track_and_pnp/install/my_interfaces:/home/cjj/Desktop/RM_work/opencv_project/track_and_pnp/install/show_position:/home/cjj/Desktop/RM_work/opencv_project/track_and_pnp/install/objective_track:/opt/ros/humble LD_LIBRARY_PATH=/home/cjj/Desktop/RM_work/opencv_project/track_and_pnp/install/my_interfaces/lib:/opt/ros/humble/opt/rviz_ogre_vendor/lib:/opt/ros/humble/lib/x86_64-linux-gnu:/opt/ros/humble/lib:/opt/MVS/lib/64:/opt/MVS/lib/32:/opt/intel/openvino/runtime/lib/intel64:/usr/local/lib:/opt/MVS/lib/64:/opt/MVS/lib/32:/opt/MVS/lib/64:/opt/MVS/lib/32 /usr/bin/cmake --build /home/cjj/Desktop/RM_work/opencv_project/track_and_pnp/build/objective_track -- -j20 -l20
[0.058s] [100%] Built target objective_track
[0.069s] Invoked command in '/home/cjj/Desktop/RM_work/opencv_project/track_and_pnp/build/objective_track' returned '0': CMAKE_PREFIX_PATH=/home/cjj/Desktop/RM_work/opencv_project/track_and_pnp/install/my_interfaces:/home/cjj/Desktop/RM_work/opencv_project/track_and_pnp/install/show_position:/home/cjj/Desktop/RM_work/opencv_project/track_and_pnp/install/objective_track:/opt/ros/humble LD_LIBRARY_PATH=/home/cjj/Desktop/RM_work/opencv_project/track_and_pnp/install/my_interfaces/lib:/opt/ros/humble/opt/rviz_ogre_vendor/lib:/opt/ros/humble/lib/x86_64-linux-gnu:/opt/ros/humble/lib:/opt/MVS/lib/64:/opt/MVS/lib/32:/opt/intel/openvino/runtime/lib/intel64:/usr/local/lib:/opt/MVS/lib/64:/opt/MVS/lib/32:/opt/MVS/lib/64:/opt/MVS/lib/32 /usr/bin/cmake --build /home/cjj/Desktop/RM_work/opencv_project/track_and_pnp/build/objective_track -- -j20 -l20
[0.095s] Invoking command in '/home/cjj/Desktop/RM_work/opencv_project/track_and_pnp/build/objective_track': CMAKE_PREFIX_PATH=/home/cjj/Desktop/RM_work/opencv_project/track_and_pnp/install/my_interfaces:/home/cjj/Desktop/RM_work/opencv_project/track_and_pnp/install/show_position:/home/cjj/Desktop/RM_work/opencv_project/track_and_pnp/install/objective_track:/opt/ros/humble LD_LIBRARY_PATH=/home/cjj/Desktop/RM_work/opencv_project/track_and_pnp/install/my_interfaces/lib:/opt/ros/humble/opt/rviz_ogre_vendor/lib:/opt/ros/humble/lib/x86_64-linux-gnu:/opt/ros/humble/lib:/opt/MVS/lib/64:/opt/MVS/lib/32:/opt/intel/openvino/runtime/lib/intel64:/usr/local/lib:/opt/MVS/lib/64:/opt/MVS/lib/32:/opt/MVS/lib/64:/opt/MVS/lib/32 /usr/bin/cmake --install /home/cjj/Desktop/RM_work/opencv_project/track_and_pnp/build/objective_track
[0.101s] -- Install configuration: ""
[0.101s] -- Execute custom install script
[0.101s] -- Up-to-date symlink: /home/cjj/Desktop/RM_work/opencv_project/track_and_pnp/install/objective_track/lib/objective_track/objective_track
[0.102s] -- Up-to-date symlink: /home/cjj/Desktop/RM_work/opencv_project/track_and_pnp/install/objective_track/share/ament_index/resource_index/package_run_dependencies/objective_track
[0.102s] -- Up-to-date symlink: /home/cjj/Desktop/RM_work/opencv_project/track_and_pnp/install/objective_track/share/ament_index/resource_index/parent_prefix_path/objective_track
[0.102s] -- Up-to-date symlink: /home/cjj/Desktop/RM_work/opencv_project/track_and_pnp/install/objective_track/share/objective_track/environment/ament_prefix_path.sh
[0.102s] -- Up-to-date symlink: /home/cjj/Desktop/RM_work/opencv_project/track_and_pnp/install/objective_track/share/objective_track/environment/ament_prefix_path.dsv
[0.102s] -- Up-to-date symlink: /home/cjj/Desktop/RM_work/opencv_project/track_and_pnp/install/objective_track/share/objective_track/environment/path.sh
[0.102s] -- Up-to-date symlink: /home/cjj/Desktop/RM_work/opencv_project/track_and_pnp/install/objective_track/share/objective_track/environment/path.dsv
[0.102s] -- Up-to-date symlink: /home/cjj/Desktop/RM_work/opencv_project/track_and_pnp/install/objective_track/share/objective_track/local_setup.bash
[0.102s] -- Up-to-date symlink: /home/cjj/Desktop/RM_work/opencv_project/track_and_pnp/install/objective_track/share/objective_track/local_setup.sh
[0.102s] -- Up-to-date symlink: /home/cjj/Desktop/RM_work/opencv_project/track_and_pnp/install/objective_track/share/objective_track/local_setup.zsh
[0.102s] -- Up-to-date symlink: /home/cjj/Desktop/RM_work/opencv_project/track_and_pnp/install/objective_track/share/objective_track/local_setup.dsv
[0.103s] -- Symlinking: /home/cjj/Desktop/RM_work/opencv_project/track_and_pnp/install/objective_track/share/objective_track/package.dsv
[0.112s] -- Up-to-date symlink: /home/cjj/Desktop/RM_work/opencv_project/track_and_pnp/install/objective_track/share/ament_index/resource_index/packages/objective_track
[0.112s] -- Up-to-date symlink: /home/cjj/Desktop/RM_work/opencv_project/track_and_pnp/install/objective_track/share/objective_track/cmake/objective_trackConfig.cmake
[0.113s] -- Up-to-date symlink: /home/cjj/Desktop/RM_work/opencv_project/track_and_pnp/install/objective_track/share/objective_track/cmake/objective_trackConfig-version.cmake
[0.113s] -- Up-to-date symlink: /home/cjj/Desktop/RM_work/opencv_project/track_and_pnp/install/objective_track/share/objective_track/package.xml
[0.115s] Invoked command in '/home/cjj/Desktop/RM_work/opencv_project/track_and_pnp/build/objective_track' returned '0': CMAKE_PREFIX_PATH=/home/cjj/Desktop/RM_work/opencv_project/track_and_pnp/install/my_interfaces:/home/cjj/Desktop/RM_work/opencv_project/track_and_pnp/install/show_position:/home/cjj/Desktop/RM_work/opencv_project/track_and_pnp/install/objective_track:/opt/ros/humble LD_LIBRARY_PATH=/home/cjj/Desktop/RM_work/opencv_project/track_and_pnp/install/my_interfaces/lib:/opt/ros/humble/opt/rviz_ogre_vendor/lib:/opt/ros/humble/lib/x86_64-linux-gnu:/opt/ros/humble/lib:/opt/MVS/lib/64:/opt/MVS/lib/32:/opt/intel/openvino/runtime/lib/intel64:/usr/local/lib:/opt/MVS/lib/64:/opt/MVS/lib/32:/opt/MVS/lib/64:/opt/MVS/lib/32 /usr/bin/cmake --install /home/cjj/Desktop/RM_work/opencv_project/track_and_pnp/build/objective_track
