[0.008s] Invoking command in '/home/cjj/Desktop/RM_work/opencv_project/track_and_pnp/build/objective_track': CMAKE_PREFIX_PATH=/home/cjj/Desktop/RM_work/opencv_project/track_and_pnp/install/my_interfaces:/home/cjj/Desktop/RM_work/opencv_project/track_and_pnp/install/objective_track:/opt/ros/humble LD_LIBRARY_PATH=/home/cjj/Desktop/RM_work/opencv_project/track_and_pnp/install/my_interfaces/lib:/opt/ros/humble/opt/rviz_ogre_vendor/lib:/opt/ros/humble/lib/x86_64-linux-gnu:/opt/ros/humble/lib:/opt/MVS/lib/64:/opt/MVS/lib/32:/opt/intel/openvino/runtime/lib/intel64:/usr/local/lib:/opt/MVS/lib/64:/opt/MVS/lib/32:/opt/MVS/lib/64:/opt/MVS/lib/32 /usr/bin/cmake --build /home/cjj/Desktop/RM_work/opencv_project/track_and_pnp/build/objective_track -- -j20 -l20
[0.044s] [35m[1mConsolidate compiler generated dependencies of target objective_track[0m
[0.060s] [ 25%] [32mBuilding CXX object CMakeFiles/objective_track.dir/src/main.cpp.o[0m
[3.069s] [ 50%] [32m[1mLinking CXX executable objective_track[0m
[3.401s] [100%] Built target objective_track
[3.411s] Invoked command in '/home/cjj/Desktop/RM_work/opencv_project/track_and_pnp/build/objective_track' returned '0': CMAKE_PREFIX_PATH=/home/cjj/Desktop/RM_work/opencv_project/track_and_pnp/install/my_interfaces:/home/cjj/Desktop/RM_work/opencv_project/track_and_pnp/install/objective_track:/opt/ros/humble LD_LIBRARY_PATH=/home/cjj/Desktop/RM_work/opencv_project/track_and_pnp/install/my_interfaces/lib:/opt/ros/humble/opt/rviz_ogre_vendor/lib:/opt/ros/humble/lib/x86_64-linux-gnu:/opt/ros/humble/lib:/opt/MVS/lib/64:/opt/MVS/lib/32:/opt/intel/openvino/runtime/lib/intel64:/usr/local/lib:/opt/MVS/lib/64:/opt/MVS/lib/32:/opt/MVS/lib/64:/opt/MVS/lib/32 /usr/bin/cmake --build /home/cjj/Desktop/RM_work/opencv_project/track_and_pnp/build/objective_track -- -j20 -l20
[3.437s] Invoking command in '/home/cjj/Desktop/RM_work/opencv_project/track_and_pnp/build/objective_track': CMAKE_PREFIX_PATH=/home/cjj/Desktop/RM_work/opencv_project/track_and_pnp/install/my_interfaces:/home/cjj/Desktop/RM_work/opencv_project/track_and_pnp/install/objective_track:/opt/ros/humble LD_LIBRARY_PATH=/home/cjj/Desktop/RM_work/opencv_project/track_and_pnp/install/my_interfaces/lib:/opt/ros/humble/opt/rviz_ogre_vendor/lib:/opt/ros/humble/lib/x86_64-linux-gnu:/opt/ros/humble/lib:/opt/MVS/lib/64:/opt/MVS/lib/32:/opt/intel/openvino/runtime/lib/intel64:/usr/local/lib:/opt/MVS/lib/64:/opt/MVS/lib/32:/opt/MVS/lib/64:/opt/MVS/lib/32 /usr/bin/cmake --install /home/cjj/Desktop/RM_work/opencv_project/track_and_pnp/build/objective_track
[3.442s] -- Install configuration: ""
[3.442s] -- Execute custom install script
[3.442s] -- Up-to-date symlink: /home/cjj/Desktop/RM_work/opencv_project/track_and_pnp/install/objective_track/lib/objective_track/objective_track
[3.442s] -- Up-to-date symlink: /home/cjj/Desktop/RM_work/opencv_project/track_and_pnp/install/objective_track/share/ament_index/resource_index/package_run_dependencies/objective_track
[3.443s] -- Up-to-date symlink: /home/cjj/Desktop/RM_work/opencv_project/track_and_pnp/install/objective_track/share/ament_index/resource_index/parent_prefix_path/objective_track
[3.443s] -- Up-to-date symlink: /home/cjj/Desktop/RM_work/opencv_project/track_and_pnp/install/objective_track/share/objective_track/environment/ament_prefix_path.sh
[3.443s] -- Up-to-date symlink: /home/cjj/Desktop/RM_work/opencv_project/track_and_pnp/install/objective_track/share/objective_track/environment/ament_prefix_path.dsv
[3.443s] -- Up-to-date symlink: /home/cjj/Desktop/RM_work/opencv_project/track_and_pnp/install/objective_track/share/objective_track/environment/path.sh
[3.443s] -- Up-to-date symlink: /home/cjj/Desktop/RM_work/opencv_project/track_and_pnp/install/objective_track/share/objective_track/environment/path.dsv
[3.443s] -- Up-to-date symlink: /home/cjj/Desktop/RM_work/opencv_project/track_and_pnp/install/objective_track/share/objective_track/local_setup.bash
[3.443s] -- Up-to-date symlink: /home/cjj/Desktop/RM_work/opencv_project/track_and_pnp/install/objective_track/share/objective_track/local_setup.sh
[3.443s] -- Up-to-date symlink: /home/cjj/Desktop/RM_work/opencv_project/track_and_pnp/install/objective_track/share/objective_track/local_setup.zsh
[3.443s] -- Up-to-date symlink: /home/cjj/Desktop/RM_work/opencv_project/track_and_pnp/install/objective_track/share/objective_track/local_setup.dsv
[3.443s] -- Symlinking: /home/cjj/Desktop/RM_work/opencv_project/track_and_pnp/install/objective_track/share/objective_track/package.dsv
[3.450s] -- Up-to-date symlink: /home/cjj/Desktop/RM_work/opencv_project/track_and_pnp/install/objective_track/share/ament_index/resource_index/packages/objective_track
[3.450s] -- Up-to-date symlink: /home/cjj/Desktop/RM_work/opencv_project/track_and_pnp/install/objective_track/share/objective_track/cmake/objective_trackConfig.cmake
[3.450s] -- Up-to-date symlink: /home/cjj/Desktop/RM_work/opencv_project/track_and_pnp/install/objective_track/share/objective_track/cmake/objective_trackConfig-version.cmake
[3.450s] -- Up-to-date symlink: /home/cjj/Desktop/RM_work/opencv_project/track_and_pnp/install/objective_track/share/objective_track/package.xml
[3.452s] Invoked command in '/home/cjj/Desktop/RM_work/opencv_project/track_and_pnp/build/objective_track' returned '0': CMAKE_PREFIX_PATH=/home/cjj/Desktop/RM_work/opencv_project/track_and_pnp/install/my_interfaces:/home/cjj/Desktop/RM_work/opencv_project/track_and_pnp/install/objective_track:/opt/ros/humble LD_LIBRARY_PATH=/home/cjj/Desktop/RM_work/opencv_project/track_and_pnp/install/my_interfaces/lib:/opt/ros/humble/opt/rviz_ogre_vendor/lib:/opt/ros/humble/lib/x86_64-linux-gnu:/opt/ros/humble/lib:/opt/MVS/lib/64:/opt/MVS/lib/32:/opt/intel/openvino/runtime/lib/intel64:/usr/local/lib:/opt/MVS/lib/64:/opt/MVS/lib/32:/opt/MVS/lib/64:/opt/MVS/lib/32 /usr/bin/cmake --install /home/cjj/Desktop/RM_work/opencv_project/track_and_pnp/build/objective_track
