[0.008s] Invoking command in '/home/cjj/Desktop/RM_work/opencv_project/track_and_pnp/build/show_position': CMAKE_PREFIX_PATH=/home/cjj/Desktop/RM_work/opencv_project/track_and_pnp/install/my_interfaces:/home/cjj/Desktop/RM_work/opencv_project/track_and_pnp/install/objective_track:/opt/ros/humble LD_LIBRARY_PATH=/home/cjj/Desktop/RM_work/opencv_project/track_and_pnp/install/my_interfaces/lib:/opt/ros/humble/opt/rviz_ogre_vendor/lib:/opt/ros/humble/lib/x86_64-linux-gnu:/opt/ros/humble/lib:/opt/MVS/lib/64:/opt/MVS/lib/32:/opt/intel/openvino/runtime/lib/intel64:/usr/local/lib:/opt/MVS/lib/64:/opt/MVS/lib/32:/opt/MVS/lib/64:/opt/MVS/lib/32 /usr/bin/cmake /home/cjj/Desktop/RM_work/opencv_project/track_and_pnp/src/show_position -DAMENT_CMAKE_SYMLINK_INSTALL=1 -DCMAKE_INSTALL_PREFIX=/home/cjj/Desktop/RM_work/opencv_project/track_and_pnp/install/show_position
[0.064s] -- The C compiler identification is GNU 11.4.0
[0.109s] -- The CXX compiler identification is GNU 11.4.0
[0.115s] -- Detecting C compiler ABI info
[0.171s] -- Detecting C compiler ABI info - done
[0.176s] -- Check for working C compiler: /usr/bin/cc - skipped
[0.176s] -- Detecting C compile features
[0.176s] -- Detecting C compile features - done
[0.179s] -- Detecting CXX compiler ABI info
[0.242s] -- Detecting CXX compiler ABI info - done
[0.249s] -- Check for working CXX compiler: /usr/bin/c++ - skipped
[0.250s] -- Detecting CXX compile features
[0.250s] -- Detecting CXX compile features - done
[0.252s] -- Found ament_cmake: 1.3.10 (/opt/ros/humble/share/ament_cmake/cmake)
[0.368s] -- Found Python3: /usr/bin/python3 (found version "3.10.12") found components: Interpreter 
[0.410s] -- Override CMake install command with custom implementation using symlinks instead of copying resources
[0.427s] -- Found my_interfaces: 0.0.0 (/home/cjj/Desktop/RM_work/opencv_project/track_and_pnp/install/my_interfaces/share/my_interfaces/cmake)
[0.449s] -- Found rosidl_generator_c: 3.1.5 (/opt/ros/humble/share/rosidl_generator_c/cmake)
[0.452s] -- Found rosidl_adapter: 3.1.5 (/opt/ros/humble/share/rosidl_adapter/cmake)
[0.456s] -- Found rosidl_generator_cpp: 3.1.5 (/opt/ros/humble/share/rosidl_generator_cpp/cmake)
[0.463s] -- Using all available rosidl_typesupport_c: rosidl_typesupport_fastrtps_c;rosidl_typesupport_introspection_c
[0.473s] -- Using all available rosidl_typesupport_cpp: rosidl_typesupport_fastrtps_cpp;rosidl_typesupport_introspection_cpp
[0.507s] -- Found rclcpp: 16.0.10 (/opt/ros/humble/share/rclcpp/cmake)
[0.530s] -- Found rmw_implementation_cmake: 6.1.2 (/opt/ros/humble/share/rmw_implementation_cmake/cmake)
[0.531s] -- Found rmw_fastrtps_cpp: 6.2.7 (/opt/ros/humble/share/rmw_fastrtps_cpp/cmake)
[0.590s] -- Found OpenSSL: /usr/lib/x86_64-linux-gnu/libcrypto.so (found version "3.0.2")  
[0.603s] -- Found FastRTPS: /opt/ros/humble/include  
[0.621s] -- Using RMW implementation 'rmw_fastrtps_cpp' as default
[0.627s] -- Looking for pthread.h
[0.684s] -- Looking for pthread.h - found
[0.684s] -- Performing Test CMAKE_HAVE_LIBC_PTHREAD
[0.741s] -- Performing Test CMAKE_HAVE_LIBC_PTHREAD - Success
[0.741s] -- Found Threads: TRUE  
[0.764s] -- Found visualization_msgs: 4.2.4 (/opt/ros/humble/share/visualization_msgs/cmake)
[0.788s] [31mCMake Error at /opt/ros/humble/share/ament_cmake_core/cmake/symlink_install/ament_cmake_symlink_install_targets.cmake:67 (message):
[0.788s]   ament_cmake_symlink_install_targets() 'objective_track' is not a target
[0.788s] Call Stack (most recent call first):
[0.788s]   /opt/ros/humble/share/ament_cmake_core/cmake/symlink_install/install.cmake:37 (ament_cmake_symlink_install_targets)
[0.789s]   CMakeLists.txt:25 (install)
[0.789s] 
[0.789s] [0m
[0.789s] -- Configuring incomplete, errors occurred!
[0.789s] See also "/home/cjj/Desktop/RM_work/opencv_project/track_and_pnp/build/show_position/CMakeFiles/CMakeOutput.log".
[0.797s] Invoked command in '/home/cjj/Desktop/RM_work/opencv_project/track_and_pnp/build/show_position' returned '1': CMAKE_PREFIX_PATH=/home/cjj/Desktop/RM_work/opencv_project/track_and_pnp/install/my_interfaces:/home/cjj/Desktop/RM_work/opencv_project/track_and_pnp/install/objective_track:/opt/ros/humble LD_LIBRARY_PATH=/home/cjj/Desktop/RM_work/opencv_project/track_and_pnp/install/my_interfaces/lib:/opt/ros/humble/opt/rviz_ogre_vendor/lib:/opt/ros/humble/lib/x86_64-linux-gnu:/opt/ros/humble/lib:/opt/MVS/lib/64:/opt/MVS/lib/32:/opt/intel/openvino/runtime/lib/intel64:/usr/local/lib:/opt/MVS/lib/64:/opt/MVS/lib/32:/opt/MVS/lib/64:/opt/MVS/lib/32 /usr/bin/cmake /home/cjj/Desktop/RM_work/opencv_project/track_and_pnp/src/show_position -DAMENT_CMAKE_SYMLINK_INSTALL=1 -DCMAKE_INSTALL_PREFIX=/home/cjj/Desktop/RM_work/opencv_project/track_and_pnp/install/show_position
