[0.057s] DEBUG:colcon:Command line arguments: ['/usr/bin/colcon', 'list', '-p', '--base-paths', '/home/cjj/Desktop/RM_work/opencv_project/track_and_pnp']
[0.057s] DEBUG:colcon:Parsed command line arguments: Namespace(log_base=None, log_level=None, verb_name='list', build_base='build', ignore_user_meta=False, metas=['./colcon.meta'], base_paths=['/home/cjj/Desktop/RM_work/opencv_project/track_and_pnp'], packages_ignore=None, packages_ignore_regex=None, paths=None, packages_up_to=None, packages_up_to_regex=None, packages_above=None, packages_above_and_dependencies=None, packages_above_depth=None, packages_select_by_dep=None, packages_skip_by_dep=None, packages_skip_up_to=None, packages_select_build_failed=False, packages_skip_build_finished=False, packages_select_test_failures=False, packages_skip_test_passed=False, packages_select=None, packages_skip=None, packages_select_regex=None, packages_skip_regex=None, packages_start=None, packages_end=None, allow_overriding=[], topological_order=False, names_only=False, paths_only=True, topological_graph=False, topological_graph_dot=False, topological_graph_density=False, topological_graph_legend=False, topological_graph_dot_cluster=False, topological_graph_dot_include_skipped=False, mixin_files=None, mixin=None, verb_parser=<colcon_mixin.mixin.mixin_argument.MixinArgumentDecorator object at 0x7970e244bb20>, verb_extension=<colcon_package_information.verb.list.ListVerb object at 0x7970e244ab60>, main=<bound method ListVerb.main of <colcon_package_information.verb.list.ListVerb object at 0x7970e244ab60>>, mixin_verb=('list',))
[0.150s] Level 1:colcon.colcon_core.package_discovery:discover_packages(colcon_meta) check parameters
[0.150s] Level 1:colcon.colcon_core.package_discovery:discover_packages(recursive) check parameters
[0.151s] Level 1:colcon.colcon_core.package_discovery:discover_packages(ignore) check parameters
[0.151s] Level 1:colcon.colcon_core.package_discovery:discover_packages(path) check parameters
[0.151s] Level 1:colcon.colcon_core.package_discovery:discover_packages(recursive) discover
[0.151s] INFO:colcon.colcon_core.package_discovery:Crawling recursively for packages in '/home/cjj/Desktop/RM_work/opencv_project/track_and_pnp'
[0.151s] Level 1:colcon.colcon_core.package_identification:_identify(/home/cjj/Desktop/RM_work/opencv_project/track_and_pnp) by extensions ['ignore', 'ignore_ament_install']
[0.151s] Level 1:colcon.colcon_core.package_identification:_identify(/home/cjj/Desktop/RM_work/opencv_project/track_and_pnp) by extension 'ignore'
[0.151s] Level 1:colcon.colcon_core.package_identification:_identify(/home/cjj/Desktop/RM_work/opencv_project/track_and_pnp) by extension 'ignore_ament_install'
[0.151s] Level 1:colcon.colcon_core.package_identification:_identify(/home/cjj/Desktop/RM_work/opencv_project/track_and_pnp) by extensions ['colcon_pkg']
[0.151s] Level 1:colcon.colcon_core.package_identification:_identify(/home/cjj/Desktop/RM_work/opencv_project/track_and_pnp) by extension 'colcon_pkg'
[0.151s] Level 1:colcon.colcon_core.package_identification:_identify(/home/cjj/Desktop/RM_work/opencv_project/track_and_pnp) by extensions ['colcon_meta']
[0.151s] Level 1:colcon.colcon_core.package_identification:_identify(/home/cjj/Desktop/RM_work/opencv_project/track_and_pnp) by extension 'colcon_meta'
[0.151s] Level 1:colcon.colcon_core.package_identification:_identify(/home/cjj/Desktop/RM_work/opencv_project/track_and_pnp) by extensions ['ros']
[0.151s] Level 1:colcon.colcon_core.package_identification:_identify(/home/cjj/Desktop/RM_work/opencv_project/track_and_pnp) by extension 'ros'
[0.159s] Level 1:colcon.colcon_core.package_identification:_identify(/home/cjj/Desktop/RM_work/opencv_project/track_and_pnp) by extensions ['cmake', 'python']
[0.159s] Level 1:colcon.colcon_core.package_identification:_identify(/home/cjj/Desktop/RM_work/opencv_project/track_and_pnp) by extension 'cmake'
[0.159s] Level 1:colcon.colcon_core.package_identification:_identify(/home/cjj/Desktop/RM_work/opencv_project/track_and_pnp) by extension 'python'
[0.159s] Level 1:colcon.colcon_core.package_identification:_identify(/home/cjj/Desktop/RM_work/opencv_project/track_and_pnp) by extensions ['python_setup_py']
[0.159s] Level 1:colcon.colcon_core.package_identification:_identify(/home/cjj/Desktop/RM_work/opencv_project/track_and_pnp) by extension 'python_setup_py'
[0.159s] Level 1:colcon.colcon_core.package_identification:_identify(/home/cjj/Desktop/RM_work/opencv_project/track_and_pnp/build) by extensions ['ignore', 'ignore_ament_install']
[0.159s] Level 1:colcon.colcon_core.package_identification:_identify(/home/cjj/Desktop/RM_work/opencv_project/track_and_pnp/build) by extension 'ignore'
[0.159s] Level 1:colcon.colcon_core.package_identification:_identify(/home/cjj/Desktop/RM_work/opencv_project/track_and_pnp/build) ignored
[0.159s] Level 1:colcon.colcon_core.package_identification:_identify(/home/cjj/Desktop/RM_work/opencv_project/track_and_pnp/install) by extensions ['ignore', 'ignore_ament_install']
[0.159s] Level 1:colcon.colcon_core.package_identification:_identify(/home/cjj/Desktop/RM_work/opencv_project/track_and_pnp/install) by extension 'ignore'
[0.159s] Level 1:colcon.colcon_core.package_identification:_identify(/home/cjj/Desktop/RM_work/opencv_project/track_and_pnp/install) ignored
[0.159s] Level 1:colcon.colcon_core.package_identification:_identify(/home/cjj/Desktop/RM_work/opencv_project/track_and_pnp/log) by extensions ['ignore', 'ignore_ament_install']
[0.159s] Level 1:colcon.colcon_core.package_identification:_identify(/home/cjj/Desktop/RM_work/opencv_project/track_and_pnp/log) by extension 'ignore'
[0.159s] Level 1:colcon.colcon_core.package_identification:_identify(/home/cjj/Desktop/RM_work/opencv_project/track_and_pnp/log) ignored
[0.159s] Level 1:colcon.colcon_core.package_identification:_identify(/home/cjj/Desktop/RM_work/opencv_project/track_and_pnp/src) by extensions ['ignore', 'ignore_ament_install']
[0.159s] Level 1:colcon.colcon_core.package_identification:_identify(/home/cjj/Desktop/RM_work/opencv_project/track_and_pnp/src) by extension 'ignore'
[0.159s] Level 1:colcon.colcon_core.package_identification:_identify(/home/cjj/Desktop/RM_work/opencv_project/track_and_pnp/src) by extension 'ignore_ament_install'
[0.159s] Level 1:colcon.colcon_core.package_identification:_identify(/home/cjj/Desktop/RM_work/opencv_project/track_and_pnp/src) by extensions ['colcon_pkg']
[0.159s] Level 1:colcon.colcon_core.package_identification:_identify(/home/cjj/Desktop/RM_work/opencv_project/track_and_pnp/src) by extension 'colcon_pkg'
[0.160s] Level 1:colcon.colcon_core.package_identification:_identify(/home/cjj/Desktop/RM_work/opencv_project/track_and_pnp/src) by extensions ['colcon_meta']
[0.160s] Level 1:colcon.colcon_core.package_identification:_identify(/home/cjj/Desktop/RM_work/opencv_project/track_and_pnp/src) by extension 'colcon_meta'
[0.160s] Level 1:colcon.colcon_core.package_identification:_identify(/home/cjj/Desktop/RM_work/opencv_project/track_and_pnp/src) by extensions ['ros']
[0.160s] Level 1:colcon.colcon_core.package_identification:_identify(/home/cjj/Desktop/RM_work/opencv_project/track_and_pnp/src) by extension 'ros'
[0.160s] Level 1:colcon.colcon_core.package_identification:_identify(/home/cjj/Desktop/RM_work/opencv_project/track_and_pnp/src) by extensions ['cmake', 'python']
[0.160s] Level 1:colcon.colcon_core.package_identification:_identify(/home/cjj/Desktop/RM_work/opencv_project/track_and_pnp/src) by extension 'cmake'
[0.160s] Level 1:colcon.colcon_core.package_identification:_identify(/home/cjj/Desktop/RM_work/opencv_project/track_and_pnp/src) by extension 'python'
[0.160s] Level 1:colcon.colcon_core.package_identification:_identify(/home/cjj/Desktop/RM_work/opencv_project/track_and_pnp/src) by extensions ['python_setup_py']
[0.160s] Level 1:colcon.colcon_core.package_identification:_identify(/home/cjj/Desktop/RM_work/opencv_project/track_and_pnp/src) by extension 'python_setup_py'
[0.160s] Level 1:colcon.colcon_core.package_identification:_identify(/home/cjj/Desktop/RM_work/opencv_project/track_and_pnp/src/my_interfaces) by extensions ['ignore', 'ignore_ament_install']
[0.160s] Level 1:colcon.colcon_core.package_identification:_identify(/home/cjj/Desktop/RM_work/opencv_project/track_and_pnp/src/my_interfaces) by extension 'ignore'
[0.160s] Level 1:colcon.colcon_core.package_identification:_identify(/home/cjj/Desktop/RM_work/opencv_project/track_and_pnp/src/my_interfaces) by extension 'ignore_ament_install'
[0.160s] Level 1:colcon.colcon_core.package_identification:_identify(/home/cjj/Desktop/RM_work/opencv_project/track_and_pnp/src/my_interfaces) by extensions ['colcon_pkg']
[0.160s] Level 1:colcon.colcon_core.package_identification:_identify(/home/cjj/Desktop/RM_work/opencv_project/track_and_pnp/src/my_interfaces) by extension 'colcon_pkg'
[0.160s] Level 1:colcon.colcon_core.package_identification:_identify(/home/cjj/Desktop/RM_work/opencv_project/track_and_pnp/src/my_interfaces) by extensions ['colcon_meta']
[0.160s] Level 1:colcon.colcon_core.package_identification:_identify(/home/cjj/Desktop/RM_work/opencv_project/track_and_pnp/src/my_interfaces) by extension 'colcon_meta'
[0.160s] Level 1:colcon.colcon_core.package_identification:_identify(/home/cjj/Desktop/RM_work/opencv_project/track_and_pnp/src/my_interfaces) by extensions ['ros']
[0.160s] Level 1:colcon.colcon_core.package_identification:_identify(/home/cjj/Desktop/RM_work/opencv_project/track_and_pnp/src/my_interfaces) by extension 'ros'
[0.162s] DEBUG:colcon.colcon_core.package_identification:Package '/home/cjj/Desktop/RM_work/opencv_project/track_and_pnp/src/my_interfaces' with type 'ros.ament_cmake' and name 'my_interfaces'
[0.162s] Level 1:colcon.colcon_core.package_identification:_identify(/home/cjj/Desktop/RM_work/opencv_project/track_and_pnp/src/objective_track) by extensions ['ignore', 'ignore_ament_install']
[0.162s] Level 1:colcon.colcon_core.package_identification:_identify(/home/cjj/Desktop/RM_work/opencv_project/track_and_pnp/src/objective_track) by extension 'ignore'
[0.162s] Level 1:colcon.colcon_core.package_identification:_identify(/home/cjj/Desktop/RM_work/opencv_project/track_and_pnp/src/objective_track) by extension 'ignore_ament_install'
[0.162s] Level 1:colcon.colcon_core.package_identification:_identify(/home/cjj/Desktop/RM_work/opencv_project/track_and_pnp/src/objective_track) by extensions ['colcon_pkg']
[0.162s] Level 1:colcon.colcon_core.package_identification:_identify(/home/cjj/Desktop/RM_work/opencv_project/track_and_pnp/src/objective_track) by extension 'colcon_pkg'
[0.162s] Level 1:colcon.colcon_core.package_identification:_identify(/home/cjj/Desktop/RM_work/opencv_project/track_and_pnp/src/objective_track) by extensions ['colcon_meta']
[0.162s] Level 1:colcon.colcon_core.package_identification:_identify(/home/cjj/Desktop/RM_work/opencv_project/track_and_pnp/src/objective_track) by extension 'colcon_meta'
[0.162s] Level 1:colcon.colcon_core.package_identification:_identify(/home/cjj/Desktop/RM_work/opencv_project/track_and_pnp/src/objective_track) by extensions ['ros']
[0.162s] Level 1:colcon.colcon_core.package_identification:_identify(/home/cjj/Desktop/RM_work/opencv_project/track_and_pnp/src/objective_track) by extension 'ros'
[0.163s] DEBUG:colcon.colcon_core.package_identification:Package '/home/cjj/Desktop/RM_work/opencv_project/track_and_pnp/src/objective_track' with type 'ros.ament_cmake' and name 'objective_track'
[0.163s] Level 1:colcon.colcon_core.package_discovery:discover_packages(recursive) using defaults
