-- Found ament_cmake: 1.3.10 (/opt/ros/humble/share/ament_cmake/cmake)
-- Override CMake install command with custom implementation using symlinks instead of copying resources
-- Found my_interfaces: 0.0.0 (/home/cjj/Desktop/RM_work/opencv_project/track_and_pnp/install/my_interfaces/share/my_interfaces/cmake)
-- Found rosidl_generator_c: 3.1.5 (/opt/ros/humble/share/rosidl_generator_c/cmake)
-- Found rosidl_adapter: 3.1.5 (/opt/ros/humble/share/rosidl_adapter/cmake)
-- Found rosidl_generator_cpp: 3.1.5 (/opt/ros/humble/share/rosidl_generator_cpp/cmake)
-- Using all available rosidl_typesupport_c: rosidl_typesupport_fastrtps_c;rosidl_typesupport_introspection_c
-- Using all available rosidl_typesupport_cpp: rosidl_typesupport_fastrtps_cpp;rosidl_typesupport_introspection_cpp
-- Found rclcpp: 16.0.10 (/opt/ros/humble/share/rclcpp/cmake)
-- Found rmw_implementation_cmake: 6.1.2 (/opt/ros/humble/share/rmw_implementation_cmake/cmake)
-- Found rmw_fastrtps_cpp: 6.2.7 (/opt/ros/humble/share/rmw_fastrtps_cpp/cmake)
-- Using RMW implementation 'rmw_fastrtps_cpp' as default
-- Found visualization_msgs: 4.2.4 (/opt/ros/humble/share/visualization_msgs/cmake)
-- Found ament_lint_auto: 0.12.11 (/opt/ros/humble/share/ament_lint_auto/cmake)
-- Added test 'cppcheck' to perform static code analysis on C / C++ code
-- Configured cppcheck include dirs: 
-- Configured cppcheck exclude dirs and/or files: 
-- Added test 'lint_cmake' to check CMake code style
-- Added test 'uncrustify' to check C / C++ code style
-- Configured uncrustify additional arguments: 
-- Added test 'xmllint' to check XML markup files
-- Configuring done
[33mCMake Warning (dev) at CMakeLists.txt:14 (add_executable):
  Policy CMP0115 is not set: Source file extensions must be explicit.  Run
  "cmake --help-policy CMP0115" for policy details.  Use the cmake_policy
  command to set the policy and suppress this warning.

  File:

    /home/cjj/Desktop/RM_work/opencv_project/track_and_pnp/src/show_position/src/show_position.cpp
This warning is for project developers.  Use -Wno-dev to suppress it.
[0m
-- Generating done
-- Build files have been written to: /home/cjj/Desktop/RM_work/opencv_project/track_and_pnp/build/show_position
[ 50%] [32mBuilding CXX object CMakeFiles/show_position.dir/src/show_position.cpp.o[0m
[100%] [32m[1mLinking CXX executable show_position[0m
[100%] Built target show_position
-- Install configuration: ""
-- Execute custom install script
-- Symlinking: /home/cjj/Desktop/RM_work/opencv_project/track_and_pnp/install/show_position/lib/show_position/show_position
-- Symlinking: /home/cjj/Desktop/RM_work/opencv_project/track_and_pnp/install/show_position/share/ament_index/resource_index/package_run_dependencies/show_position
-- Symlinking: /home/cjj/Desktop/RM_work/opencv_project/track_and_pnp/install/show_position/share/ament_index/resource_index/parent_prefix_path/show_position
-- Symlinking: /home/cjj/Desktop/RM_work/opencv_project/track_and_pnp/install/show_position/share/show_position/environment/ament_prefix_path.sh
-- Symlinking: /home/cjj/Desktop/RM_work/opencv_project/track_and_pnp/install/show_position/share/show_position/environment/ament_prefix_path.dsv
-- Symlinking: /home/cjj/Desktop/RM_work/opencv_project/track_and_pnp/install/show_position/share/show_position/environment/path.sh
-- Symlinking: /home/cjj/Desktop/RM_work/opencv_project/track_and_pnp/install/show_position/share/show_position/environment/path.dsv
-- Symlinking: /home/cjj/Desktop/RM_work/opencv_project/track_and_pnp/install/show_position/share/show_position/local_setup.bash
-- Symlinking: /home/cjj/Desktop/RM_work/opencv_project/track_and_pnp/install/show_position/share/show_position/local_setup.sh
-- Symlinking: /home/cjj/Desktop/RM_work/opencv_project/track_and_pnp/install/show_position/share/show_position/local_setup.zsh
-- Symlinking: /home/cjj/Desktop/RM_work/opencv_project/track_and_pnp/install/show_position/share/show_position/local_setup.dsv
-- Symlinking: /home/cjj/Desktop/RM_work/opencv_project/track_and_pnp/install/show_position/share/show_position/package.dsv
-- Symlinking: /home/cjj/Desktop/RM_work/opencv_project/track_and_pnp/install/show_position/share/ament_index/resource_index/packages/show_position
-- Symlinking: /home/cjj/Desktop/RM_work/opencv_project/track_and_pnp/install/show_position/share/show_position/cmake/show_positionConfig.cmake
-- Symlinking: /home/cjj/Desktop/RM_work/opencv_project/track_and_pnp/install/show_position/share/show_position/cmake/show_positionConfig-version.cmake
-- Symlinking: /home/cjj/Desktop/RM_work/opencv_project/track_and_pnp/install/show_position/share/show_position/package.xml
