[0.007s] Invoking command in '/home/cjj/Desktop/RM_work/opencv_project/track_and_pnp/build/show_position': CMAKE_PREFIX_PATH=/home/cjj/Desktop/RM_work/opencv_project/track_and_pnp/install/my_interfaces:/home/cjj/Desktop/RM_work/opencv_project/track_and_pnp/install/objective_track:/opt/ros/humble LD_LIBRARY_PATH=/home/cjj/Desktop/RM_work/opencv_project/track_and_pnp/install/my_interfaces/lib:/opt/ros/humble/opt/rviz_ogre_vendor/lib:/opt/ros/humble/lib/x86_64-linux-gnu:/opt/ros/humble/lib:/opt/MVS/lib/64:/opt/MVS/lib/32:/opt/intel/openvino/runtime/lib/intel64:/usr/local/lib:/opt/MVS/lib/64:/opt/MVS/lib/32:/opt/MVS/lib/64:/opt/MVS/lib/32 /usr/bin/cmake /home/cjj/Desktop/RM_work/opencv_project/track_and_pnp/src/show_position -DAMENT_CMAKE_SYMLINK_INSTALL=1 -DCMAKE_INSTALL_PREFIX=/home/cjj/Desktop/RM_work/opencv_project/track_and_pnp/install/show_position
[0.014s] -- Found ament_cmake: 1.3.10 (/opt/ros/humble/share/ament_cmake/cmake)
[0.099s] -- Override CMake install command with custom implementation using symlinks instead of copying resources
[0.104s] -- Found my_interfaces: 0.0.0 (/home/cjj/Desktop/RM_work/opencv_project/track_and_pnp/install/my_interfaces/share/my_interfaces/cmake)
[0.119s] -- Found rosidl_generator_c: 3.1.5 (/opt/ros/humble/share/rosidl_generator_c/cmake)
[0.121s] -- Found rosidl_adapter: 3.1.5 (/opt/ros/humble/share/rosidl_adapter/cmake)
[0.124s] -- Found rosidl_generator_cpp: 3.1.5 (/opt/ros/humble/share/rosidl_generator_cpp/cmake)
[0.130s] -- Using all available rosidl_typesupport_c: rosidl_typesupport_fastrtps_c;rosidl_typesupport_introspection_c
[0.137s] -- Using all available rosidl_typesupport_cpp: rosidl_typesupport_fastrtps_cpp;rosidl_typesupport_introspection_cpp
[0.165s] -- Found rclcpp: 16.0.10 (/opt/ros/humble/share/rclcpp/cmake)
[0.179s] -- Found rmw_implementation_cmake: 6.1.2 (/opt/ros/humble/share/rmw_implementation_cmake/cmake)
[0.180s] -- Found rmw_fastrtps_cpp: 6.2.7 (/opt/ros/humble/share/rmw_fastrtps_cpp/cmake)
[0.222s] -- Using RMW implementation 'rmw_fastrtps_cpp' as default
[0.243s] -- Found visualization_msgs: 4.2.4 (/opt/ros/humble/share/visualization_msgs/cmake)
[0.264s] -- Found ament_lint_auto: 0.12.11 (/opt/ros/humble/share/ament_lint_auto/cmake)
[0.310s] -- Added test 'cppcheck' to perform static code analysis on C / C++ code
[0.310s] -- Configured cppcheck include dirs: 
[0.310s] -- Configured cppcheck exclude dirs and/or files: 
[0.311s] -- Added test 'lint_cmake' to check CMake code style
[0.311s] -- Added test 'uncrustify' to check C / C++ code style
[0.311s] -- Configured uncrustify additional arguments: 
[0.311s] -- Added test 'xmllint' to check XML markup files
[0.312s] -- Configuring done
[0.314s] [33mCMake Warning (dev) at CMakeLists.txt:14 (add_executable):
[0.314s]   Policy CMP0115 is not set: Source file extensions must be explicit.  Run
[0.314s]   "cmake --help-policy CMP0115" for policy details.  Use the cmake_policy
[0.314s]   command to set the policy and suppress this warning.
[0.314s] 
[0.314s]   File:
[0.314s] 
[0.314s]     /home/cjj/Desktop/RM_work/opencv_project/track_and_pnp/src/show_position/src/show_position.cpp
[0.314s] This warning is for project developers.  Use -Wno-dev to suppress it.
[0.314s] [0m
[0.318s] -- Generating done
[0.319s] -- Build files have been written to: /home/cjj/Desktop/RM_work/opencv_project/track_and_pnp/build/show_position
[0.325s] Invoked command in '/home/cjj/Desktop/RM_work/opencv_project/track_and_pnp/build/show_position' returned '0': CMAKE_PREFIX_PATH=/home/cjj/Desktop/RM_work/opencv_project/track_and_pnp/install/my_interfaces:/home/cjj/Desktop/RM_work/opencv_project/track_and_pnp/install/objective_track:/opt/ros/humble LD_LIBRARY_PATH=/home/cjj/Desktop/RM_work/opencv_project/track_and_pnp/install/my_interfaces/lib:/opt/ros/humble/opt/rviz_ogre_vendor/lib:/opt/ros/humble/lib/x86_64-linux-gnu:/opt/ros/humble/lib:/opt/MVS/lib/64:/opt/MVS/lib/32:/opt/intel/openvino/runtime/lib/intel64:/usr/local/lib:/opt/MVS/lib/64:/opt/MVS/lib/32:/opt/MVS/lib/64:/opt/MVS/lib/32 /usr/bin/cmake /home/cjj/Desktop/RM_work/opencv_project/track_and_pnp/src/show_position -DAMENT_CMAKE_SYMLINK_INSTALL=1 -DCMAKE_INSTALL_PREFIX=/home/cjj/Desktop/RM_work/opencv_project/track_and_pnp/install/show_position
[0.326s] Invoking command in '/home/cjj/Desktop/RM_work/opencv_project/track_and_pnp/build/show_position': CMAKE_PREFIX_PATH=/home/cjj/Desktop/RM_work/opencv_project/track_and_pnp/install/my_interfaces:/home/cjj/Desktop/RM_work/opencv_project/track_and_pnp/install/objective_track:/opt/ros/humble LD_LIBRARY_PATH=/home/cjj/Desktop/RM_work/opencv_project/track_and_pnp/install/my_interfaces/lib:/opt/ros/humble/opt/rviz_ogre_vendor/lib:/opt/ros/humble/lib/x86_64-linux-gnu:/opt/ros/humble/lib:/opt/MVS/lib/64:/opt/MVS/lib/32:/opt/intel/openvino/runtime/lib/intel64:/usr/local/lib:/opt/MVS/lib/64:/opt/MVS/lib/32:/opt/MVS/lib/64:/opt/MVS/lib/32 /usr/bin/cmake --build /home/cjj/Desktop/RM_work/opencv_project/track_and_pnp/build/show_position -- -j20 -l20
[0.362s] [ 50%] [32mBuilding CXX object CMakeFiles/show_position.dir/src/show_position.cpp.o[0m
[5.079s] [100%] [32m[1mLinking CXX executable show_position[0m
[5.325s] [100%] Built target show_position
[5.335s] Invoked command in '/home/cjj/Desktop/RM_work/opencv_project/track_and_pnp/build/show_position' returned '0': CMAKE_PREFIX_PATH=/home/cjj/Desktop/RM_work/opencv_project/track_and_pnp/install/my_interfaces:/home/cjj/Desktop/RM_work/opencv_project/track_and_pnp/install/objective_track:/opt/ros/humble LD_LIBRARY_PATH=/home/cjj/Desktop/RM_work/opencv_project/track_and_pnp/install/my_interfaces/lib:/opt/ros/humble/opt/rviz_ogre_vendor/lib:/opt/ros/humble/lib/x86_64-linux-gnu:/opt/ros/humble/lib:/opt/MVS/lib/64:/opt/MVS/lib/32:/opt/intel/openvino/runtime/lib/intel64:/usr/local/lib:/opt/MVS/lib/64:/opt/MVS/lib/32:/opt/MVS/lib/64:/opt/MVS/lib/32 /usr/bin/cmake --build /home/cjj/Desktop/RM_work/opencv_project/track_and_pnp/build/show_position -- -j20 -l20
[5.355s] Invoking command in '/home/cjj/Desktop/RM_work/opencv_project/track_and_pnp/build/show_position': CMAKE_PREFIX_PATH=/home/cjj/Desktop/RM_work/opencv_project/track_and_pnp/install/my_interfaces:/home/cjj/Desktop/RM_work/opencv_project/track_and_pnp/install/objective_track:/opt/ros/humble LD_LIBRARY_PATH=/home/cjj/Desktop/RM_work/opencv_project/track_and_pnp/install/my_interfaces/lib:/opt/ros/humble/opt/rviz_ogre_vendor/lib:/opt/ros/humble/lib/x86_64-linux-gnu:/opt/ros/humble/lib:/opt/MVS/lib/64:/opt/MVS/lib/32:/opt/intel/openvino/runtime/lib/intel64:/usr/local/lib:/opt/MVS/lib/64:/opt/MVS/lib/32:/opt/MVS/lib/64:/opt/MVS/lib/32 /usr/bin/cmake --install /home/cjj/Desktop/RM_work/opencv_project/track_and_pnp/build/show_position
[5.360s] -- Install configuration: ""
[5.360s] -- Execute custom install script
[5.360s] -- Symlinking: /home/cjj/Desktop/RM_work/opencv_project/track_and_pnp/install/show_position/lib/show_position/show_position
[5.366s] -- Symlinking: /home/cjj/Desktop/RM_work/opencv_project/track_and_pnp/install/show_position/share/ament_index/resource_index/package_run_dependencies/show_position
[5.374s] -- Symlinking: /home/cjj/Desktop/RM_work/opencv_project/track_and_pnp/install/show_position/share/ament_index/resource_index/parent_prefix_path/show_position
[5.380s] -- Symlinking: /home/cjj/Desktop/RM_work/opencv_project/track_and_pnp/install/show_position/share/show_position/environment/ament_prefix_path.sh
[5.387s] -- Symlinking: /home/cjj/Desktop/RM_work/opencv_project/track_and_pnp/install/show_position/share/show_position/environment/ament_prefix_path.dsv
[5.392s] -- Symlinking: /home/cjj/Desktop/RM_work/opencv_project/track_and_pnp/install/show_position/share/show_position/environment/path.sh
[5.398s] -- Symlinking: /home/cjj/Desktop/RM_work/opencv_project/track_and_pnp/install/show_position/share/show_position/environment/path.dsv
[5.404s] -- Symlinking: /home/cjj/Desktop/RM_work/opencv_project/track_and_pnp/install/show_position/share/show_position/local_setup.bash
[5.409s] -- Symlinking: /home/cjj/Desktop/RM_work/opencv_project/track_and_pnp/install/show_position/share/show_position/local_setup.sh
[5.416s] -- Symlinking: /home/cjj/Desktop/RM_work/opencv_project/track_and_pnp/install/show_position/share/show_position/local_setup.zsh
[5.422s] -- Symlinking: /home/cjj/Desktop/RM_work/opencv_project/track_and_pnp/install/show_position/share/show_position/local_setup.dsv
[5.427s] -- Symlinking: /home/cjj/Desktop/RM_work/opencv_project/track_and_pnp/install/show_position/share/show_position/package.dsv
[5.432s] -- Symlinking: /home/cjj/Desktop/RM_work/opencv_project/track_and_pnp/install/show_position/share/ament_index/resource_index/packages/show_position
[5.438s] -- Symlinking: /home/cjj/Desktop/RM_work/opencv_project/track_and_pnp/install/show_position/share/show_position/cmake/show_positionConfig.cmake
[5.444s] -- Symlinking: /home/cjj/Desktop/RM_work/opencv_project/track_and_pnp/install/show_position/share/show_position/cmake/show_positionConfig-version.cmake
[5.449s] -- Symlinking: /home/cjj/Desktop/RM_work/opencv_project/track_and_pnp/install/show_position/share/show_position/package.xml
[5.455s] Invoked command in '/home/cjj/Desktop/RM_work/opencv_project/track_and_pnp/build/show_position' returned '0': CMAKE_PREFIX_PATH=/home/cjj/Desktop/RM_work/opencv_project/track_and_pnp/install/my_interfaces:/home/cjj/Desktop/RM_work/opencv_project/track_and_pnp/install/objective_track:/opt/ros/humble LD_LIBRARY_PATH=/home/cjj/Desktop/RM_work/opencv_project/track_and_pnp/install/my_interfaces/lib:/opt/ros/humble/opt/rviz_ogre_vendor/lib:/opt/ros/humble/lib/x86_64-linux-gnu:/opt/ros/humble/lib:/opt/MVS/lib/64:/opt/MVS/lib/32:/opt/intel/openvino/runtime/lib/intel64:/usr/local/lib:/opt/MVS/lib/64:/opt/MVS/lib/32:/opt/MVS/lib/64:/opt/MVS/lib/32 /usr/bin/cmake --install /home/cjj/Desktop/RM_work/opencv_project/track_and_pnp/build/show_position
