[0.007s] Invoking command in '/home/cjj/Desktop/RM_work/opencv_project/track_and_pnp/build/my_interfaces': CMAKE_PREFIX_PATH=${CMAKE_PREFIX_PATH}:/opt/ros/humble /usr/bin/cmake --build /home/cjj/Desktop/RM_work/opencv_project/track_and_pnp/build/my_interfaces -- -j20 -l20
[0.044s] [  3%] Built target my_interfaces__cpp
[0.045s] [ 12%] Built target my_interfaces__rosidl_generator_c
[0.049s] [ 12%] Built target ament_cmake_python_symlink_my_interfaces
[0.058s] [ 32%] Built target my_interfaces__rosidl_typesupport_cpp
[0.058s] [ 32%] Built target my_interfaces__rosidl_typesupport_fastrtps_cpp
[0.060s] [ 41%] Built target my_interfaces__rosidl_typesupport_introspection_c
[0.062s] [ 58%] Built target my_interfaces__rosidl_typesupport_introspection_cpp
[0.063s] [ 61%] Built target my_interfaces__rosidl_typesupport_c
[0.063s] [ 70%] Built target my_interfaces__rosidl_typesupport_fastrtps_c
[0.078s] [ 70%] Built target my_interfaces
[0.093s] [ 74%] Built target my_interfaces__py
[0.111s] [ 80%] Built target my_interfaces__rosidl_generator_py
[0.128s] [ 93%] Built target my_interfaces__rosidl_typesupport_c__pyext
[0.128s] [ 93%] Built target my_interfaces__rosidl_typesupport_fastrtps_c__pyext
[0.129s] [100%] Built target my_interfaces__rosidl_typesupport_introspection_c__pyext
[0.185s] running egg_info
[0.186s] writing my_interfaces.egg-info/PKG-INFO
[0.186s] writing dependency_links to my_interfaces.egg-info/dependency_links.txt
[0.186s] writing top-level names to my_interfaces.egg-info/top_level.txt
[0.187s] reading manifest file 'my_interfaces.egg-info/SOURCES.txt'
[0.188s] writing manifest file 'my_interfaces.egg-info/SOURCES.txt'
[0.205s] [100%] Built target ament_cmake_python_build_my_interfaces_egg
[0.215s] Invoked command in '/home/cjj/Desktop/RM_work/opencv_project/track_and_pnp/build/my_interfaces' returned '0': CMAKE_PREFIX_PATH=${CMAKE_PREFIX_PATH}:/opt/ros/humble /usr/bin/cmake --build /home/cjj/Desktop/RM_work/opencv_project/track_and_pnp/build/my_interfaces -- -j20 -l20
[0.270s] Invoking command in '/home/cjj/Desktop/RM_work/opencv_project/track_and_pnp/build/my_interfaces': CMAKE_PREFIX_PATH=${CMAKE_PREFIX_PATH}:/opt/ros/humble /usr/bin/cmake --install /home/cjj/Desktop/RM_work/opencv_project/track_and_pnp/build/my_interfaces
[0.276s] -- Install configuration: ""
[0.277s] -- Execute custom install script
[0.277s] -- Up-to-date symlink: /home/cjj/Desktop/RM_work/opencv_project/track_and_pnp/install/my_interfaces/share/ament_index/resource_index/rosidl_interfaces/my_interfaces
[0.277s] -- Up-to-date symlink: /home/cjj/Desktop/RM_work/opencv_project/track_and_pnp/install/my_interfaces/include/my_interfaces/my_interfaces/msg/detail/position__functions.h
[0.277s] -- Up-to-date symlink: /home/cjj/Desktop/RM_work/opencv_project/track_and_pnp/install/my_interfaces/include/my_interfaces/my_interfaces/msg/detail/position__struct.h
[0.277s] -- Up-to-date symlink: /home/cjj/Desktop/RM_work/opencv_project/track_and_pnp/install/my_interfaces/include/my_interfaces/my_interfaces/msg/detail/position__type_support.h
[0.277s] -- Up-to-date symlink: /home/cjj/Desktop/RM_work/opencv_project/track_and_pnp/install/my_interfaces/include/my_interfaces/my_interfaces/msg/position.h
[0.277s] -- Up-to-date symlink: /home/cjj/Desktop/RM_work/opencv_project/track_and_pnp/install/my_interfaces/include/my_interfaces/my_interfaces/msg/rosidl_generator_c__visibility_control.h
[0.277s] -- Up-to-date symlink: /home/cjj/Desktop/RM_work/opencv_project/track_and_pnp/install/my_interfaces/share/my_interfaces/environment/library_path.sh
[0.277s] -- Up-to-date symlink: /home/cjj/Desktop/RM_work/opencv_project/track_and_pnp/install/my_interfaces/share/my_interfaces/environment/library_path.dsv
[0.278s] -- Up-to-date symlink: /home/cjj/Desktop/RM_work/opencv_project/track_and_pnp/install/my_interfaces/include/my_interfaces/my_interfaces/msg/detail/position__rosidl_typesupport_fastrtps_c.h
[0.278s] -- Up-to-date symlink: /home/cjj/Desktop/RM_work/opencv_project/track_and_pnp/install/my_interfaces/include/my_interfaces/my_interfaces/msg/rosidl_typesupport_fastrtps_c__visibility_control.h
[0.278s] -- Up-to-date symlink: /home/cjj/Desktop/RM_work/opencv_project/track_and_pnp/install/my_interfaces/include/my_interfaces/my_interfaces/msg/detail/position__builder.hpp
[0.278s] -- Up-to-date symlink: /home/cjj/Desktop/RM_work/opencv_project/track_and_pnp/install/my_interfaces/include/my_interfaces/my_interfaces/msg/detail/position__struct.hpp
[0.278s] -- Up-to-date symlink: /home/cjj/Desktop/RM_work/opencv_project/track_and_pnp/install/my_interfaces/include/my_interfaces/my_interfaces/msg/detail/position__traits.hpp
[0.278s] -- Up-to-date symlink: /home/cjj/Desktop/RM_work/opencv_project/track_and_pnp/install/my_interfaces/include/my_interfaces/my_interfaces/msg/position.hpp
[0.278s] -- Up-to-date symlink: /home/cjj/Desktop/RM_work/opencv_project/track_and_pnp/install/my_interfaces/include/my_interfaces/my_interfaces/msg/detail/position__rosidl_typesupport_fastrtps_cpp.hpp
[0.278s] -- Up-to-date symlink: /home/cjj/Desktop/RM_work/opencv_project/track_and_pnp/install/my_interfaces/include/my_interfaces/my_interfaces/msg/rosidl_typesupport_fastrtps_cpp__visibility_control.h
[0.278s] -- Up-to-date symlink: /home/cjj/Desktop/RM_work/opencv_project/track_and_pnp/install/my_interfaces/include/my_interfaces/my_interfaces/msg/detail/position__rosidl_typesupport_introspection_c.h
[0.279s] -- Up-to-date symlink: /home/cjj/Desktop/RM_work/opencv_project/track_and_pnp/install/my_interfaces/include/my_interfaces/my_interfaces/msg/rosidl_typesupport_introspection_c__visibility_control.h
[0.279s] -- Up-to-date symlink: /home/cjj/Desktop/RM_work/opencv_project/track_and_pnp/install/my_interfaces/include/my_interfaces/my_interfaces/msg/detail/position__rosidl_typesupport_introspection_cpp.hpp
[0.279s] -- Up-to-date symlink: /home/cjj/Desktop/RM_work/opencv_project/track_and_pnp/install/my_interfaces/share/my_interfaces/environment/pythonpath.sh
[0.279s] -- Up-to-date symlink: /home/cjj/Desktop/RM_work/opencv_project/track_and_pnp/install/my_interfaces/share/my_interfaces/environment/pythonpath.dsv
[0.279s] -- Up-to-date symlink: /home/cjj/Desktop/RM_work/opencv_project/track_and_pnp/install/my_interfaces/local/lib/python3.10/dist-packages/my_interfaces-0.0.0-py3.10.egg-info/PKG-INFO
[0.279s] -- Up-to-date symlink: /home/cjj/Desktop/RM_work/opencv_project/track_and_pnp/install/my_interfaces/local/lib/python3.10/dist-packages/my_interfaces-0.0.0-py3.10.egg-info/SOURCES.txt
[0.279s] -- Up-to-date symlink: /home/cjj/Desktop/RM_work/opencv_project/track_and_pnp/install/my_interfaces/local/lib/python3.10/dist-packages/my_interfaces-0.0.0-py3.10.egg-info/dependency_links.txt
[0.279s] -- Up-to-date symlink: /home/cjj/Desktop/RM_work/opencv_project/track_and_pnp/install/my_interfaces/local/lib/python3.10/dist-packages/my_interfaces-0.0.0-py3.10.egg-info/top_level.txt
[0.279s] -- Up-to-date symlink: /home/cjj/Desktop/RM_work/opencv_project/track_and_pnp/install/my_interfaces/local/lib/python3.10/dist-packages/my_interfaces/__init__.py
[0.280s] -- Up-to-date symlink: /home/cjj/Desktop/RM_work/opencv_project/track_and_pnp/install/my_interfaces/local/lib/python3.10/dist-packages/my_interfaces/_my_interfaces_s.ep.rosidl_typesupport_c.c
[0.280s] -- Up-to-date symlink: /home/cjj/Desktop/RM_work/opencv_project/track_and_pnp/install/my_interfaces/local/lib/python3.10/dist-packages/my_interfaces/_my_interfaces_s.ep.rosidl_typesupport_fastrtps_c.c
[0.280s] -- Up-to-date symlink: /home/cjj/Desktop/RM_work/opencv_project/track_and_pnp/install/my_interfaces/local/lib/python3.10/dist-packages/my_interfaces/_my_interfaces_s.ep.rosidl_typesupport_introspection_c.c
[0.280s] -- Up-to-date symlink: /home/cjj/Desktop/RM_work/opencv_project/track_and_pnp/install/my_interfaces/local/lib/python3.10/dist-packages/my_interfaces/libmy_interfaces__rosidl_generator_py.so
[0.280s] -- Up-to-date symlink: /home/cjj/Desktop/RM_work/opencv_project/track_and_pnp/install/my_interfaces/local/lib/python3.10/dist-packages/my_interfaces/msg/__init__.py
[0.280s] -- Up-to-date symlink: /home/cjj/Desktop/RM_work/opencv_project/track_and_pnp/install/my_interfaces/local/lib/python3.10/dist-packages/my_interfaces/msg/_position.py
[0.280s] -- Up-to-date symlink: /home/cjj/Desktop/RM_work/opencv_project/track_and_pnp/install/my_interfaces/local/lib/python3.10/dist-packages/my_interfaces/msg/_position_s.c
[0.280s] -- Up-to-date symlink: /home/cjj/Desktop/RM_work/opencv_project/track_and_pnp/install/my_interfaces/local/lib/python3.10/dist-packages/my_interfaces/my_interfaces_s__rosidl_typesupport_c.cpython-310-x86_64-linux-gnu.so
[0.280s] -- Up-to-date symlink: /home/cjj/Desktop/RM_work/opencv_project/track_and_pnp/install/my_interfaces/local/lib/python3.10/dist-packages/my_interfaces/my_interfaces_s__rosidl_typesupport_fastrtps_c.cpython-310-x86_64-linux-gnu.so
[0.280s] -- Up-to-date symlink: /home/cjj/Desktop/RM_work/opencv_project/track_and_pnp/install/my_interfaces/local/lib/python3.10/dist-packages/my_interfaces/my_interfaces_s__rosidl_typesupport_introspection_c.cpython-310-x86_64-linux-gnu.so
[0.280s] -- Up-to-date symlink: /home/cjj/Desktop/RM_work/opencv_project/track_and_pnp/install/my_interfaces/local/lib/python3.10/dist-packages/my_interfaces/my_interfaces_s__rosidl_typesupport_fastrtps_c.cpython-310-x86_64-linux-gnu.so
[0.280s] -- Up-to-date symlink: /home/cjj/Desktop/RM_work/opencv_project/track_and_pnp/install/my_interfaces/local/lib/python3.10/dist-packages/my_interfaces/my_interfaces_s__rosidl_typesupport_introspection_c.cpython-310-x86_64-linux-gnu.so
[0.280s] -- Up-to-date symlink: /home/cjj/Desktop/RM_work/opencv_project/track_and_pnp/install/my_interfaces/local/lib/python3.10/dist-packages/my_interfaces/my_interfaces_s__rosidl_typesupport_c.cpython-310-x86_64-linux-gnu.so
[0.280s] -- Up-to-date symlink: /home/cjj/Desktop/RM_work/opencv_project/track_and_pnp/install/my_interfaces/share/my_interfaces/msg/Position.idl
[0.281s] -- Up-to-date symlink: /home/cjj/Desktop/RM_work/opencv_project/track_and_pnp/install/my_interfaces/share/my_interfaces/msg/Position.msg
[0.281s] -- Up-to-date symlink: /home/cjj/Desktop/RM_work/opencv_project/track_and_pnp/install/my_interfaces/share/ament_index/resource_index/package_run_dependencies/my_interfaces
[0.281s] -- Up-to-date symlink: /home/cjj/Desktop/RM_work/opencv_project/track_and_pnp/install/my_interfaces/share/ament_index/resource_index/parent_prefix_path/my_interfaces
[0.281s] -- Up-to-date symlink: /home/cjj/Desktop/RM_work/opencv_project/track_and_pnp/install/my_interfaces/share/my_interfaces/environment/ament_prefix_path.sh
[0.281s] -- Up-to-date symlink: /home/cjj/Desktop/RM_work/opencv_project/track_and_pnp/install/my_interfaces/share/my_interfaces/environment/ament_prefix_path.dsv
[0.281s] -- Up-to-date symlink: /home/cjj/Desktop/RM_work/opencv_project/track_and_pnp/install/my_interfaces/share/my_interfaces/environment/path.sh
[0.281s] -- Up-to-date symlink: /home/cjj/Desktop/RM_work/opencv_project/track_and_pnp/install/my_interfaces/share/my_interfaces/environment/path.dsv
[0.281s] -- Up-to-date symlink: /home/cjj/Desktop/RM_work/opencv_project/track_and_pnp/install/my_interfaces/share/my_interfaces/local_setup.bash
[0.281s] -- Up-to-date symlink: /home/cjj/Desktop/RM_work/opencv_project/track_and_pnp/install/my_interfaces/share/my_interfaces/local_setup.sh
[0.281s] -- Up-to-date symlink: /home/cjj/Desktop/RM_work/opencv_project/track_and_pnp/install/my_interfaces/share/my_interfaces/local_setup.zsh
[0.281s] -- Up-to-date symlink: /home/cjj/Desktop/RM_work/opencv_project/track_and_pnp/install/my_interfaces/share/my_interfaces/local_setup.dsv
[0.281s] -- Symlinking: /home/cjj/Desktop/RM_work/opencv_project/track_and_pnp/install/my_interfaces/share/my_interfaces/package.dsv
[0.288s] -- Up-to-date symlink: /home/cjj/Desktop/RM_work/opencv_project/track_and_pnp/install/my_interfaces/share/ament_index/resource_index/packages/my_interfaces
[0.288s] -- Up-to-date symlink: /home/cjj/Desktop/RM_work/opencv_project/track_and_pnp/install/my_interfaces/share/my_interfaces/cmake/rosidl_cmake-extras.cmake
[0.288s] -- Up-to-date symlink: /home/cjj/Desktop/RM_work/opencv_project/track_and_pnp/install/my_interfaces/share/my_interfaces/cmake/ament_cmake_export_dependencies-extras.cmake
[0.288s] -- Up-to-date symlink: /home/cjj/Desktop/RM_work/opencv_project/track_and_pnp/install/my_interfaces/share/my_interfaces/cmake/ament_cmake_export_include_directories-extras.cmake
[0.288s] -- Up-to-date symlink: /home/cjj/Desktop/RM_work/opencv_project/track_and_pnp/install/my_interfaces/share/my_interfaces/cmake/ament_cmake_export_libraries-extras.cmake
[0.288s] -- Up-to-date symlink: /home/cjj/Desktop/RM_work/opencv_project/track_and_pnp/install/my_interfaces/share/my_interfaces/cmake/ament_cmake_export_targets-extras.cmake
[0.288s] -- Up-to-date symlink: /home/cjj/Desktop/RM_work/opencv_project/track_and_pnp/install/my_interfaces/share/my_interfaces/cmake/rosidl_cmake_export_typesupport_targets-extras.cmake
[0.288s] -- Up-to-date symlink: /home/cjj/Desktop/RM_work/opencv_project/track_and_pnp/install/my_interfaces/share/my_interfaces/cmake/rosidl_cmake_export_typesupport_libraries-extras.cmake
[0.289s] -- Up-to-date symlink: /home/cjj/Desktop/RM_work/opencv_project/track_and_pnp/install/my_interfaces/share/my_interfaces/cmake/my_interfacesConfig.cmake
[0.289s] -- Up-to-date symlink: /home/cjj/Desktop/RM_work/opencv_project/track_and_pnp/install/my_interfaces/share/my_interfaces/cmake/my_interfacesConfig-version.cmake
[0.289s] -- Up-to-date symlink: /home/cjj/Desktop/RM_work/opencv_project/track_and_pnp/install/my_interfaces/share/my_interfaces/package.xml
[0.289s] -- Up-to-date: /home/cjj/Desktop/RM_work/opencv_project/track_and_pnp/install/my_interfaces/lib/libmy_interfaces__rosidl_generator_c.so
[0.289s] -- Up-to-date: /home/cjj/Desktop/RM_work/opencv_project/track_and_pnp/install/my_interfaces/lib/libmy_interfaces__rosidl_typesupport_fastrtps_c.so
[0.289s] -- Up-to-date: /home/cjj/Desktop/RM_work/opencv_project/track_and_pnp/install/my_interfaces/lib/libmy_interfaces__rosidl_typesupport_fastrtps_cpp.so
[0.289s] -- Up-to-date: /home/cjj/Desktop/RM_work/opencv_project/track_and_pnp/install/my_interfaces/lib/libmy_interfaces__rosidl_typesupport_introspection_c.so
[0.289s] -- Up-to-date: /home/cjj/Desktop/RM_work/opencv_project/track_and_pnp/install/my_interfaces/lib/libmy_interfaces__rosidl_typesupport_c.so
[0.289s] -- Up-to-date: /home/cjj/Desktop/RM_work/opencv_project/track_and_pnp/install/my_interfaces/lib/libmy_interfaces__rosidl_typesupport_introspection_cpp.so
[0.289s] -- Up-to-date: /home/cjj/Desktop/RM_work/opencv_project/track_and_pnp/install/my_interfaces/lib/libmy_interfaces__rosidl_typesupport_cpp.so
[0.309s] Listing '/home/cjj/Desktop/RM_work/opencv_project/track_and_pnp/install/my_interfaces/local/lib/python3.10/dist-packages/my_interfaces'...
[0.309s] Listing '/home/cjj/Desktop/RM_work/opencv_project/track_and_pnp/install/my_interfaces/local/lib/python3.10/dist-packages/my_interfaces/msg'...
[0.312s] -- Up-to-date: /home/cjj/Desktop/RM_work/opencv_project/track_and_pnp/install/my_interfaces/lib/libmy_interfaces__rosidl_generator_py.so
[0.312s] -- Up-to-date: /home/cjj/Desktop/RM_work/opencv_project/track_and_pnp/install/my_interfaces/share/my_interfaces/cmake/export_my_interfaces__rosidl_generator_cExport.cmake
[0.312s] -- Up-to-date: /home/cjj/Desktop/RM_work/opencv_project/track_and_pnp/install/my_interfaces/share/my_interfaces/cmake/export_my_interfaces__rosidl_generator_cExport-noconfig.cmake
[0.312s] -- Up-to-date: /home/cjj/Desktop/RM_work/opencv_project/track_and_pnp/install/my_interfaces/share/my_interfaces/cmake/export_my_interfaces__rosidl_typesupport_fastrtps_cExport.cmake
[0.312s] -- Up-to-date: /home/cjj/Desktop/RM_work/opencv_project/track_and_pnp/install/my_interfaces/share/my_interfaces/cmake/export_my_interfaces__rosidl_typesupport_fastrtps_cExport-noconfig.cmake
[0.312s] -- Up-to-date: /home/cjj/Desktop/RM_work/opencv_project/track_and_pnp/install/my_interfaces/share/my_interfaces/cmake/export_my_interfaces__rosidl_generator_cppExport.cmake
[0.312s] -- Up-to-date: /home/cjj/Desktop/RM_work/opencv_project/track_and_pnp/install/my_interfaces/share/my_interfaces/cmake/export_my_interfaces__rosidl_typesupport_fastrtps_cppExport.cmake
[0.312s] -- Up-to-date: /home/cjj/Desktop/RM_work/opencv_project/track_and_pnp/install/my_interfaces/share/my_interfaces/cmake/export_my_interfaces__rosidl_typesupport_fastrtps_cppExport-noconfig.cmake
[0.312s] -- Up-to-date: /home/cjj/Desktop/RM_work/opencv_project/track_and_pnp/install/my_interfaces/share/my_interfaces/cmake/my_interfaces__rosidl_typesupport_introspection_cExport.cmake
[0.312s] -- Up-to-date: /home/cjj/Desktop/RM_work/opencv_project/track_and_pnp/install/my_interfaces/share/my_interfaces/cmake/my_interfaces__rosidl_typesupport_introspection_cExport-noconfig.cmake
[0.312s] -- Up-to-date: /home/cjj/Desktop/RM_work/opencv_project/track_and_pnp/install/my_interfaces/share/my_interfaces/cmake/my_interfaces__rosidl_typesupport_cExport.cmake
[0.312s] -- Up-to-date: /home/cjj/Desktop/RM_work/opencv_project/track_and_pnp/install/my_interfaces/share/my_interfaces/cmake/my_interfaces__rosidl_typesupport_cExport-noconfig.cmake
[0.312s] -- Up-to-date: /home/cjj/Desktop/RM_work/opencv_project/track_and_pnp/install/my_interfaces/share/my_interfaces/cmake/my_interfaces__rosidl_typesupport_introspection_cppExport.cmake
[0.312s] -- Up-to-date: /home/cjj/Desktop/RM_work/opencv_project/track_and_pnp/install/my_interfaces/share/my_interfaces/cmake/my_interfaces__rosidl_typesupport_introspection_cppExport-noconfig.cmake
[0.312s] -- Up-to-date: /home/cjj/Desktop/RM_work/opencv_project/track_and_pnp/install/my_interfaces/share/my_interfaces/cmake/my_interfaces__rosidl_typesupport_cppExport.cmake
[0.312s] -- Up-to-date: /home/cjj/Desktop/RM_work/opencv_project/track_and_pnp/install/my_interfaces/share/my_interfaces/cmake/my_interfaces__rosidl_typesupport_cppExport-noconfig.cmake
[0.313s] -- Up-to-date: /home/cjj/Desktop/RM_work/opencv_project/track_and_pnp/install/my_interfaces/share/my_interfaces/cmake/export_my_interfaces__rosidl_generator_pyExport.cmake
[0.313s] -- Up-to-date: /home/cjj/Desktop/RM_work/opencv_project/track_and_pnp/install/my_interfaces/share/my_interfaces/cmake/export_my_interfaces__rosidl_generator_pyExport-noconfig.cmake
[0.314s] Invoked command in '/home/cjj/Desktop/RM_work/opencv_project/track_and_pnp/build/my_interfaces' returned '0': CMAKE_PREFIX_PATH=${CMAKE_PREFIX_PATH}:/opt/ros/humble /usr/bin/cmake --install /home/cjj/Desktop/RM_work/opencv_project/track_and_pnp/build/my_interfaces
