[0.010s] Invoking command in '/home/cjj/Desktop/RM_work/opencv_project/track_and_pnp/build/show_position': CMAKE_PREFIX_PATH=/home/cjj/Desktop/RM_work/opencv_project/track_and_pnp/install/my_interfaces:/home/cjj/Desktop/RM_work/opencv_project/track_and_pnp/install/objective_track:/opt/ros/humble LD_LIBRARY_PATH=/home/cjj/Desktop/RM_work/opencv_project/track_and_pnp/install/my_interfaces/lib:/opt/ros/humble/opt/rviz_ogre_vendor/lib:/opt/ros/humble/lib/x86_64-linux-gnu:/opt/ros/humble/lib:/opt/MVS/lib/64:/opt/MVS/lib/32:/opt/intel/openvino/runtime/lib/intel64:/usr/local/lib:/opt/MVS/lib/64:/opt/MVS/lib/32:/opt/MVS/lib/64:/opt/MVS/lib/32 /usr/bin/cmake /home/cjj/Desktop/RM_work/opencv_project/track_and_pnp/src/show_position -DAMENT_CMAKE_SYMLINK_INSTALL=1 -DCMAKE_INSTALL_PREFIX=/home/cjj/Desktop/RM_work/opencv_project/track_and_pnp/install/show_position
[0.019s] -- Found ament_cmake: 1.3.10 (/opt/ros/humble/share/ament_cmake/cmake)
[0.107s] -- Override CMake install command with custom implementation using symlinks instead of copying resources
[0.113s] -- Found my_interfaces: 0.0.0 (/home/cjj/Desktop/RM_work/opencv_project/track_and_pnp/install/my_interfaces/share/my_interfaces/cmake)
[0.130s] -- Found rosidl_generator_c: 3.1.5 (/opt/ros/humble/share/rosidl_generator_c/cmake)
[0.132s] -- Found rosidl_adapter: 3.1.5 (/opt/ros/humble/share/rosidl_adapter/cmake)
[0.136s] -- Found rosidl_generator_cpp: 3.1.5 (/opt/ros/humble/share/rosidl_generator_cpp/cmake)
[0.142s] -- Using all available rosidl_typesupport_c: rosidl_typesupport_fastrtps_c;rosidl_typesupport_introspection_c
[0.150s] -- Using all available rosidl_typesupport_cpp: rosidl_typesupport_fastrtps_cpp;rosidl_typesupport_introspection_cpp
[0.180s] -- Found rclcpp: 16.0.10 (/opt/ros/humble/share/rclcpp/cmake)
[0.194s] -- Found rmw_implementation_cmake: 6.1.2 (/opt/ros/humble/share/rmw_implementation_cmake/cmake)
[0.195s] -- Found rmw_fastrtps_cpp: 6.2.7 (/opt/ros/humble/share/rmw_fastrtps_cpp/cmake)
[0.240s] -- Using RMW implementation 'rmw_fastrtps_cpp' as default
[0.262s] -- Found visualization_msgs: 4.2.4 (/opt/ros/humble/share/visualization_msgs/cmake)
[0.283s] -- Configuring incomplete, errors occurred!
[0.283s] See also "/home/cjj/Desktop/RM_work/opencv_project/track_and_pnp/build/show_position/CMakeFiles/CMakeOutput.log".
[0.283s] [31mCMake Error at /opt/ros/humble/share/ament_cmake_core/cmake/symlink_install/ament_cmake_symlink_install_targets.cmake:67 (message):
[0.283s]   ament_cmake_symlink_install_targets() 'objective_track' is not a target
[0.283s] Call Stack (most recent call first):
[0.283s]   /opt/ros/humble/share/ament_cmake_core/cmake/symlink_install/install.cmake:37 (ament_cmake_symlink_install_targets)
[0.283s]   CMakeLists.txt:25 (install)
[0.283s] 
[0.283s] [0m
[0.289s] Invoked command in '/home/cjj/Desktop/RM_work/opencv_project/track_and_pnp/build/show_position' returned '1': CMAKE_PREFIX_PATH=/home/cjj/Desktop/RM_work/opencv_project/track_and_pnp/install/my_interfaces:/home/cjj/Desktop/RM_work/opencv_project/track_and_pnp/install/objective_track:/opt/ros/humble LD_LIBRARY_PATH=/home/cjj/Desktop/RM_work/opencv_project/track_and_pnp/install/my_interfaces/lib:/opt/ros/humble/opt/rviz_ogre_vendor/lib:/opt/ros/humble/lib/x86_64-linux-gnu:/opt/ros/humble/lib:/opt/MVS/lib/64:/opt/MVS/lib/32:/opt/intel/openvino/runtime/lib/intel64:/usr/local/lib:/opt/MVS/lib/64:/opt/MVS/lib/32:/opt/MVS/lib/64:/opt/MVS/lib/32 /usr/bin/cmake /home/cjj/Desktop/RM_work/opencv_project/track_and_pnp/src/show_position -DAMENT_CMAKE_SYMLINK_INSTALL=1 -DCMAKE_INSTALL_PREFIX=/home/cjj/Desktop/RM_work/opencv_project/track_and_pnp/install/show_position
