[0.007s] Invoking command in '/home/cjj/Desktop/RM_work/opencv_project/track_and_pnp/build/objective_track': CMAKE_PREFIX_PATH=/home/cjj/Desktop/RM_work/opencv_project/track_and_pnp/install/my_interfaces:/home/cjj/Desktop/RM_work/opencv_project/track_and_pnp/install/objective_track:/opt/ros/humble LD_LIBRARY_PATH=/home/cjj/Desktop/RM_work/opencv_project/track_and_pnp/install/my_interfaces/lib:/opt/ros/humble/opt/rviz_ogre_vendor/lib:/opt/ros/humble/lib/x86_64-linux-gnu:/opt/ros/humble/lib:/opt/MVS/lib/64:/opt/MVS/lib/32:/opt/intel/openvino/runtime/lib/intel64:/usr/local/lib:/opt/MVS/lib/64:/opt/MVS/lib/32:/opt/MVS/lib/64:/opt/MVS/lib/32 /usr/bin/cmake --build /home/cjj/Desktop/RM_work/opencv_project/track_and_pnp/build/objective_track -- -j20 -l20
[0.030s] -- Found ament_cmake: 1.3.10 (/opt/ros/humble/share/ament_cmake/cmake)
[0.112s] -- Override CMake install command with custom implementation using symlinks instead of copying resources
[0.116s] -- Found rclcpp: 16.0.10 (/opt/ros/humble/share/rclcpp/cmake)
[0.133s] -- Found rosidl_generator_c: 3.1.5 (/opt/ros/humble/share/rosidl_generator_c/cmake)
[0.134s] -- Found rosidl_adapter: 3.1.5 (/opt/ros/humble/share/rosidl_adapter/cmake)
[0.138s] -- Found rosidl_generator_cpp: 3.1.5 (/opt/ros/humble/share/rosidl_generator_cpp/cmake)
[0.143s] -- Using all available rosidl_typesupport_c: rosidl_typesupport_fastrtps_c;rosidl_typesupport_introspection_c
[0.150s] -- Using all available rosidl_typesupport_cpp: rosidl_typesupport_fastrtps_cpp;rosidl_typesupport_introspection_cpp
[0.167s] -- Found rmw_implementation_cmake: 6.1.2 (/opt/ros/humble/share/rmw_implementation_cmake/cmake)
[0.167s] -- Found rmw_fastrtps_cpp: 6.2.7 (/opt/ros/humble/share/rmw_fastrtps_cpp/cmake)
[0.208s] -- Using RMW implementation 'rmw_fastrtps_cpp' as default
[0.236s] -- Found my_interfaces: 0.0.0 (/home/cjj/Desktop/RM_work/opencv_project/track_and_pnp/install/my_interfaces/share/my_interfaces/cmake)
[0.252s] -- Found visualization_msgs: 4.2.4 (/opt/ros/humble/share/visualization_msgs/cmake)
[0.273s] -- Found ament_lint_auto: 0.12.11 (/opt/ros/humble/share/ament_lint_auto/cmake)
[0.320s] -- Added test 'cppcheck' to perform static code analysis on C / C++ code
[0.320s] -- Configured cppcheck include dirs: /home/cjj/Desktop/RM_work/opencv_project/track_and_pnp/src/objective_track/include/objective_track
[0.320s] -- Configured cppcheck exclude dirs and/or files: 
[0.320s] -- Added test 'lint_cmake' to check CMake code style
[0.320s] -- Added test 'uncrustify' to check C / C++ code style
[0.320s] -- Configured uncrustify additional arguments: 
[0.320s] -- Added test 'xmllint' to check XML markup files
[0.321s] -- Configuring done
[0.330s] -- Generating done
[0.331s] -- Build files have been written to: /home/cjj/Desktop/RM_work/opencv_project/track_and_pnp/build/objective_track
[0.355s] [35m[1mConsolidate compiler generated dependencies of target objective_track[0m
[0.374s] [ 25%] [32mBuilding CXX object CMakeFiles/objective_track.dir/src/Pose_calculator.cpp.o[0m
[0.376s] [ 50%] [32mBuilding CXX object CMakeFiles/objective_track.dir/src/main.cpp.o[0m
[0.376s] [ 75%] [32mBuilding CXX object CMakeFiles/objective_track.dir/src/objective_track.cpp.o[0m
[1.687s] [01m[K/home/cjj/Desktop/RM_work/opencv_project/track_and_pnp/src/objective_track/src/objective_track.cpp:[m[K In function ‘[01m[Kvoid track(cv::Scalar, cv::Scalar, cv::Mat&, std::vector<cv::Point_<double> >&)[m[K’:
[1.687s] [01m[K/home/cjj/Desktop/RM_work/opencv_project/track_and_pnp/src/objective_track/src/objective_track.cpp:34:23:[m[K [01;35m[Kwarning: [m[Kcomparison of integer expressions of different signedness: ‘[01m[Kint[m[K’ and ‘[01m[Kstd::vector<std::vector<cv::Point_<int> > >::size_type[m[K’ {aka ‘[01m[Klong unsigned int[m[K’} [[01;35m[K]8;;https://gcc.gnu.org/onlinedocs/gcc/Warning-Options.html#index-Wsign-compare-Wsign-compare]8;;[m[K]
[1.687s]    34 |     for (int i = 0; [01;35m[Ki < contours.size()[m[K; i++){
[1.687s]       |                     [01;35m[K~~^~~~~~~~~~~~~~~~~[m[K
[3.464s] [100%] [32m[1mLinking CXX executable objective_track[0m
[3.788s] [100%] Built target objective_track
[3.795s] Invoked command in '/home/cjj/Desktop/RM_work/opencv_project/track_and_pnp/build/objective_track' returned '0': CMAKE_PREFIX_PATH=/home/cjj/Desktop/RM_work/opencv_project/track_and_pnp/install/my_interfaces:/home/cjj/Desktop/RM_work/opencv_project/track_and_pnp/install/objective_track:/opt/ros/humble LD_LIBRARY_PATH=/home/cjj/Desktop/RM_work/opencv_project/track_and_pnp/install/my_interfaces/lib:/opt/ros/humble/opt/rviz_ogre_vendor/lib:/opt/ros/humble/lib/x86_64-linux-gnu:/opt/ros/humble/lib:/opt/MVS/lib/64:/opt/MVS/lib/32:/opt/intel/openvino/runtime/lib/intel64:/usr/local/lib:/opt/MVS/lib/64:/opt/MVS/lib/32:/opt/MVS/lib/64:/opt/MVS/lib/32 /usr/bin/cmake --build /home/cjj/Desktop/RM_work/opencv_project/track_and_pnp/build/objective_track -- -j20 -l20
[3.820s] Invoking command in '/home/cjj/Desktop/RM_work/opencv_project/track_and_pnp/build/objective_track': CMAKE_PREFIX_PATH=/home/cjj/Desktop/RM_work/opencv_project/track_and_pnp/install/my_interfaces:/home/cjj/Desktop/RM_work/opencv_project/track_and_pnp/install/objective_track:/opt/ros/humble LD_LIBRARY_PATH=/home/cjj/Desktop/RM_work/opencv_project/track_and_pnp/install/my_interfaces/lib:/opt/ros/humble/opt/rviz_ogre_vendor/lib:/opt/ros/humble/lib/x86_64-linux-gnu:/opt/ros/humble/lib:/opt/MVS/lib/64:/opt/MVS/lib/32:/opt/intel/openvino/runtime/lib/intel64:/usr/local/lib:/opt/MVS/lib/64:/opt/MVS/lib/32:/opt/MVS/lib/64:/opt/MVS/lib/32 /usr/bin/cmake --install /home/cjj/Desktop/RM_work/opencv_project/track_and_pnp/build/objective_track
[3.824s] -- Install configuration: ""
[3.825s] -- Execute custom install script
[3.825s] -- Up-to-date symlink: /home/cjj/Desktop/RM_work/opencv_project/track_and_pnp/install/objective_track/lib/objective_track/objective_track
[3.825s] -- Up-to-date symlink: /home/cjj/Desktop/RM_work/opencv_project/track_and_pnp/install/objective_track/share/ament_index/resource_index/package_run_dependencies/objective_track
[3.825s] -- Up-to-date symlink: /home/cjj/Desktop/RM_work/opencv_project/track_and_pnp/install/objective_track/share/ament_index/resource_index/parent_prefix_path/objective_track
[3.825s] -- Up-to-date symlink: /home/cjj/Desktop/RM_work/opencv_project/track_and_pnp/install/objective_track/share/objective_track/environment/ament_prefix_path.sh
[3.825s] -- Up-to-date symlink: /home/cjj/Desktop/RM_work/opencv_project/track_and_pnp/install/objective_track/share/objective_track/environment/ament_prefix_path.dsv
[3.825s] -- Up-to-date symlink: /home/cjj/Desktop/RM_work/opencv_project/track_and_pnp/install/objective_track/share/objective_track/environment/path.sh
[3.825s] -- Up-to-date symlink: /home/cjj/Desktop/RM_work/opencv_project/track_and_pnp/install/objective_track/share/objective_track/environment/path.dsv
[3.825s] -- Up-to-date symlink: /home/cjj/Desktop/RM_work/opencv_project/track_and_pnp/install/objective_track/share/objective_track/local_setup.bash
[3.825s] -- Up-to-date symlink: /home/cjj/Desktop/RM_work/opencv_project/track_and_pnp/install/objective_track/share/objective_track/local_setup.sh
[3.825s] -- Up-to-date symlink: /home/cjj/Desktop/RM_work/opencv_project/track_and_pnp/install/objective_track/share/objective_track/local_setup.zsh
[3.826s] -- Up-to-date symlink: /home/cjj/Desktop/RM_work/opencv_project/track_and_pnp/install/objective_track/share/objective_track/local_setup.dsv
[3.826s] -- Symlinking: /home/cjj/Desktop/RM_work/opencv_project/track_and_pnp/install/objective_track/share/objective_track/package.dsv
[3.831s] -- Up-to-date symlink: /home/cjj/Desktop/RM_work/opencv_project/track_and_pnp/install/objective_track/share/ament_index/resource_index/packages/objective_track
[3.831s] -- Up-to-date symlink: /home/cjj/Desktop/RM_work/opencv_project/track_and_pnp/install/objective_track/share/objective_track/cmake/objective_trackConfig.cmake
[3.831s] -- Up-to-date symlink: /home/cjj/Desktop/RM_work/opencv_project/track_and_pnp/install/objective_track/share/objective_track/cmake/objective_trackConfig-version.cmake
[3.831s] -- Up-to-date symlink: /home/cjj/Desktop/RM_work/opencv_project/track_and_pnp/install/objective_track/share/objective_track/package.xml
[3.832s] Invoked command in '/home/cjj/Desktop/RM_work/opencv_project/track_and_pnp/build/objective_track' returned '0': CMAKE_PREFIX_PATH=/home/cjj/Desktop/RM_work/opencv_project/track_and_pnp/install/my_interfaces:/home/cjj/Desktop/RM_work/opencv_project/track_and_pnp/install/objective_track:/opt/ros/humble LD_LIBRARY_PATH=/home/cjj/Desktop/RM_work/opencv_project/track_and_pnp/install/my_interfaces/lib:/opt/ros/humble/opt/rviz_ogre_vendor/lib:/opt/ros/humble/lib/x86_64-linux-gnu:/opt/ros/humble/lib:/opt/MVS/lib/64:/opt/MVS/lib/32:/opt/intel/openvino/runtime/lib/intel64:/usr/local/lib:/opt/MVS/lib/64:/opt/MVS/lib/32:/opt/MVS/lib/64:/opt/MVS/lib/32 /usr/bin/cmake --install /home/cjj/Desktop/RM_work/opencv_project/track_and_pnp/build/objective_track
