[0.073s] DEBUG:colcon:Command line arguments: ['/usr/bin/colcon', 'build', '--symlink-install']
[0.073s] DEBUG:colcon:Parsed command line arguments: Namespace(log_base=None, log_level=None, verb_name='build', build_base='build', install_base='install', merge_install=False, symlink_install=True, test_result_base=None, continue_on_error=False, executor='parallel', parallel_workers=20, event_handlers=None, ignore_user_meta=False, metas=['./colcon.meta'], base_paths=['.'], packages_ignore=None, packages_ignore_regex=None, paths=None, packages_up_to=None, packages_up_to_regex=None, packages_above=None, packages_above_and_dependencies=None, packages_above_depth=None, packages_select_by_dep=None, packages_skip_by_dep=None, packages_skip_up_to=None, packages_select_build_failed=False, packages_skip_build_finished=False, packages_select_test_failures=False, packages_skip_test_passed=False, packages_select=None, packages_skip=None, packages_select_regex=None, packages_skip_regex=None, packages_start=None, packages_end=None, allow_overriding=[], cmake_args=None, cmake_target=None, cmake_target_skip_unavailable=False, cmake_clean_cache=False, cmake_clean_first=False, cmake_force_configure=False, ament_cmake_args=None, catkin_cmake_args=None, catkin_skip_building_tests=False, mixin_files=None, mixin=None, verb_parser=<colcon_mixin.mixin.mixin_argument.MixinArgumentDecorator object at 0x7b01dc04aa40>, verb_extension=<colcon_core.verb.build.BuildVerb object at 0x7b01dc04a2c0>, main=<bound method BuildVerb.main of <colcon_core.verb.build.BuildVerb object at 0x7b01dc04a2c0>>, mixin_verb=('build',))
[0.172s] Level 1:colcon.colcon_core.package_discovery:discover_packages(colcon_meta) check parameters
[0.172s] Level 1:colcon.colcon_core.package_discovery:discover_packages(recursive) check parameters
[0.172s] Level 1:colcon.colcon_core.package_discovery:discover_packages(ignore) check parameters
[0.172s] Level 1:colcon.colcon_core.package_discovery:discover_packages(path) check parameters
[0.172s] Level 1:colcon.colcon_core.package_discovery:discover_packages(colcon_meta) discover
[0.172s] Level 1:colcon.colcon_core.package_discovery:discover_packages(recursive) discover
[0.172s] INFO:colcon.colcon_core.package_discovery:Crawling recursively for packages in '/home/cjj/Desktop/RM_work/opencv_project/track_and_pnp'
[0.172s] Level 1:colcon.colcon_core.package_identification:_identify(.) by extensions ['ignore', 'ignore_ament_install']
[0.172s] Level 1:colcon.colcon_core.package_identification:_identify(.) by extension 'ignore'
[0.172s] Level 1:colcon.colcon_core.package_identification:_identify(.) by extension 'ignore_ament_install'
[0.172s] Level 1:colcon.colcon_core.package_identification:_identify(.) by extensions ['colcon_pkg']
[0.172s] Level 1:colcon.colcon_core.package_identification:_identify(.) by extension 'colcon_pkg'
[0.172s] Level 1:colcon.colcon_core.package_identification:_identify(.) by extensions ['colcon_meta']
[0.172s] Level 1:colcon.colcon_core.package_identification:_identify(.) by extension 'colcon_meta'
[0.172s] Level 1:colcon.colcon_core.package_identification:_identify(.) by extensions ['ros']
[0.172s] Level 1:colcon.colcon_core.package_identification:_identify(.) by extension 'ros'
[0.179s] Level 1:colcon.colcon_core.package_identification:_identify(.) by extensions ['cmake', 'python']
[0.179s] Level 1:colcon.colcon_core.package_identification:_identify(.) by extension 'cmake'
[0.179s] Level 1:colcon.colcon_core.package_identification:_identify(.) by extension 'python'
[0.179s] Level 1:colcon.colcon_core.package_identification:_identify(.) by extensions ['python_setup_py']
[0.179s] Level 1:colcon.colcon_core.package_identification:_identify(.) by extension 'python_setup_py'
[0.179s] Level 1:colcon.colcon_core.package_identification:_identify(build) by extensions ['ignore', 'ignore_ament_install']
[0.180s] Level 1:colcon.colcon_core.package_identification:_identify(build) by extension 'ignore'
[0.180s] Level 1:colcon.colcon_core.package_identification:_identify(build) ignored
[0.180s] Level 1:colcon.colcon_core.package_identification:_identify(install) by extensions ['ignore', 'ignore_ament_install']
[0.180s] Level 1:colcon.colcon_core.package_identification:_identify(install) by extension 'ignore'
[0.180s] Level 1:colcon.colcon_core.package_identification:_identify(install) ignored
[0.180s] Level 1:colcon.colcon_core.package_identification:_identify(log) by extensions ['ignore', 'ignore_ament_install']
[0.180s] Level 1:colcon.colcon_core.package_identification:_identify(log) by extension 'ignore'
[0.180s] Level 1:colcon.colcon_core.package_identification:_identify(log) ignored
[0.180s] Level 1:colcon.colcon_core.package_identification:_identify(src) by extensions ['ignore', 'ignore_ament_install']
[0.180s] Level 1:colcon.colcon_core.package_identification:_identify(src) by extension 'ignore'
[0.180s] Level 1:colcon.colcon_core.package_identification:_identify(src) by extension 'ignore_ament_install'
[0.180s] Level 1:colcon.colcon_core.package_identification:_identify(src) by extensions ['colcon_pkg']
[0.180s] Level 1:colcon.colcon_core.package_identification:_identify(src) by extension 'colcon_pkg'
[0.180s] Level 1:colcon.colcon_core.package_identification:_identify(src) by extensions ['colcon_meta']
[0.180s] Level 1:colcon.colcon_core.package_identification:_identify(src) by extension 'colcon_meta'
[0.180s] Level 1:colcon.colcon_core.package_identification:_identify(src) by extensions ['ros']
[0.180s] Level 1:colcon.colcon_core.package_identification:_identify(src) by extension 'ros'
[0.180s] Level 1:colcon.colcon_core.package_identification:_identify(src) by extensions ['cmake', 'python']
[0.180s] Level 1:colcon.colcon_core.package_identification:_identify(src) by extension 'cmake'
[0.180s] Level 1:colcon.colcon_core.package_identification:_identify(src) by extension 'python'
[0.180s] Level 1:colcon.colcon_core.package_identification:_identify(src) by extensions ['python_setup_py']
[0.180s] Level 1:colcon.colcon_core.package_identification:_identify(src) by extension 'python_setup_py'
[0.180s] Level 1:colcon.colcon_core.package_identification:_identify(src/my_interfaces) by extensions ['ignore', 'ignore_ament_install']
[0.180s] Level 1:colcon.colcon_core.package_identification:_identify(src/my_interfaces) by extension 'ignore'
[0.180s] Level 1:colcon.colcon_core.package_identification:_identify(src/my_interfaces) by extension 'ignore_ament_install'
[0.180s] Level 1:colcon.colcon_core.package_identification:_identify(src/my_interfaces) by extensions ['colcon_pkg']
[0.180s] Level 1:colcon.colcon_core.package_identification:_identify(src/my_interfaces) by extension 'colcon_pkg'
[0.180s] Level 1:colcon.colcon_core.package_identification:_identify(src/my_interfaces) by extensions ['colcon_meta']
[0.180s] Level 1:colcon.colcon_core.package_identification:_identify(src/my_interfaces) by extension 'colcon_meta'
[0.180s] Level 1:colcon.colcon_core.package_identification:_identify(src/my_interfaces) by extensions ['ros']
[0.180s] Level 1:colcon.colcon_core.package_identification:_identify(src/my_interfaces) by extension 'ros'
[0.182s] DEBUG:colcon.colcon_core.package_identification:Package 'src/my_interfaces' with type 'ros.ament_cmake' and name 'my_interfaces'
[0.182s] Level 1:colcon.colcon_core.package_identification:_identify(src/objective_track) by extensions ['ignore', 'ignore_ament_install']
[0.182s] Level 1:colcon.colcon_core.package_identification:_identify(src/objective_track) by extension 'ignore'
[0.183s] Level 1:colcon.colcon_core.package_identification:_identify(src/objective_track) by extension 'ignore_ament_install'
[0.183s] Level 1:colcon.colcon_core.package_identification:_identify(src/objective_track) by extensions ['colcon_pkg']
[0.183s] Level 1:colcon.colcon_core.package_identification:_identify(src/objective_track) by extension 'colcon_pkg'
[0.183s] Level 1:colcon.colcon_core.package_identification:_identify(src/objective_track) by extensions ['colcon_meta']
[0.183s] Level 1:colcon.colcon_core.package_identification:_identify(src/objective_track) by extension 'colcon_meta'
[0.183s] Level 1:colcon.colcon_core.package_identification:_identify(src/objective_track) by extensions ['ros']
[0.183s] Level 1:colcon.colcon_core.package_identification:_identify(src/objective_track) by extension 'ros'
[0.183s] DEBUG:colcon.colcon_core.package_identification:Package 'src/objective_track' with type 'ros.ament_cmake' and name 'objective_track'
[0.183s] Level 1:colcon.colcon_core.package_identification:_identify(src/show_position) by extensions ['ignore', 'ignore_ament_install']
[0.183s] Level 1:colcon.colcon_core.package_identification:_identify(src/show_position) by extension 'ignore'
[0.183s] Level 1:colcon.colcon_core.package_identification:_identify(src/show_position) by extension 'ignore_ament_install'
[0.183s] Level 1:colcon.colcon_core.package_identification:_identify(src/show_position) by extensions ['colcon_pkg']
[0.183s] Level 1:colcon.colcon_core.package_identification:_identify(src/show_position) by extension 'colcon_pkg'
[0.183s] Level 1:colcon.colcon_core.package_identification:_identify(src/show_position) by extensions ['colcon_meta']
[0.183s] Level 1:colcon.colcon_core.package_identification:_identify(src/show_position) by extension 'colcon_meta'
[0.183s] Level 1:colcon.colcon_core.package_identification:_identify(src/show_position) by extensions ['ros']
[0.183s] Level 1:colcon.colcon_core.package_identification:_identify(src/show_position) by extension 'ros'
[0.184s] DEBUG:colcon.colcon_core.package_identification:Package 'src/show_position' with type 'ros.ament_cmake' and name 'show_position'
[0.184s] Level 1:colcon.colcon_core.package_discovery:discover_packages(recursive) using defaults
[0.184s] Level 1:colcon.colcon_core.package_discovery:discover_packages(ignore) discover
[0.184s] Level 1:colcon.colcon_core.package_discovery:discover_packages(ignore) using defaults
[0.184s] Level 1:colcon.colcon_core.package_discovery:discover_packages(path) discover
[0.184s] Level 1:colcon.colcon_core.package_discovery:discover_packages(path) using defaults
[0.207s] Level 1:colcon.colcon_core.package_discovery:discover_packages(prefix_path) check parameters
[0.207s] Level 1:colcon.colcon_core.package_discovery:discover_packages(prefix_path) discover
[0.209s] DEBUG:colcon.colcon_installed_package_information.package_discovery:Found 3 installed packages in /home/cjj/Desktop/RM_work/opencv_project/track_and_pnp/install
[0.210s] DEBUG:colcon.colcon_installed_package_information.package_discovery:Found 285 installed packages in /opt/ros/humble
[0.211s] Level 1:colcon.colcon_core.package_discovery:discover_packages(prefix_path) using defaults
[0.234s] Level 5:colcon.colcon_core.verb:set package 'my_interfaces' build argument 'cmake_args' from command line to 'None'
[0.234s] Level 5:colcon.colcon_core.verb:set package 'my_interfaces' build argument 'cmake_target' from command line to 'None'
[0.234s] Level 5:colcon.colcon_core.verb:set package 'my_interfaces' build argument 'cmake_target_skip_unavailable' from command line to 'False'
[0.234s] Level 5:colcon.colcon_core.verb:set package 'my_interfaces' build argument 'cmake_clean_cache' from command line to 'False'
[0.234s] Level 5:colcon.colcon_core.verb:set package 'my_interfaces' build argument 'cmake_clean_first' from command line to 'False'
[0.234s] Level 5:colcon.colcon_core.verb:set package 'my_interfaces' build argument 'cmake_force_configure' from command line to 'False'
[0.234s] Level 5:colcon.colcon_core.verb:set package 'my_interfaces' build argument 'ament_cmake_args' from command line to 'None'
[0.234s] Level 5:colcon.colcon_core.verb:set package 'my_interfaces' build argument 'catkin_cmake_args' from command line to 'None'
[0.234s] Level 5:colcon.colcon_core.verb:set package 'my_interfaces' build argument 'catkin_skip_building_tests' from command line to 'False'
[0.234s] DEBUG:colcon.colcon_core.verb:Building package 'my_interfaces' with the following arguments: {'ament_cmake_args': None, 'build_base': '/home/cjj/Desktop/RM_work/opencv_project/track_and_pnp/build/my_interfaces', 'catkin_cmake_args': None, 'catkin_skip_building_tests': False, 'cmake_args': None, 'cmake_clean_cache': False, 'cmake_clean_first': False, 'cmake_force_configure': False, 'cmake_target': None, 'cmake_target_skip_unavailable': False, 'install_base': '/home/cjj/Desktop/RM_work/opencv_project/track_and_pnp/install/my_interfaces', 'merge_install': False, 'path': '/home/cjj/Desktop/RM_work/opencv_project/track_and_pnp/src/my_interfaces', 'symlink_install': True, 'test_result_base': None}
[0.234s] Level 5:colcon.colcon_core.verb:set package 'objective_track' build argument 'cmake_args' from command line to 'None'
[0.234s] Level 5:colcon.colcon_core.verb:set package 'objective_track' build argument 'cmake_target' from command line to 'None'
[0.234s] Level 5:colcon.colcon_core.verb:set package 'objective_track' build argument 'cmake_target_skip_unavailable' from command line to 'False'
[0.234s] Level 5:colcon.colcon_core.verb:set package 'objective_track' build argument 'cmake_clean_cache' from command line to 'False'
[0.234s] Level 5:colcon.colcon_core.verb:set package 'objective_track' build argument 'cmake_clean_first' from command line to 'False'
[0.234s] Level 5:colcon.colcon_core.verb:set package 'objective_track' build argument 'cmake_force_configure' from command line to 'False'
[0.234s] Level 5:colcon.colcon_core.verb:set package 'objective_track' build argument 'ament_cmake_args' from command line to 'None'
[0.234s] Level 5:colcon.colcon_core.verb:set package 'objective_track' build argument 'catkin_cmake_args' from command line to 'None'
[0.234s] Level 5:colcon.colcon_core.verb:set package 'objective_track' build argument 'catkin_skip_building_tests' from command line to 'False'
[0.234s] DEBUG:colcon.colcon_core.verb:Building package 'objective_track' with the following arguments: {'ament_cmake_args': None, 'build_base': '/home/cjj/Desktop/RM_work/opencv_project/track_and_pnp/build/objective_track', 'catkin_cmake_args': None, 'catkin_skip_building_tests': False, 'cmake_args': None, 'cmake_clean_cache': False, 'cmake_clean_first': False, 'cmake_force_configure': False, 'cmake_target': None, 'cmake_target_skip_unavailable': False, 'install_base': '/home/cjj/Desktop/RM_work/opencv_project/track_and_pnp/install/objective_track', 'merge_install': False, 'path': '/home/cjj/Desktop/RM_work/opencv_project/track_and_pnp/src/objective_track', 'symlink_install': True, 'test_result_base': None}
[0.235s] Level 5:colcon.colcon_core.verb:set package 'show_position' build argument 'cmake_args' from command line to 'None'
[0.235s] Level 5:colcon.colcon_core.verb:set package 'show_position' build argument 'cmake_target' from command line to 'None'
[0.235s] Level 5:colcon.colcon_core.verb:set package 'show_position' build argument 'cmake_target_skip_unavailable' from command line to 'False'
[0.235s] Level 5:colcon.colcon_core.verb:set package 'show_position' build argument 'cmake_clean_cache' from command line to 'False'
[0.235s] Level 5:colcon.colcon_core.verb:set package 'show_position' build argument 'cmake_clean_first' from command line to 'False'
[0.235s] Level 5:colcon.colcon_core.verb:set package 'show_position' build argument 'cmake_force_configure' from command line to 'False'
[0.235s] Level 5:colcon.colcon_core.verb:set package 'show_position' build argument 'ament_cmake_args' from command line to 'None'
[0.235s] Level 5:colcon.colcon_core.verb:set package 'show_position' build argument 'catkin_cmake_args' from command line to 'None'
[0.235s] Level 5:colcon.colcon_core.verb:set package 'show_position' build argument 'catkin_skip_building_tests' from command line to 'False'
[0.235s] DEBUG:colcon.colcon_core.verb:Building package 'show_position' with the following arguments: {'ament_cmake_args': None, 'build_base': '/home/cjj/Desktop/RM_work/opencv_project/track_and_pnp/build/show_position', 'catkin_cmake_args': None, 'catkin_skip_building_tests': False, 'cmake_args': None, 'cmake_clean_cache': False, 'cmake_clean_first': False, 'cmake_force_configure': False, 'cmake_target': None, 'cmake_target_skip_unavailable': False, 'install_base': '/home/cjj/Desktop/RM_work/opencv_project/track_and_pnp/install/show_position', 'merge_install': False, 'path': '/home/cjj/Desktop/RM_work/opencv_project/track_and_pnp/src/show_position', 'symlink_install': True, 'test_result_base': None}
[0.235s] INFO:colcon.colcon_core.executor:Executing jobs using 'parallel' executor
[0.236s] DEBUG:colcon.colcon_parallel_executor.executor.parallel:run_until_complete
[0.236s] INFO:colcon.colcon_ros.task.ament_cmake.build:Building ROS package in '/home/cjj/Desktop/RM_work/opencv_project/track_and_pnp/src/my_interfaces' with build type 'ament_cmake'
[0.236s] INFO:colcon.colcon_cmake.task.cmake.build:Building CMake package in '/home/cjj/Desktop/RM_work/opencv_project/track_and_pnp/src/my_interfaces'
[0.237s] INFO:colcon.colcon_core.plugin_system:Skipping extension 'colcon_core.shell.bat': Not used on non-Windows systems
[0.238s] INFO:colcon.colcon_core.shell:Skip shell extension 'powershell' for command environment: Not usable outside of PowerShell
[0.238s] DEBUG:colcon.colcon_core.shell:Skip shell extension 'dsv' for command environment
[0.244s] DEBUG:colcon.colcon_core.event_handler.log_command:Invoking command in '/home/cjj/Desktop/RM_work/opencv_project/track_and_pnp/build/my_interfaces': CMAKE_PREFIX_PATH=${CMAKE_PREFIX_PATH}:/opt/ros/humble /usr/bin/cmake --build /home/cjj/Desktop/RM_work/opencv_project/track_and_pnp/build/my_interfaces -- -j20 -l20
[0.485s] DEBUG:colcon.colcon_core.event_handler.log_command:Invoked command in '/home/cjj/Desktop/RM_work/opencv_project/track_and_pnp/build/my_interfaces' returned '0': CMAKE_PREFIX_PATH=${CMAKE_PREFIX_PATH}:/opt/ros/humble /usr/bin/cmake --build /home/cjj/Desktop/RM_work/opencv_project/track_and_pnp/build/my_interfaces -- -j20 -l20
[0.544s] DEBUG:colcon.colcon_core.event_handler.log_command:Invoking command in '/home/cjj/Desktop/RM_work/opencv_project/track_and_pnp/build/my_interfaces': CMAKE_PREFIX_PATH=${CMAKE_PREFIX_PATH}:/opt/ros/humble /usr/bin/cmake --install /home/cjj/Desktop/RM_work/opencv_project/track_and_pnp/build/my_interfaces
[0.594s] Level 1:colcon.colcon_core.environment:create_environment_scripts_only(my_interfaces)
[0.595s] DEBUG:colcon.colcon_core.event_handler.log_command:Invoked command in '/home/cjj/Desktop/RM_work/opencv_project/track_and_pnp/build/my_interfaces' returned '0': CMAKE_PREFIX_PATH=${CMAKE_PREFIX_PATH}:/opt/ros/humble /usr/bin/cmake --install /home/cjj/Desktop/RM_work/opencv_project/track_and_pnp/build/my_interfaces
[0.596s] Level 1:colcon.colcon_core.environment:checking '/home/cjj/Desktop/RM_work/opencv_project/track_and_pnp/install/my_interfaces' for CMake module files
[0.597s] Level 1:colcon.colcon_core.environment:checking '/home/cjj/Desktop/RM_work/opencv_project/track_and_pnp/install/my_interfaces' for CMake config files
[0.597s] Level 1:colcon.colcon_core.shell:create_environment_hook('my_interfaces', 'cmake_prefix_path')
[0.597s] INFO:colcon.colcon_core.shell:Creating environment hook '/home/cjj/Desktop/RM_work/opencv_project/track_and_pnp/install/my_interfaces/share/my_interfaces/hook/cmake_prefix_path.ps1'
[0.597s] INFO:colcon.colcon_core.shell:Creating environment descriptor '/home/cjj/Desktop/RM_work/opencv_project/track_and_pnp/install/my_interfaces/share/my_interfaces/hook/cmake_prefix_path.dsv'
[0.598s] INFO:colcon.colcon_core.shell:Creating environment hook '/home/cjj/Desktop/RM_work/opencv_project/track_and_pnp/install/my_interfaces/share/my_interfaces/hook/cmake_prefix_path.sh'
[0.598s] Level 1:colcon.colcon_core.environment:checking '/home/cjj/Desktop/RM_work/opencv_project/track_and_pnp/install/my_interfaces/lib'
[0.598s] Level 1:colcon.colcon_core.shell:create_environment_hook('my_interfaces', 'ld_library_path_lib')
[0.599s] INFO:colcon.colcon_core.shell:Creating environment hook '/home/cjj/Desktop/RM_work/opencv_project/track_and_pnp/install/my_interfaces/share/my_interfaces/hook/ld_library_path_lib.ps1'
[0.599s] INFO:colcon.colcon_core.shell:Creating environment descriptor '/home/cjj/Desktop/RM_work/opencv_project/track_and_pnp/install/my_interfaces/share/my_interfaces/hook/ld_library_path_lib.dsv'
[0.599s] INFO:colcon.colcon_core.shell:Creating environment hook '/home/cjj/Desktop/RM_work/opencv_project/track_and_pnp/install/my_interfaces/share/my_interfaces/hook/ld_library_path_lib.sh'
[0.599s] Level 1:colcon.colcon_core.environment:checking '/home/cjj/Desktop/RM_work/opencv_project/track_and_pnp/install/my_interfaces/bin'
[0.599s] Level 1:colcon.colcon_core.environment:checking '/home/cjj/Desktop/RM_work/opencv_project/track_and_pnp/install/my_interfaces/lib/pkgconfig/my_interfaces.pc'
[0.600s] Level 1:colcon.colcon_core.environment:checking '/home/cjj/Desktop/RM_work/opencv_project/track_and_pnp/install/my_interfaces/lib/python3.10/site-packages'
[0.600s] Level 1:colcon.colcon_core.environment:checking '/home/cjj/Desktop/RM_work/opencv_project/track_and_pnp/install/my_interfaces/bin'
[0.600s] INFO:colcon.colcon_core.shell:Creating package script '/home/cjj/Desktop/RM_work/opencv_project/track_and_pnp/install/my_interfaces/share/my_interfaces/package.ps1'
[0.601s] INFO:colcon.colcon_core.shell:Creating package descriptor '/home/cjj/Desktop/RM_work/opencv_project/track_and_pnp/install/my_interfaces/share/my_interfaces/package.dsv'
[0.601s] INFO:colcon.colcon_core.shell:Creating package script '/home/cjj/Desktop/RM_work/opencv_project/track_and_pnp/install/my_interfaces/share/my_interfaces/package.sh'
[0.601s] INFO:colcon.colcon_core.shell:Creating package script '/home/cjj/Desktop/RM_work/opencv_project/track_and_pnp/install/my_interfaces/share/my_interfaces/package.bash'
[0.602s] INFO:colcon.colcon_core.shell:Creating package script '/home/cjj/Desktop/RM_work/opencv_project/track_and_pnp/install/my_interfaces/share/my_interfaces/package.zsh'
[0.602s] Level 1:colcon.colcon_core.environment:create_file_with_runtime_dependencies(/home/cjj/Desktop/RM_work/opencv_project/track_and_pnp/install/my_interfaces/share/colcon-core/packages/my_interfaces)
[0.653s] Level 1:colcon.colcon_core.environment:create_environment_scripts_only(my_interfaces)
[0.654s] Level 1:colcon.colcon_core.environment:checking '/home/cjj/Desktop/RM_work/opencv_project/track_and_pnp/install/my_interfaces' for CMake module files
[0.654s] Level 1:colcon.colcon_core.environment:checking '/home/cjj/Desktop/RM_work/opencv_project/track_and_pnp/install/my_interfaces' for CMake config files
[0.654s] Level 1:colcon.colcon_core.shell:create_environment_hook('my_interfaces', 'cmake_prefix_path')
[0.654s] INFO:colcon.colcon_core.shell:Creating environment hook '/home/cjj/Desktop/RM_work/opencv_project/track_and_pnp/install/my_interfaces/share/my_interfaces/hook/cmake_prefix_path.ps1'
[0.655s] INFO:colcon.colcon_core.shell:Creating environment descriptor '/home/cjj/Desktop/RM_work/opencv_project/track_and_pnp/install/my_interfaces/share/my_interfaces/hook/cmake_prefix_path.dsv'
[0.655s] INFO:colcon.colcon_core.shell:Creating environment hook '/home/cjj/Desktop/RM_work/opencv_project/track_and_pnp/install/my_interfaces/share/my_interfaces/hook/cmake_prefix_path.sh'
[0.656s] Level 1:colcon.colcon_core.environment:checking '/home/cjj/Desktop/RM_work/opencv_project/track_and_pnp/install/my_interfaces/lib'
[0.656s] Level 1:colcon.colcon_core.shell:create_environment_hook('my_interfaces', 'ld_library_path_lib')
[0.656s] INFO:colcon.colcon_core.shell:Creating environment hook '/home/cjj/Desktop/RM_work/opencv_project/track_and_pnp/install/my_interfaces/share/my_interfaces/hook/ld_library_path_lib.ps1'
[0.656s] INFO:colcon.colcon_core.shell:Creating environment descriptor '/home/cjj/Desktop/RM_work/opencv_project/track_and_pnp/install/my_interfaces/share/my_interfaces/hook/ld_library_path_lib.dsv'
[0.657s] INFO:colcon.colcon_core.shell:Creating environment hook '/home/cjj/Desktop/RM_work/opencv_project/track_and_pnp/install/my_interfaces/share/my_interfaces/hook/ld_library_path_lib.sh'
[0.657s] Level 1:colcon.colcon_core.environment:checking '/home/cjj/Desktop/RM_work/opencv_project/track_and_pnp/install/my_interfaces/bin'
[0.657s] Level 1:colcon.colcon_core.environment:checking '/home/cjj/Desktop/RM_work/opencv_project/track_and_pnp/install/my_interfaces/lib/pkgconfig/my_interfaces.pc'
[0.657s] Level 1:colcon.colcon_core.environment:checking '/home/cjj/Desktop/RM_work/opencv_project/track_and_pnp/install/my_interfaces/lib/python3.10/site-packages'
[0.657s] Level 1:colcon.colcon_core.environment:checking '/home/cjj/Desktop/RM_work/opencv_project/track_and_pnp/install/my_interfaces/bin'
[0.658s] INFO:colcon.colcon_core.shell:Creating package script '/home/cjj/Desktop/RM_work/opencv_project/track_and_pnp/install/my_interfaces/share/my_interfaces/package.ps1'
[0.658s] INFO:colcon.colcon_core.shell:Creating package descriptor '/home/cjj/Desktop/RM_work/opencv_project/track_and_pnp/install/my_interfaces/share/my_interfaces/package.dsv'
[0.658s] INFO:colcon.colcon_core.shell:Creating package script '/home/cjj/Desktop/RM_work/opencv_project/track_and_pnp/install/my_interfaces/share/my_interfaces/package.sh'
[0.658s] INFO:colcon.colcon_core.shell:Creating package script '/home/cjj/Desktop/RM_work/opencv_project/track_and_pnp/install/my_interfaces/share/my_interfaces/package.bash'
[0.659s] INFO:colcon.colcon_core.shell:Creating package script '/home/cjj/Desktop/RM_work/opencv_project/track_and_pnp/install/my_interfaces/share/my_interfaces/package.zsh'
[0.659s] Level 1:colcon.colcon_core.environment:create_file_with_runtime_dependencies(/home/cjj/Desktop/RM_work/opencv_project/track_and_pnp/install/my_interfaces/share/colcon-core/packages/my_interfaces)
[0.659s] INFO:colcon.colcon_ros.task.ament_cmake.build:Building ROS package in '/home/cjj/Desktop/RM_work/opencv_project/track_and_pnp/src/objective_track' with build type 'ament_cmake'
[0.659s] INFO:colcon.colcon_cmake.task.cmake.build:Building CMake package in '/home/cjj/Desktop/RM_work/opencv_project/track_and_pnp/src/objective_track'
[0.660s] INFO:colcon.colcon_core.shell:Skip shell extension 'powershell' for command environment: Not usable outside of PowerShell
[0.660s] DEBUG:colcon.colcon_core.shell:Skip shell extension 'dsv' for command environment
[0.662s] INFO:colcon.colcon_ros.task.ament_cmake.build:Building ROS package in '/home/cjj/Desktop/RM_work/opencv_project/track_and_pnp/src/show_position' with build type 'ament_cmake'
[0.662s] INFO:colcon.colcon_cmake.task.cmake.build:Building CMake package in '/home/cjj/Desktop/RM_work/opencv_project/track_and_pnp/src/show_position'
[0.662s] INFO:colcon.colcon_core.shell:Skip shell extension 'powershell' for command environment: Not usable outside of PowerShell
[0.662s] DEBUG:colcon.colcon_core.shell:Skip shell extension 'dsv' for command environment
[0.669s] DEBUG:colcon.colcon_core.event_handler.log_command:Invoking command in '/home/cjj/Desktop/RM_work/opencv_project/track_and_pnp/build/objective_track': CMAKE_PREFIX_PATH=/home/cjj/Desktop/RM_work/opencv_project/track_and_pnp/install/my_interfaces:/home/cjj/Desktop/RM_work/opencv_project/track_and_pnp/install/show_position:/home/cjj/Desktop/RM_work/opencv_project/track_and_pnp/install/objective_track:/opt/ros/humble LD_LIBRARY_PATH=/home/cjj/Desktop/RM_work/opencv_project/track_and_pnp/install/my_interfaces/lib:/opt/ros/humble/opt/rviz_ogre_vendor/lib:/opt/ros/humble/lib/x86_64-linux-gnu:/opt/ros/humble/lib:/opt/MVS/lib/64:/opt/MVS/lib/32:/opt/intel/openvino/runtime/lib/intel64:/usr/local/lib:/opt/MVS/lib/64:/opt/MVS/lib/32:/opt/MVS/lib/64:/opt/MVS/lib/32 /usr/bin/cmake --build /home/cjj/Desktop/RM_work/opencv_project/track_and_pnp/build/objective_track -- -j20 -l20
[0.672s] DEBUG:colcon.colcon_core.event_handler.log_command:Invoking command in '/home/cjj/Desktop/RM_work/opencv_project/track_and_pnp/build/show_position': CMAKE_PREFIX_PATH=/home/cjj/Desktop/RM_work/opencv_project/track_and_pnp/install/my_interfaces:/home/cjj/Desktop/RM_work/opencv_project/track_and_pnp/install/show_position:/home/cjj/Desktop/RM_work/opencv_project/track_and_pnp/install/objective_track:/opt/ros/humble LD_LIBRARY_PATH=/home/cjj/Desktop/RM_work/opencv_project/track_and_pnp/install/my_interfaces/lib:/opt/ros/humble/opt/rviz_ogre_vendor/lib:/opt/ros/humble/lib/x86_64-linux-gnu:/opt/ros/humble/lib:/opt/MVS/lib/64:/opt/MVS/lib/32:/opt/intel/openvino/runtime/lib/intel64:/usr/local/lib:/opt/MVS/lib/64:/opt/MVS/lib/32:/opt/MVS/lib/64:/opt/MVS/lib/32 /usr/bin/cmake --build /home/cjj/Desktop/RM_work/opencv_project/track_and_pnp/build/show_position -- -j20 -l20
[0.729s] DEBUG:colcon.colcon_core.event_handler.log_command:Invoked command in '/home/cjj/Desktop/RM_work/opencv_project/track_and_pnp/build/objective_track' returned '0': CMAKE_PREFIX_PATH=/home/cjj/Desktop/RM_work/opencv_project/track_and_pnp/install/my_interfaces:/home/cjj/Desktop/RM_work/opencv_project/track_and_pnp/install/show_position:/home/cjj/Desktop/RM_work/opencv_project/track_and_pnp/install/objective_track:/opt/ros/humble LD_LIBRARY_PATH=/home/cjj/Desktop/RM_work/opencv_project/track_and_pnp/install/my_interfaces/lib:/opt/ros/humble/opt/rviz_ogre_vendor/lib:/opt/ros/humble/lib/x86_64-linux-gnu:/opt/ros/humble/lib:/opt/MVS/lib/64:/opt/MVS/lib/32:/opt/intel/openvino/runtime/lib/intel64:/usr/local/lib:/opt/MVS/lib/64:/opt/MVS/lib/32:/opt/MVS/lib/64:/opt/MVS/lib/32 /usr/bin/cmake --build /home/cjj/Desktop/RM_work/opencv_project/track_and_pnp/build/objective_track -- -j20 -l20
[0.756s] DEBUG:colcon.colcon_core.event_handler.log_command:Invoking command in '/home/cjj/Desktop/RM_work/opencv_project/track_and_pnp/build/objective_track': CMAKE_PREFIX_PATH=/home/cjj/Desktop/RM_work/opencv_project/track_and_pnp/install/my_interfaces:/home/cjj/Desktop/RM_work/opencv_project/track_and_pnp/install/show_position:/home/cjj/Desktop/RM_work/opencv_project/track_and_pnp/install/objective_track:/opt/ros/humble LD_LIBRARY_PATH=/home/cjj/Desktop/RM_work/opencv_project/track_and_pnp/install/my_interfaces/lib:/opt/ros/humble/opt/rviz_ogre_vendor/lib:/opt/ros/humble/lib/x86_64-linux-gnu:/opt/ros/humble/lib:/opt/MVS/lib/64:/opt/MVS/lib/32:/opt/intel/openvino/runtime/lib/intel64:/usr/local/lib:/opt/MVS/lib/64:/opt/MVS/lib/32:/opt/MVS/lib/64:/opt/MVS/lib/32 /usr/bin/cmake --install /home/cjj/Desktop/RM_work/opencv_project/track_and_pnp/build/objective_track
[0.774s] Level 1:colcon.colcon_core.environment:create_environment_scripts_only(objective_track)
[0.775s] Level 1:colcon.colcon_core.environment:checking '/home/cjj/Desktop/RM_work/opencv_project/track_and_pnp/install/objective_track' for CMake module files
[0.775s] DEBUG:colcon.colcon_core.event_handler.log_command:Invoked command in '/home/cjj/Desktop/RM_work/opencv_project/track_and_pnp/build/objective_track' returned '0': CMAKE_PREFIX_PATH=/home/cjj/Desktop/RM_work/opencv_project/track_and_pnp/install/my_interfaces:/home/cjj/Desktop/RM_work/opencv_project/track_and_pnp/install/show_position:/home/cjj/Desktop/RM_work/opencv_project/track_and_pnp/install/objective_track:/opt/ros/humble LD_LIBRARY_PATH=/home/cjj/Desktop/RM_work/opencv_project/track_and_pnp/install/my_interfaces/lib:/opt/ros/humble/opt/rviz_ogre_vendor/lib:/opt/ros/humble/lib/x86_64-linux-gnu:/opt/ros/humble/lib:/opt/MVS/lib/64:/opt/MVS/lib/32:/opt/intel/openvino/runtime/lib/intel64:/usr/local/lib:/opt/MVS/lib/64:/opt/MVS/lib/32:/opt/MVS/lib/64:/opt/MVS/lib/32 /usr/bin/cmake --install /home/cjj/Desktop/RM_work/opencv_project/track_and_pnp/build/objective_track
[0.776s] Level 1:colcon.colcon_core.environment:checking '/home/cjj/Desktop/RM_work/opencv_project/track_and_pnp/install/objective_track' for CMake config files
[0.776s] Level 1:colcon.colcon_core.shell:create_environment_hook('objective_track', 'cmake_prefix_path')
[0.776s] INFO:colcon.colcon_core.shell:Creating environment hook '/home/cjj/Desktop/RM_work/opencv_project/track_and_pnp/install/objective_track/share/objective_track/hook/cmake_prefix_path.ps1'
[0.776s] INFO:colcon.colcon_core.shell:Creating environment descriptor '/home/cjj/Desktop/RM_work/opencv_project/track_and_pnp/install/objective_track/share/objective_track/hook/cmake_prefix_path.dsv'
[0.777s] INFO:colcon.colcon_core.shell:Creating environment hook '/home/cjj/Desktop/RM_work/opencv_project/track_and_pnp/install/objective_track/share/objective_track/hook/cmake_prefix_path.sh'
[0.777s] Level 1:colcon.colcon_core.environment:checking '/home/cjj/Desktop/RM_work/opencv_project/track_and_pnp/install/objective_track/lib'
[0.777s] Level 1:colcon.colcon_core.environment:checking '/home/cjj/Desktop/RM_work/opencv_project/track_and_pnp/install/objective_track/bin'
[0.777s] Level 1:colcon.colcon_core.environment:checking '/home/cjj/Desktop/RM_work/opencv_project/track_and_pnp/install/objective_track/lib/pkgconfig/objective_track.pc'
[0.777s] Level 1:colcon.colcon_core.environment:checking '/home/cjj/Desktop/RM_work/opencv_project/track_and_pnp/install/objective_track/lib/python3.10/site-packages'
[0.777s] Level 1:colcon.colcon_core.environment:checking '/home/cjj/Desktop/RM_work/opencv_project/track_and_pnp/install/objective_track/bin'
[0.778s] INFO:colcon.colcon_core.shell:Creating package script '/home/cjj/Desktop/RM_work/opencv_project/track_and_pnp/install/objective_track/share/objective_track/package.ps1'
[0.778s] INFO:colcon.colcon_core.shell:Creating package descriptor '/home/cjj/Desktop/RM_work/opencv_project/track_and_pnp/install/objective_track/share/objective_track/package.dsv'
[0.778s] INFO:colcon.colcon_core.shell:Creating package script '/home/cjj/Desktop/RM_work/opencv_project/track_and_pnp/install/objective_track/share/objective_track/package.sh'
[0.778s] INFO:colcon.colcon_core.shell:Creating package script '/home/cjj/Desktop/RM_work/opencv_project/track_and_pnp/install/objective_track/share/objective_track/package.bash'
[0.779s] INFO:colcon.colcon_core.shell:Creating package script '/home/cjj/Desktop/RM_work/opencv_project/track_and_pnp/install/objective_track/share/objective_track/package.zsh'
[0.779s] Level 1:colcon.colcon_core.environment:create_file_with_runtime_dependencies(/home/cjj/Desktop/RM_work/opencv_project/track_and_pnp/install/objective_track/share/colcon-core/packages/objective_track)
[0.806s] Level 1:colcon.colcon_core.environment:create_environment_scripts_only(objective_track)
[0.807s] Level 1:colcon.colcon_core.environment:checking '/home/cjj/Desktop/RM_work/opencv_project/track_and_pnp/install/objective_track' for CMake module files
[0.807s] Level 1:colcon.colcon_core.environment:checking '/home/cjj/Desktop/RM_work/opencv_project/track_and_pnp/install/objective_track' for CMake config files
[0.807s] Level 1:colcon.colcon_core.shell:create_environment_hook('objective_track', 'cmake_prefix_path')
[0.807s] INFO:colcon.colcon_core.shell:Creating environment hook '/home/cjj/Desktop/RM_work/opencv_project/track_and_pnp/install/objective_track/share/objective_track/hook/cmake_prefix_path.ps1'
[0.808s] INFO:colcon.colcon_core.shell:Creating environment descriptor '/home/cjj/Desktop/RM_work/opencv_project/track_and_pnp/install/objective_track/share/objective_track/hook/cmake_prefix_path.dsv'
[0.808s] INFO:colcon.colcon_core.shell:Creating environment hook '/home/cjj/Desktop/RM_work/opencv_project/track_and_pnp/install/objective_track/share/objective_track/hook/cmake_prefix_path.sh'
[0.809s] Level 1:colcon.colcon_core.environment:checking '/home/cjj/Desktop/RM_work/opencv_project/track_and_pnp/install/objective_track/lib'
[0.809s] Level 1:colcon.colcon_core.environment:checking '/home/cjj/Desktop/RM_work/opencv_project/track_and_pnp/install/objective_track/bin'
[0.809s] Level 1:colcon.colcon_core.environment:checking '/home/cjj/Desktop/RM_work/opencv_project/track_and_pnp/install/objective_track/lib/pkgconfig/objective_track.pc'
[0.809s] Level 1:colcon.colcon_core.environment:checking '/home/cjj/Desktop/RM_work/opencv_project/track_and_pnp/install/objective_track/lib/python3.10/site-packages'
[0.809s] Level 1:colcon.colcon_core.environment:checking '/home/cjj/Desktop/RM_work/opencv_project/track_and_pnp/install/objective_track/bin'
[0.809s] INFO:colcon.colcon_core.shell:Creating package script '/home/cjj/Desktop/RM_work/opencv_project/track_and_pnp/install/objective_track/share/objective_track/package.ps1'
[0.810s] INFO:colcon.colcon_core.shell:Creating package descriptor '/home/cjj/Desktop/RM_work/opencv_project/track_and_pnp/install/objective_track/share/objective_track/package.dsv'
[0.810s] INFO:colcon.colcon_core.shell:Creating package script '/home/cjj/Desktop/RM_work/opencv_project/track_and_pnp/install/objective_track/share/objective_track/package.sh'
[0.810s] INFO:colcon.colcon_core.shell:Creating package script '/home/cjj/Desktop/RM_work/opencv_project/track_and_pnp/install/objective_track/share/objective_track/package.bash'
[0.810s] INFO:colcon.colcon_core.shell:Creating package script '/home/cjj/Desktop/RM_work/opencv_project/track_and_pnp/install/objective_track/share/objective_track/package.zsh'
[0.811s] Level 1:colcon.colcon_core.environment:create_file_with_runtime_dependencies(/home/cjj/Desktop/RM_work/opencv_project/track_and_pnp/install/objective_track/share/colcon-core/packages/objective_track)
[5.994s] DEBUG:colcon.colcon_core.event_handler.log_command:Invoked command in '/home/cjj/Desktop/RM_work/opencv_project/track_and_pnp/build/show_position' returned '0': CMAKE_PREFIX_PATH=/home/cjj/Desktop/RM_work/opencv_project/track_and_pnp/install/my_interfaces:/home/cjj/Desktop/RM_work/opencv_project/track_and_pnp/install/show_position:/home/cjj/Desktop/RM_work/opencv_project/track_and_pnp/install/objective_track:/opt/ros/humble LD_LIBRARY_PATH=/home/cjj/Desktop/RM_work/opencv_project/track_and_pnp/install/my_interfaces/lib:/opt/ros/humble/opt/rviz_ogre_vendor/lib:/opt/ros/humble/lib/x86_64-linux-gnu:/opt/ros/humble/lib:/opt/MVS/lib/64:/opt/MVS/lib/32:/opt/intel/openvino/runtime/lib/intel64:/usr/local/lib:/opt/MVS/lib/64:/opt/MVS/lib/32:/opt/MVS/lib/64:/opt/MVS/lib/32 /usr/bin/cmake --build /home/cjj/Desktop/RM_work/opencv_project/track_and_pnp/build/show_position -- -j20 -l20
[6.017s] DEBUG:colcon.colcon_core.event_handler.log_command:Invoking command in '/home/cjj/Desktop/RM_work/opencv_project/track_and_pnp/build/show_position': CMAKE_PREFIX_PATH=/home/cjj/Desktop/RM_work/opencv_project/track_and_pnp/install/my_interfaces:/home/cjj/Desktop/RM_work/opencv_project/track_and_pnp/install/show_position:/home/cjj/Desktop/RM_work/opencv_project/track_and_pnp/install/objective_track:/opt/ros/humble LD_LIBRARY_PATH=/home/cjj/Desktop/RM_work/opencv_project/track_and_pnp/install/my_interfaces/lib:/opt/ros/humble/opt/rviz_ogre_vendor/lib:/opt/ros/humble/lib/x86_64-linux-gnu:/opt/ros/humble/lib:/opt/MVS/lib/64:/opt/MVS/lib/32:/opt/intel/openvino/runtime/lib/intel64:/usr/local/lib:/opt/MVS/lib/64:/opt/MVS/lib/32:/opt/MVS/lib/64:/opt/MVS/lib/32 /usr/bin/cmake --install /home/cjj/Desktop/RM_work/opencv_project/track_and_pnp/build/show_position
[6.031s] Level 1:colcon.colcon_core.environment:create_environment_scripts_only(show_position)
[6.031s] Level 1:colcon.colcon_core.environment:checking '/home/cjj/Desktop/RM_work/opencv_project/track_and_pnp/install/show_position' for CMake module files
[6.031s] DEBUG:colcon.colcon_core.event_handler.log_command:Invoked command in '/home/cjj/Desktop/RM_work/opencv_project/track_and_pnp/build/show_position' returned '0': CMAKE_PREFIX_PATH=/home/cjj/Desktop/RM_work/opencv_project/track_and_pnp/install/my_interfaces:/home/cjj/Desktop/RM_work/opencv_project/track_and_pnp/install/show_position:/home/cjj/Desktop/RM_work/opencv_project/track_and_pnp/install/objective_track:/opt/ros/humble LD_LIBRARY_PATH=/home/cjj/Desktop/RM_work/opencv_project/track_and_pnp/install/my_interfaces/lib:/opt/ros/humble/opt/rviz_ogre_vendor/lib:/opt/ros/humble/lib/x86_64-linux-gnu:/opt/ros/humble/lib:/opt/MVS/lib/64:/opt/MVS/lib/32:/opt/intel/openvino/runtime/lib/intel64:/usr/local/lib:/opt/MVS/lib/64:/opt/MVS/lib/32:/opt/MVS/lib/64:/opt/MVS/lib/32 /usr/bin/cmake --install /home/cjj/Desktop/RM_work/opencv_project/track_and_pnp/build/show_position
[6.032s] Level 1:colcon.colcon_core.environment:checking '/home/cjj/Desktop/RM_work/opencv_project/track_and_pnp/install/show_position' for CMake config files
[6.032s] Level 1:colcon.colcon_core.shell:create_environment_hook('show_position', 'cmake_prefix_path')
[6.032s] INFO:colcon.colcon_core.shell:Creating environment hook '/home/cjj/Desktop/RM_work/opencv_project/track_and_pnp/install/show_position/share/show_position/hook/cmake_prefix_path.ps1'
[6.032s] INFO:colcon.colcon_core.shell:Creating environment descriptor '/home/cjj/Desktop/RM_work/opencv_project/track_and_pnp/install/show_position/share/show_position/hook/cmake_prefix_path.dsv'
[6.032s] INFO:colcon.colcon_core.shell:Creating environment hook '/home/cjj/Desktop/RM_work/opencv_project/track_and_pnp/install/show_position/share/show_position/hook/cmake_prefix_path.sh'
[6.033s] Level 1:colcon.colcon_core.environment:checking '/home/cjj/Desktop/RM_work/opencv_project/track_and_pnp/install/show_position/lib'
[6.033s] Level 1:colcon.colcon_core.environment:checking '/home/cjj/Desktop/RM_work/opencv_project/track_and_pnp/install/show_position/bin'
[6.033s] Level 1:colcon.colcon_core.environment:checking '/home/cjj/Desktop/RM_work/opencv_project/track_and_pnp/install/show_position/lib/pkgconfig/show_position.pc'
[6.033s] Level 1:colcon.colcon_core.environment:checking '/home/cjj/Desktop/RM_work/opencv_project/track_and_pnp/install/show_position/lib/python3.10/site-packages'
[6.033s] Level 1:colcon.colcon_core.environment:checking '/home/cjj/Desktop/RM_work/opencv_project/track_and_pnp/install/show_position/bin'
[6.033s] INFO:colcon.colcon_core.shell:Creating package script '/home/cjj/Desktop/RM_work/opencv_project/track_and_pnp/install/show_position/share/show_position/package.ps1'
[6.034s] INFO:colcon.colcon_core.shell:Creating package descriptor '/home/cjj/Desktop/RM_work/opencv_project/track_and_pnp/install/show_position/share/show_position/package.dsv'
[6.034s] INFO:colcon.colcon_core.shell:Creating package script '/home/cjj/Desktop/RM_work/opencv_project/track_and_pnp/install/show_position/share/show_position/package.sh'
[6.034s] INFO:colcon.colcon_core.shell:Creating package script '/home/cjj/Desktop/RM_work/opencv_project/track_and_pnp/install/show_position/share/show_position/package.bash'
[6.034s] INFO:colcon.colcon_core.shell:Creating package script '/home/cjj/Desktop/RM_work/opencv_project/track_and_pnp/install/show_position/share/show_position/package.zsh'
[6.035s] Level 1:colcon.colcon_core.environment:create_file_with_runtime_dependencies(/home/cjj/Desktop/RM_work/opencv_project/track_and_pnp/install/show_position/share/colcon-core/packages/show_position)
[6.055s] Level 1:colcon.colcon_core.environment:create_environment_scripts_only(show_position)
[6.055s] Level 1:colcon.colcon_core.environment:checking '/home/cjj/Desktop/RM_work/opencv_project/track_and_pnp/install/show_position' for CMake module files
[6.056s] Level 1:colcon.colcon_core.environment:checking '/home/cjj/Desktop/RM_work/opencv_project/track_and_pnp/install/show_position' for CMake config files
[6.056s] Level 1:colcon.colcon_core.shell:create_environment_hook('show_position', 'cmake_prefix_path')
[6.056s] INFO:colcon.colcon_core.shell:Creating environment hook '/home/cjj/Desktop/RM_work/opencv_project/track_and_pnp/install/show_position/share/show_position/hook/cmake_prefix_path.ps1'
[6.056s] INFO:colcon.colcon_core.shell:Creating environment descriptor '/home/cjj/Desktop/RM_work/opencv_project/track_and_pnp/install/show_position/share/show_position/hook/cmake_prefix_path.dsv'
[6.057s] INFO:colcon.colcon_core.shell:Creating environment hook '/home/cjj/Desktop/RM_work/opencv_project/track_and_pnp/install/show_position/share/show_position/hook/cmake_prefix_path.sh'
[6.057s] Level 1:colcon.colcon_core.environment:checking '/home/cjj/Desktop/RM_work/opencv_project/track_and_pnp/install/show_position/lib'
[6.057s] Level 1:colcon.colcon_core.environment:checking '/home/cjj/Desktop/RM_work/opencv_project/track_and_pnp/install/show_position/bin'
[6.057s] Level 1:colcon.colcon_core.environment:checking '/home/cjj/Desktop/RM_work/opencv_project/track_and_pnp/install/show_position/lib/pkgconfig/show_position.pc'
[6.057s] Level 1:colcon.colcon_core.environment:checking '/home/cjj/Desktop/RM_work/opencv_project/track_and_pnp/install/show_position/lib/python3.10/site-packages'
[6.057s] Level 1:colcon.colcon_core.environment:checking '/home/cjj/Desktop/RM_work/opencv_project/track_and_pnp/install/show_position/bin'
[6.058s] INFO:colcon.colcon_core.shell:Creating package script '/home/cjj/Desktop/RM_work/opencv_project/track_and_pnp/install/show_position/share/show_position/package.ps1'
[6.058s] INFO:colcon.colcon_core.shell:Creating package descriptor '/home/cjj/Desktop/RM_work/opencv_project/track_and_pnp/install/show_position/share/show_position/package.dsv'
[6.058s] INFO:colcon.colcon_core.shell:Creating package script '/home/cjj/Desktop/RM_work/opencv_project/track_and_pnp/install/show_position/share/show_position/package.sh'
[6.059s] INFO:colcon.colcon_core.shell:Creating package script '/home/cjj/Desktop/RM_work/opencv_project/track_and_pnp/install/show_position/share/show_position/package.bash'
[6.059s] INFO:colcon.colcon_core.shell:Creating package script '/home/cjj/Desktop/RM_work/opencv_project/track_and_pnp/install/show_position/share/show_position/package.zsh'
[6.059s] Level 1:colcon.colcon_core.environment:create_file_with_runtime_dependencies(/home/cjj/Desktop/RM_work/opencv_project/track_and_pnp/install/show_position/share/colcon-core/packages/show_position)
[6.059s] DEBUG:colcon.colcon_parallel_executor.executor.parallel:closing loop
[6.059s] DEBUG:colcon.colcon_parallel_executor.executor.parallel:loop closed
[6.059s] DEBUG:colcon.colcon_parallel_executor.executor.parallel:run_until_complete finished with '0'
[6.059s] DEBUG:colcon.colcon_core.event_reactor:joining thread
[6.064s] INFO:colcon.colcon_core.plugin_system:Skipping extension 'colcon_notification.desktop_notification.terminal_notifier': Not used on non-Darwin systems
[6.064s] INFO:colcon.colcon_core.plugin_system:Skipping extension 'colcon_notification.desktop_notification.win32': Not used on non-Windows systems
[6.065s] INFO:colcon.colcon_notification.desktop_notification:Sending desktop notification using 'notify2'
[6.075s] DEBUG:colcon.colcon_core.event_reactor:joined thread
[6.076s] INFO:colcon.colcon_core.shell:Creating prefix script '/home/cjj/Desktop/RM_work/opencv_project/track_and_pnp/install/local_setup.ps1'
[6.076s] INFO:colcon.colcon_core.shell:Creating prefix util module '/home/cjj/Desktop/RM_work/opencv_project/track_and_pnp/install/_local_setup_util_ps1.py'
[6.077s] INFO:colcon.colcon_core.shell:Creating prefix chain script '/home/cjj/Desktop/RM_work/opencv_project/track_and_pnp/install/setup.ps1'
[6.078s] INFO:colcon.colcon_core.shell:Creating prefix script '/home/cjj/Desktop/RM_work/opencv_project/track_and_pnp/install/local_setup.sh'
[6.078s] INFO:colcon.colcon_core.shell:Creating prefix util module '/home/cjj/Desktop/RM_work/opencv_project/track_and_pnp/install/_local_setup_util_sh.py'
[6.079s] INFO:colcon.colcon_core.shell:Creating prefix chain script '/home/cjj/Desktop/RM_work/opencv_project/track_and_pnp/install/setup.sh'
[6.080s] INFO:colcon.colcon_core.shell:Creating prefix script '/home/cjj/Desktop/RM_work/opencv_project/track_and_pnp/install/local_setup.bash'
[6.080s] INFO:colcon.colcon_core.shell:Creating prefix chain script '/home/cjj/Desktop/RM_work/opencv_project/track_and_pnp/install/setup.bash'
[6.081s] INFO:colcon.colcon_core.shell:Creating prefix script '/home/cjj/Desktop/RM_work/opencv_project/track_and_pnp/install/local_setup.zsh'
[6.081s] INFO:colcon.colcon_core.shell:Creating prefix chain script '/home/cjj/Desktop/RM_work/opencv_project/track_and_pnp/install/setup.zsh'
