[0.058s] DEBUG:colcon:Command line arguments: ['/usr/bin/colcon', 'build', '--symlink-install']
[0.059s] DEBUG:colcon:Parsed command line arguments: Namespace(log_base=None, log_level=None, verb_name='build', build_base='build', install_base='install', merge_install=False, symlink_install=True, test_result_base=None, continue_on_error=False, executor='parallel', parallel_workers=20, event_handlers=None, ignore_user_meta=False, metas=['./colcon.meta'], base_paths=['.'], packages_ignore=None, packages_ignore_regex=None, paths=None, packages_up_to=None, packages_up_to_regex=None, packages_above=None, packages_above_and_dependencies=None, packages_above_depth=None, packages_select_by_dep=None, packages_skip_by_dep=None, packages_skip_up_to=None, packages_select_build_failed=False, packages_skip_build_finished=False, packages_select_test_failures=False, packages_skip_test_passed=False, packages_select=None, packages_skip=None, packages_select_regex=None, packages_skip_regex=None, packages_start=None, packages_end=None, allow_overriding=[], cmake_args=None, cmake_target=None, cmake_target_skip_unavailable=False, cmake_clean_cache=False, cmake_clean_first=False, cmake_force_configure=False, ament_cmake_args=None, catkin_cmake_args=None, catkin_skip_building_tests=False, mixin_files=None, mixin=None, verb_parser=<colcon_mixin.mixin.mixin_argument.MixinArgumentDecorator object at 0x79fe6bb46a40>, verb_extension=<colcon_core.verb.build.BuildVerb object at 0x79fe6bb462c0>, main=<bound method BuildVerb.main of <colcon_core.verb.build.BuildVerb object at 0x79fe6bb462c0>>, mixin_verb=('build',))
[0.141s] Level 1:colcon.colcon_core.package_discovery:discover_packages(colcon_meta) check parameters
[0.141s] Level 1:colcon.colcon_core.package_discovery:discover_packages(recursive) check parameters
[0.141s] Level 1:colcon.colcon_core.package_discovery:discover_packages(ignore) check parameters
[0.141s] Level 1:colcon.colcon_core.package_discovery:discover_packages(path) check parameters
[0.141s] Level 1:colcon.colcon_core.package_discovery:discover_packages(colcon_meta) discover
[0.141s] Level 1:colcon.colcon_core.package_discovery:discover_packages(recursive) discover
[0.141s] INFO:colcon.colcon_core.package_discovery:Crawling recursively for packages in '/home/cjj/Desktop/RM_work/opencv_project/track_and_pnp'
[0.141s] Level 1:colcon.colcon_core.package_identification:_identify(.) by extensions ['ignore', 'ignore_ament_install']
[0.141s] Level 1:colcon.colcon_core.package_identification:_identify(.) by extension 'ignore'
[0.141s] Level 1:colcon.colcon_core.package_identification:_identify(.) by extension 'ignore_ament_install'
[0.141s] Level 1:colcon.colcon_core.package_identification:_identify(.) by extensions ['colcon_pkg']
[0.141s] Level 1:colcon.colcon_core.package_identification:_identify(.) by extension 'colcon_pkg'
[0.141s] Level 1:colcon.colcon_core.package_identification:_identify(.) by extensions ['colcon_meta']
[0.141s] Level 1:colcon.colcon_core.package_identification:_identify(.) by extension 'colcon_meta'
[0.141s] Level 1:colcon.colcon_core.package_identification:_identify(.) by extensions ['ros']
[0.141s] Level 1:colcon.colcon_core.package_identification:_identify(.) by extension 'ros'
[0.149s] Level 1:colcon.colcon_core.package_identification:_identify(.) by extensions ['cmake', 'python']
[0.149s] Level 1:colcon.colcon_core.package_identification:_identify(.) by extension 'cmake'
[0.149s] Level 1:colcon.colcon_core.package_identification:_identify(.) by extension 'python'
[0.149s] Level 1:colcon.colcon_core.package_identification:_identify(.) by extensions ['python_setup_py']
[0.149s] Level 1:colcon.colcon_core.package_identification:_identify(.) by extension 'python_setup_py'
[0.149s] Level 1:colcon.colcon_core.package_identification:_identify(build) by extensions ['ignore', 'ignore_ament_install']
[0.149s] Level 1:colcon.colcon_core.package_identification:_identify(build) by extension 'ignore'
[0.149s] Level 1:colcon.colcon_core.package_identification:_identify(build) ignored
[0.149s] Level 1:colcon.colcon_core.package_identification:_identify(install) by extensions ['ignore', 'ignore_ament_install']
[0.149s] Level 1:colcon.colcon_core.package_identification:_identify(install) by extension 'ignore'
[0.149s] Level 1:colcon.colcon_core.package_identification:_identify(install) ignored
[0.149s] Level 1:colcon.colcon_core.package_identification:_identify(log) by extensions ['ignore', 'ignore_ament_install']
[0.149s] Level 1:colcon.colcon_core.package_identification:_identify(log) by extension 'ignore'
[0.149s] Level 1:colcon.colcon_core.package_identification:_identify(log) ignored
[0.149s] Level 1:colcon.colcon_core.package_identification:_identify(src) by extensions ['ignore', 'ignore_ament_install']
[0.149s] Level 1:colcon.colcon_core.package_identification:_identify(src) by extension 'ignore'
[0.149s] Level 1:colcon.colcon_core.package_identification:_identify(src) by extension 'ignore_ament_install'
[0.149s] Level 1:colcon.colcon_core.package_identification:_identify(src) by extensions ['colcon_pkg']
[0.149s] Level 1:colcon.colcon_core.package_identification:_identify(src) by extension 'colcon_pkg'
[0.149s] Level 1:colcon.colcon_core.package_identification:_identify(src) by extensions ['colcon_meta']
[0.149s] Level 1:colcon.colcon_core.package_identification:_identify(src) by extension 'colcon_meta'
[0.149s] Level 1:colcon.colcon_core.package_identification:_identify(src) by extensions ['ros']
[0.150s] Level 1:colcon.colcon_core.package_identification:_identify(src) by extension 'ros'
[0.150s] Level 1:colcon.colcon_core.package_identification:_identify(src) by extensions ['cmake', 'python']
[0.150s] Level 1:colcon.colcon_core.package_identification:_identify(src) by extension 'cmake'
[0.150s] Level 1:colcon.colcon_core.package_identification:_identify(src) by extension 'python'
[0.150s] Level 1:colcon.colcon_core.package_identification:_identify(src) by extensions ['python_setup_py']
[0.150s] Level 1:colcon.colcon_core.package_identification:_identify(src) by extension 'python_setup_py'
[0.150s] Level 1:colcon.colcon_core.package_identification:_identify(src/my_interfaces) by extensions ['ignore', 'ignore_ament_install']
[0.150s] Level 1:colcon.colcon_core.package_identification:_identify(src/my_interfaces) by extension 'ignore'
[0.150s] Level 1:colcon.colcon_core.package_identification:_identify(src/my_interfaces) by extension 'ignore_ament_install'
[0.150s] Level 1:colcon.colcon_core.package_identification:_identify(src/my_interfaces) by extensions ['colcon_pkg']
[0.150s] Level 1:colcon.colcon_core.package_identification:_identify(src/my_interfaces) by extension 'colcon_pkg'
[0.150s] Level 1:colcon.colcon_core.package_identification:_identify(src/my_interfaces) by extensions ['colcon_meta']
[0.150s] Level 1:colcon.colcon_core.package_identification:_identify(src/my_interfaces) by extension 'colcon_meta'
[0.150s] Level 1:colcon.colcon_core.package_identification:_identify(src/my_interfaces) by extensions ['ros']
[0.150s] Level 1:colcon.colcon_core.package_identification:_identify(src/my_interfaces) by extension 'ros'
[0.151s] DEBUG:colcon.colcon_core.package_identification:Package 'src/my_interfaces' with type 'ros.ament_cmake' and name 'my_interfaces'
[0.152s] Level 1:colcon.colcon_core.package_identification:_identify(src/objective_track) by extensions ['ignore', 'ignore_ament_install']
[0.152s] Level 1:colcon.colcon_core.package_identification:_identify(src/objective_track) by extension 'ignore'
[0.152s] Level 1:colcon.colcon_core.package_identification:_identify(src/objective_track) by extension 'ignore_ament_install'
[0.152s] Level 1:colcon.colcon_core.package_identification:_identify(src/objective_track) by extensions ['colcon_pkg']
[0.152s] Level 1:colcon.colcon_core.package_identification:_identify(src/objective_track) by extension 'colcon_pkg'
[0.152s] Level 1:colcon.colcon_core.package_identification:_identify(src/objective_track) by extensions ['colcon_meta']
[0.152s] Level 1:colcon.colcon_core.package_identification:_identify(src/objective_track) by extension 'colcon_meta'
[0.152s] Level 1:colcon.colcon_core.package_identification:_identify(src/objective_track) by extensions ['ros']
[0.152s] Level 1:colcon.colcon_core.package_identification:_identify(src/objective_track) by extension 'ros'
[0.152s] DEBUG:colcon.colcon_core.package_identification:Package 'src/objective_track' with type 'ros.ament_cmake' and name 'objective_track'
[0.152s] Level 1:colcon.colcon_core.package_discovery:discover_packages(recursive) using defaults
[0.152s] Level 1:colcon.colcon_core.package_discovery:discover_packages(ignore) discover
[0.152s] Level 1:colcon.colcon_core.package_discovery:discover_packages(ignore) using defaults
[0.152s] Level 1:colcon.colcon_core.package_discovery:discover_packages(path) discover
[0.152s] Level 1:colcon.colcon_core.package_discovery:discover_packages(path) using defaults
[0.174s] Level 1:colcon.colcon_core.package_discovery:discover_packages(prefix_path) check parameters
[0.174s] Level 1:colcon.colcon_core.package_discovery:discover_packages(prefix_path) discover
[0.175s] DEBUG:colcon.colcon_installed_package_information.package_discovery:Found 2 installed packages in /home/cjj/Desktop/RM_work/opencv_project/track_and_pnp/install
[0.176s] DEBUG:colcon.colcon_installed_package_information.package_discovery:Found 285 installed packages in /opt/ros/humble
[0.177s] Level 1:colcon.colcon_core.package_discovery:discover_packages(prefix_path) using defaults
[0.196s] Level 5:colcon.colcon_core.verb:set package 'my_interfaces' build argument 'cmake_args' from command line to 'None'
[0.196s] Level 5:colcon.colcon_core.verb:set package 'my_interfaces' build argument 'cmake_target' from command line to 'None'
[0.196s] Level 5:colcon.colcon_core.verb:set package 'my_interfaces' build argument 'cmake_target_skip_unavailable' from command line to 'False'
[0.196s] Level 5:colcon.colcon_core.verb:set package 'my_interfaces' build argument 'cmake_clean_cache' from command line to 'False'
[0.196s] Level 5:colcon.colcon_core.verb:set package 'my_interfaces' build argument 'cmake_clean_first' from command line to 'False'
[0.196s] Level 5:colcon.colcon_core.verb:set package 'my_interfaces' build argument 'cmake_force_configure' from command line to 'False'
[0.196s] Level 5:colcon.colcon_core.verb:set package 'my_interfaces' build argument 'ament_cmake_args' from command line to 'None'
[0.197s] Level 5:colcon.colcon_core.verb:set package 'my_interfaces' build argument 'catkin_cmake_args' from command line to 'None'
[0.197s] Level 5:colcon.colcon_core.verb:set package 'my_interfaces' build argument 'catkin_skip_building_tests' from command line to 'False'
[0.197s] DEBUG:colcon.colcon_core.verb:Building package 'my_interfaces' with the following arguments: {'ament_cmake_args': None, 'build_base': '/home/cjj/Desktop/RM_work/opencv_project/track_and_pnp/build/my_interfaces', 'catkin_cmake_args': None, 'catkin_skip_building_tests': False, 'cmake_args': None, 'cmake_clean_cache': False, 'cmake_clean_first': False, 'cmake_force_configure': False, 'cmake_target': None, 'cmake_target_skip_unavailable': False, 'install_base': '/home/cjj/Desktop/RM_work/opencv_project/track_and_pnp/install/my_interfaces', 'merge_install': False, 'path': '/home/cjj/Desktop/RM_work/opencv_project/track_and_pnp/src/my_interfaces', 'symlink_install': True, 'test_result_base': None}
[0.197s] Level 5:colcon.colcon_core.verb:set package 'objective_track' build argument 'cmake_args' from command line to 'None'
[0.197s] Level 5:colcon.colcon_core.verb:set package 'objective_track' build argument 'cmake_target' from command line to 'None'
[0.197s] Level 5:colcon.colcon_core.verb:set package 'objective_track' build argument 'cmake_target_skip_unavailable' from command line to 'False'
[0.197s] Level 5:colcon.colcon_core.verb:set package 'objective_track' build argument 'cmake_clean_cache' from command line to 'False'
[0.197s] Level 5:colcon.colcon_core.verb:set package 'objective_track' build argument 'cmake_clean_first' from command line to 'False'
[0.197s] Level 5:colcon.colcon_core.verb:set package 'objective_track' build argument 'cmake_force_configure' from command line to 'False'
[0.197s] Level 5:colcon.colcon_core.verb:set package 'objective_track' build argument 'ament_cmake_args' from command line to 'None'
[0.197s] Level 5:colcon.colcon_core.verb:set package 'objective_track' build argument 'catkin_cmake_args' from command line to 'None'
[0.197s] Level 5:colcon.colcon_core.verb:set package 'objective_track' build argument 'catkin_skip_building_tests' from command line to 'False'
[0.197s] DEBUG:colcon.colcon_core.verb:Building package 'objective_track' with the following arguments: {'ament_cmake_args': None, 'build_base': '/home/cjj/Desktop/RM_work/opencv_project/track_and_pnp/build/objective_track', 'catkin_cmake_args': None, 'catkin_skip_building_tests': False, 'cmake_args': None, 'cmake_clean_cache': False, 'cmake_clean_first': False, 'cmake_force_configure': False, 'cmake_target': None, 'cmake_target_skip_unavailable': False, 'install_base': '/home/cjj/Desktop/RM_work/opencv_project/track_and_pnp/install/objective_track', 'merge_install': False, 'path': '/home/cjj/Desktop/RM_work/opencv_project/track_and_pnp/src/objective_track', 'symlink_install': True, 'test_result_base': None}
[0.197s] INFO:colcon.colcon_core.executor:Executing jobs using 'parallel' executor
[0.198s] DEBUG:colcon.colcon_parallel_executor.executor.parallel:run_until_complete
[0.198s] INFO:colcon.colcon_ros.task.ament_cmake.build:Building ROS package in '/home/cjj/Desktop/RM_work/opencv_project/track_and_pnp/src/my_interfaces' with build type 'ament_cmake'
[0.198s] INFO:colcon.colcon_cmake.task.cmake.build:Building CMake package in '/home/cjj/Desktop/RM_work/opencv_project/track_and_pnp/src/my_interfaces'
[0.200s] INFO:colcon.colcon_core.plugin_system:Skipping extension 'colcon_core.shell.bat': Not used on non-Windows systems
[0.200s] INFO:colcon.colcon_core.shell:Skip shell extension 'powershell' for command environment: Not usable outside of PowerShell
[0.200s] DEBUG:colcon.colcon_core.shell:Skip shell extension 'dsv' for command environment
[0.206s] DEBUG:colcon.colcon_core.event_handler.log_command:Invoking command in '/home/cjj/Desktop/RM_work/opencv_project/track_and_pnp/build/my_interfaces': CMAKE_PREFIX_PATH=${CMAKE_PREFIX_PATH}:/opt/ros/humble /usr/bin/cmake --build /home/cjj/Desktop/RM_work/opencv_project/track_and_pnp/build/my_interfaces -- -j20 -l20
[0.444s] DEBUG:colcon.colcon_core.event_handler.log_command:Invoked command in '/home/cjj/Desktop/RM_work/opencv_project/track_and_pnp/build/my_interfaces' returned '0': CMAKE_PREFIX_PATH=${CMAKE_PREFIX_PATH}:/opt/ros/humble /usr/bin/cmake --build /home/cjj/Desktop/RM_work/opencv_project/track_and_pnp/build/my_interfaces -- -j20 -l20
[0.502s] DEBUG:colcon.colcon_core.event_handler.log_command:Invoking command in '/home/cjj/Desktop/RM_work/opencv_project/track_and_pnp/build/my_interfaces': CMAKE_PREFIX_PATH=${CMAKE_PREFIX_PATH}:/opt/ros/humble /usr/bin/cmake --install /home/cjj/Desktop/RM_work/opencv_project/track_and_pnp/build/my_interfaces
[0.550s] Level 1:colcon.colcon_core.environment:create_environment_scripts_only(my_interfaces)
[0.550s] DEBUG:colcon.colcon_core.event_handler.log_command:Invoked command in '/home/cjj/Desktop/RM_work/opencv_project/track_and_pnp/build/my_interfaces' returned '0': CMAKE_PREFIX_PATH=${CMAKE_PREFIX_PATH}:/opt/ros/humble /usr/bin/cmake --install /home/cjj/Desktop/RM_work/opencv_project/track_and_pnp/build/my_interfaces
[0.552s] Level 1:colcon.colcon_core.environment:checking '/home/cjj/Desktop/RM_work/opencv_project/track_and_pnp/install/my_interfaces' for CMake module files
[0.552s] Level 1:colcon.colcon_core.environment:checking '/home/cjj/Desktop/RM_work/opencv_project/track_and_pnp/install/my_interfaces' for CMake config files
[0.552s] Level 1:colcon.colcon_core.shell:create_environment_hook('my_interfaces', 'cmake_prefix_path')
[0.552s] INFO:colcon.colcon_core.shell:Creating environment hook '/home/cjj/Desktop/RM_work/opencv_project/track_and_pnp/install/my_interfaces/share/my_interfaces/hook/cmake_prefix_path.ps1'
[0.553s] INFO:colcon.colcon_core.shell:Creating environment descriptor '/home/cjj/Desktop/RM_work/opencv_project/track_and_pnp/install/my_interfaces/share/my_interfaces/hook/cmake_prefix_path.dsv'
[0.553s] INFO:colcon.colcon_core.shell:Creating environment hook '/home/cjj/Desktop/RM_work/opencv_project/track_and_pnp/install/my_interfaces/share/my_interfaces/hook/cmake_prefix_path.sh'
[0.554s] Level 1:colcon.colcon_core.environment:checking '/home/cjj/Desktop/RM_work/opencv_project/track_and_pnp/install/my_interfaces/lib'
[0.554s] Level 1:colcon.colcon_core.shell:create_environment_hook('my_interfaces', 'ld_library_path_lib')
[0.554s] INFO:colcon.colcon_core.shell:Creating environment hook '/home/cjj/Desktop/RM_work/opencv_project/track_and_pnp/install/my_interfaces/share/my_interfaces/hook/ld_library_path_lib.ps1'
[0.554s] INFO:colcon.colcon_core.shell:Creating environment descriptor '/home/cjj/Desktop/RM_work/opencv_project/track_and_pnp/install/my_interfaces/share/my_interfaces/hook/ld_library_path_lib.dsv'
[0.554s] INFO:colcon.colcon_core.shell:Creating environment hook '/home/cjj/Desktop/RM_work/opencv_project/track_and_pnp/install/my_interfaces/share/my_interfaces/hook/ld_library_path_lib.sh'
[0.555s] Level 1:colcon.colcon_core.environment:checking '/home/cjj/Desktop/RM_work/opencv_project/track_and_pnp/install/my_interfaces/bin'
[0.555s] Level 1:colcon.colcon_core.environment:checking '/home/cjj/Desktop/RM_work/opencv_project/track_and_pnp/install/my_interfaces/lib/pkgconfig/my_interfaces.pc'
[0.555s] Level 1:colcon.colcon_core.environment:checking '/home/cjj/Desktop/RM_work/opencv_project/track_and_pnp/install/my_interfaces/lib/python3.10/site-packages'
[0.555s] Level 1:colcon.colcon_core.environment:checking '/home/cjj/Desktop/RM_work/opencv_project/track_and_pnp/install/my_interfaces/bin'
[0.555s] INFO:colcon.colcon_core.shell:Creating package script '/home/cjj/Desktop/RM_work/opencv_project/track_and_pnp/install/my_interfaces/share/my_interfaces/package.ps1'
[0.555s] INFO:colcon.colcon_core.shell:Creating package descriptor '/home/cjj/Desktop/RM_work/opencv_project/track_and_pnp/install/my_interfaces/share/my_interfaces/package.dsv'
[0.556s] INFO:colcon.colcon_core.shell:Creating package script '/home/cjj/Desktop/RM_work/opencv_project/track_and_pnp/install/my_interfaces/share/my_interfaces/package.sh'
[0.556s] INFO:colcon.colcon_core.shell:Creating package script '/home/cjj/Desktop/RM_work/opencv_project/track_and_pnp/install/my_interfaces/share/my_interfaces/package.bash'
[0.556s] INFO:colcon.colcon_core.shell:Creating package script '/home/cjj/Desktop/RM_work/opencv_project/track_and_pnp/install/my_interfaces/share/my_interfaces/package.zsh'
[0.557s] Level 1:colcon.colcon_core.environment:create_file_with_runtime_dependencies(/home/cjj/Desktop/RM_work/opencv_project/track_and_pnp/install/my_interfaces/share/colcon-core/packages/my_interfaces)
[0.607s] Level 1:colcon.colcon_core.environment:create_environment_scripts_only(my_interfaces)
[0.607s] Level 1:colcon.colcon_core.environment:checking '/home/cjj/Desktop/RM_work/opencv_project/track_and_pnp/install/my_interfaces' for CMake module files
[0.607s] Level 1:colcon.colcon_core.environment:checking '/home/cjj/Desktop/RM_work/opencv_project/track_and_pnp/install/my_interfaces' for CMake config files
[0.608s] Level 1:colcon.colcon_core.shell:create_environment_hook('my_interfaces', 'cmake_prefix_path')
[0.608s] INFO:colcon.colcon_core.shell:Creating environment hook '/home/cjj/Desktop/RM_work/opencv_project/track_and_pnp/install/my_interfaces/share/my_interfaces/hook/cmake_prefix_path.ps1'
[0.608s] INFO:colcon.colcon_core.shell:Creating environment descriptor '/home/cjj/Desktop/RM_work/opencv_project/track_and_pnp/install/my_interfaces/share/my_interfaces/hook/cmake_prefix_path.dsv'
[0.608s] INFO:colcon.colcon_core.shell:Creating environment hook '/home/cjj/Desktop/RM_work/opencv_project/track_and_pnp/install/my_interfaces/share/my_interfaces/hook/cmake_prefix_path.sh'
[0.609s] Level 1:colcon.colcon_core.environment:checking '/home/cjj/Desktop/RM_work/opencv_project/track_and_pnp/install/my_interfaces/lib'
[0.609s] Level 1:colcon.colcon_core.shell:create_environment_hook('my_interfaces', 'ld_library_path_lib')
[0.609s] INFO:colcon.colcon_core.shell:Creating environment hook '/home/cjj/Desktop/RM_work/opencv_project/track_and_pnp/install/my_interfaces/share/my_interfaces/hook/ld_library_path_lib.ps1'
[0.609s] INFO:colcon.colcon_core.shell:Creating environment descriptor '/home/cjj/Desktop/RM_work/opencv_project/track_and_pnp/install/my_interfaces/share/my_interfaces/hook/ld_library_path_lib.dsv'
[0.609s] INFO:colcon.colcon_core.shell:Creating environment hook '/home/cjj/Desktop/RM_work/opencv_project/track_and_pnp/install/my_interfaces/share/my_interfaces/hook/ld_library_path_lib.sh'
[0.610s] Level 1:colcon.colcon_core.environment:checking '/home/cjj/Desktop/RM_work/opencv_project/track_and_pnp/install/my_interfaces/bin'
[0.610s] Level 1:colcon.colcon_core.environment:checking '/home/cjj/Desktop/RM_work/opencv_project/track_and_pnp/install/my_interfaces/lib/pkgconfig/my_interfaces.pc'
[0.610s] Level 1:colcon.colcon_core.environment:checking '/home/cjj/Desktop/RM_work/opencv_project/track_and_pnp/install/my_interfaces/lib/python3.10/site-packages'
[0.610s] Level 1:colcon.colcon_core.environment:checking '/home/cjj/Desktop/RM_work/opencv_project/track_and_pnp/install/my_interfaces/bin'
[0.610s] INFO:colcon.colcon_core.shell:Creating package script '/home/cjj/Desktop/RM_work/opencv_project/track_and_pnp/install/my_interfaces/share/my_interfaces/package.ps1'
[0.611s] INFO:colcon.colcon_core.shell:Creating package descriptor '/home/cjj/Desktop/RM_work/opencv_project/track_and_pnp/install/my_interfaces/share/my_interfaces/package.dsv'
[0.611s] INFO:colcon.colcon_core.shell:Creating package script '/home/cjj/Desktop/RM_work/opencv_project/track_and_pnp/install/my_interfaces/share/my_interfaces/package.sh'
[0.611s] INFO:colcon.colcon_core.shell:Creating package script '/home/cjj/Desktop/RM_work/opencv_project/track_and_pnp/install/my_interfaces/share/my_interfaces/package.bash'
[0.611s] INFO:colcon.colcon_core.shell:Creating package script '/home/cjj/Desktop/RM_work/opencv_project/track_and_pnp/install/my_interfaces/share/my_interfaces/package.zsh'
[0.612s] Level 1:colcon.colcon_core.environment:create_file_with_runtime_dependencies(/home/cjj/Desktop/RM_work/opencv_project/track_and_pnp/install/my_interfaces/share/colcon-core/packages/my_interfaces)
[0.612s] INFO:colcon.colcon_ros.task.ament_cmake.build:Building ROS package in '/home/cjj/Desktop/RM_work/opencv_project/track_and_pnp/src/objective_track' with build type 'ament_cmake'
[0.612s] INFO:colcon.colcon_cmake.task.cmake.build:Building CMake package in '/home/cjj/Desktop/RM_work/opencv_project/track_and_pnp/src/objective_track'
[0.612s] INFO:colcon.colcon_core.shell:Skip shell extension 'powershell' for command environment: Not usable outside of PowerShell
[0.612s] DEBUG:colcon.colcon_core.shell:Skip shell extension 'dsv' for command environment
[0.621s] DEBUG:colcon.colcon_core.event_handler.log_command:Invoking command in '/home/cjj/Desktop/RM_work/opencv_project/track_and_pnp/build/objective_track': CMAKE_PREFIX_PATH=/home/cjj/Desktop/RM_work/opencv_project/track_and_pnp/install/my_interfaces:/home/cjj/Desktop/RM_work/opencv_project/track_and_pnp/install/objective_track:/opt/ros/humble LD_LIBRARY_PATH=/home/cjj/Desktop/RM_work/opencv_project/track_and_pnp/install/my_interfaces/lib:/opt/ros/humble/opt/rviz_ogre_vendor/lib:/opt/ros/humble/lib/x86_64-linux-gnu:/opt/ros/humble/lib:/opt/MVS/lib/64:/opt/MVS/lib/32:/opt/intel/openvino/runtime/lib/intel64:/usr/local/lib:/opt/MVS/lib/64:/opt/MVS/lib/32:/opt/MVS/lib/64:/opt/MVS/lib/32 /usr/bin/cmake --build /home/cjj/Desktop/RM_work/opencv_project/track_and_pnp/build/objective_track -- -j20 -l20
[4.776s] DEBUG:colcon.colcon_core.event_handler.log_command:Invoked command in '/home/cjj/Desktop/RM_work/opencv_project/track_and_pnp/build/objective_track' returned '0': CMAKE_PREFIX_PATH=/home/cjj/Desktop/RM_work/opencv_project/track_and_pnp/install/my_interfaces:/home/cjj/Desktop/RM_work/opencv_project/track_and_pnp/install/objective_track:/opt/ros/humble LD_LIBRARY_PATH=/home/cjj/Desktop/RM_work/opencv_project/track_and_pnp/install/my_interfaces/lib:/opt/ros/humble/opt/rviz_ogre_vendor/lib:/opt/ros/humble/lib/x86_64-linux-gnu:/opt/ros/humble/lib:/opt/MVS/lib/64:/opt/MVS/lib/32:/opt/intel/openvino/runtime/lib/intel64:/usr/local/lib:/opt/MVS/lib/64:/opt/MVS/lib/32:/opt/MVS/lib/64:/opt/MVS/lib/32 /usr/bin/cmake --build /home/cjj/Desktop/RM_work/opencv_project/track_and_pnp/build/objective_track -- -j20 -l20
[4.803s] DEBUG:colcon.colcon_core.event_handler.log_command:Invoking command in '/home/cjj/Desktop/RM_work/opencv_project/track_and_pnp/build/objective_track': CMAKE_PREFIX_PATH=/home/cjj/Desktop/RM_work/opencv_project/track_and_pnp/install/my_interfaces:/home/cjj/Desktop/RM_work/opencv_project/track_and_pnp/install/objective_track:/opt/ros/humble LD_LIBRARY_PATH=/home/cjj/Desktop/RM_work/opencv_project/track_and_pnp/install/my_interfaces/lib:/opt/ros/humble/opt/rviz_ogre_vendor/lib:/opt/ros/humble/lib/x86_64-linux-gnu:/opt/ros/humble/lib:/opt/MVS/lib/64:/opt/MVS/lib/32:/opt/intel/openvino/runtime/lib/intel64:/usr/local/lib:/opt/MVS/lib/64:/opt/MVS/lib/32:/opt/MVS/lib/64:/opt/MVS/lib/32 /usr/bin/cmake --install /home/cjj/Desktop/RM_work/opencv_project/track_and_pnp/build/objective_track
[4.819s] Level 1:colcon.colcon_core.environment:create_environment_scripts_only(objective_track)
[4.819s] Level 1:colcon.colcon_core.environment:checking '/home/cjj/Desktop/RM_work/opencv_project/track_and_pnp/install/objective_track' for CMake module files
[4.819s] DEBUG:colcon.colcon_core.event_handler.log_command:Invoked command in '/home/cjj/Desktop/RM_work/opencv_project/track_and_pnp/build/objective_track' returned '0': CMAKE_PREFIX_PATH=/home/cjj/Desktop/RM_work/opencv_project/track_and_pnp/install/my_interfaces:/home/cjj/Desktop/RM_work/opencv_project/track_and_pnp/install/objective_track:/opt/ros/humble LD_LIBRARY_PATH=/home/cjj/Desktop/RM_work/opencv_project/track_and_pnp/install/my_interfaces/lib:/opt/ros/humble/opt/rviz_ogre_vendor/lib:/opt/ros/humble/lib/x86_64-linux-gnu:/opt/ros/humble/lib:/opt/MVS/lib/64:/opt/MVS/lib/32:/opt/intel/openvino/runtime/lib/intel64:/usr/local/lib:/opt/MVS/lib/64:/opt/MVS/lib/32:/opt/MVS/lib/64:/opt/MVS/lib/32 /usr/bin/cmake --install /home/cjj/Desktop/RM_work/opencv_project/track_and_pnp/build/objective_track
[4.820s] Level 1:colcon.colcon_core.environment:checking '/home/cjj/Desktop/RM_work/opencv_project/track_and_pnp/install/objective_track' for CMake config files
[4.820s] Level 1:colcon.colcon_core.shell:create_environment_hook('objective_track', 'cmake_prefix_path')
[4.820s] INFO:colcon.colcon_core.shell:Creating environment hook '/home/cjj/Desktop/RM_work/opencv_project/track_and_pnp/install/objective_track/share/objective_track/hook/cmake_prefix_path.ps1'
[4.821s] INFO:colcon.colcon_core.shell:Creating environment descriptor '/home/cjj/Desktop/RM_work/opencv_project/track_and_pnp/install/objective_track/share/objective_track/hook/cmake_prefix_path.dsv'
[4.821s] INFO:colcon.colcon_core.shell:Creating environment hook '/home/cjj/Desktop/RM_work/opencv_project/track_and_pnp/install/objective_track/share/objective_track/hook/cmake_prefix_path.sh'
[4.821s] Level 1:colcon.colcon_core.environment:checking '/home/cjj/Desktop/RM_work/opencv_project/track_and_pnp/install/objective_track/lib'
[4.821s] Level 1:colcon.colcon_core.environment:checking '/home/cjj/Desktop/RM_work/opencv_project/track_and_pnp/install/objective_track/bin'
[4.821s] Level 1:colcon.colcon_core.environment:checking '/home/cjj/Desktop/RM_work/opencv_project/track_and_pnp/install/objective_track/lib/pkgconfig/objective_track.pc'
[4.822s] Level 1:colcon.colcon_core.environment:checking '/home/cjj/Desktop/RM_work/opencv_project/track_and_pnp/install/objective_track/lib/python3.10/site-packages'
[4.822s] Level 1:colcon.colcon_core.environment:checking '/home/cjj/Desktop/RM_work/opencv_project/track_and_pnp/install/objective_track/bin'
[4.822s] INFO:colcon.colcon_core.shell:Creating package script '/home/cjj/Desktop/RM_work/opencv_project/track_and_pnp/install/objective_track/share/objective_track/package.ps1'
[4.822s] INFO:colcon.colcon_core.shell:Creating package descriptor '/home/cjj/Desktop/RM_work/opencv_project/track_and_pnp/install/objective_track/share/objective_track/package.dsv'
[4.822s] INFO:colcon.colcon_core.shell:Creating package script '/home/cjj/Desktop/RM_work/opencv_project/track_and_pnp/install/objective_track/share/objective_track/package.sh'
[4.823s] INFO:colcon.colcon_core.shell:Creating package script '/home/cjj/Desktop/RM_work/opencv_project/track_and_pnp/install/objective_track/share/objective_track/package.bash'
[4.823s] INFO:colcon.colcon_core.shell:Creating package script '/home/cjj/Desktop/RM_work/opencv_project/track_and_pnp/install/objective_track/share/objective_track/package.zsh'
[4.823s] Level 1:colcon.colcon_core.environment:create_file_with_runtime_dependencies(/home/cjj/Desktop/RM_work/opencv_project/track_and_pnp/install/objective_track/share/colcon-core/packages/objective_track)
[4.849s] Level 1:colcon.colcon_core.environment:create_environment_scripts_only(objective_track)
[4.849s] Level 1:colcon.colcon_core.environment:checking '/home/cjj/Desktop/RM_work/opencv_project/track_and_pnp/install/objective_track' for CMake module files
[4.849s] Level 1:colcon.colcon_core.environment:checking '/home/cjj/Desktop/RM_work/opencv_project/track_and_pnp/install/objective_track' for CMake config files
[4.850s] Level 1:colcon.colcon_core.shell:create_environment_hook('objective_track', 'cmake_prefix_path')
[4.850s] INFO:colcon.colcon_core.shell:Creating environment hook '/home/cjj/Desktop/RM_work/opencv_project/track_and_pnp/install/objective_track/share/objective_track/hook/cmake_prefix_path.ps1'
[4.850s] INFO:colcon.colcon_core.shell:Creating environment descriptor '/home/cjj/Desktop/RM_work/opencv_project/track_and_pnp/install/objective_track/share/objective_track/hook/cmake_prefix_path.dsv'
[4.850s] INFO:colcon.colcon_core.shell:Creating environment hook '/home/cjj/Desktop/RM_work/opencv_project/track_and_pnp/install/objective_track/share/objective_track/hook/cmake_prefix_path.sh'
[4.851s] Level 1:colcon.colcon_core.environment:checking '/home/cjj/Desktop/RM_work/opencv_project/track_and_pnp/install/objective_track/lib'
[4.851s] Level 1:colcon.colcon_core.environment:checking '/home/cjj/Desktop/RM_work/opencv_project/track_and_pnp/install/objective_track/bin'
[4.851s] Level 1:colcon.colcon_core.environment:checking '/home/cjj/Desktop/RM_work/opencv_project/track_and_pnp/install/objective_track/lib/pkgconfig/objective_track.pc'
[4.851s] Level 1:colcon.colcon_core.environment:checking '/home/cjj/Desktop/RM_work/opencv_project/track_and_pnp/install/objective_track/lib/python3.10/site-packages'
[4.851s] Level 1:colcon.colcon_core.environment:checking '/home/cjj/Desktop/RM_work/opencv_project/track_and_pnp/install/objective_track/bin'
[4.851s] INFO:colcon.colcon_core.shell:Creating package script '/home/cjj/Desktop/RM_work/opencv_project/track_and_pnp/install/objective_track/share/objective_track/package.ps1'
[4.852s] INFO:colcon.colcon_core.shell:Creating package descriptor '/home/cjj/Desktop/RM_work/opencv_project/track_and_pnp/install/objective_track/share/objective_track/package.dsv'
[4.852s] INFO:colcon.colcon_core.shell:Creating package script '/home/cjj/Desktop/RM_work/opencv_project/track_and_pnp/install/objective_track/share/objective_track/package.sh'
[4.852s] INFO:colcon.colcon_core.shell:Creating package script '/home/cjj/Desktop/RM_work/opencv_project/track_and_pnp/install/objective_track/share/objective_track/package.bash'
[4.853s] INFO:colcon.colcon_core.shell:Creating package script '/home/cjj/Desktop/RM_work/opencv_project/track_and_pnp/install/objective_track/share/objective_track/package.zsh'
[4.853s] Level 1:colcon.colcon_core.environment:create_file_with_runtime_dependencies(/home/cjj/Desktop/RM_work/opencv_project/track_and_pnp/install/objective_track/share/colcon-core/packages/objective_track)
[4.853s] DEBUG:colcon.colcon_parallel_executor.executor.parallel:closing loop
[4.853s] DEBUG:colcon.colcon_parallel_executor.executor.parallel:loop closed
[4.853s] DEBUG:colcon.colcon_parallel_executor.executor.parallel:run_until_complete finished with '0'
[4.853s] DEBUG:colcon.colcon_core.event_reactor:joining thread
[4.858s] INFO:colcon.colcon_core.plugin_system:Skipping extension 'colcon_notification.desktop_notification.terminal_notifier': Not used on non-Darwin systems
[4.858s] INFO:colcon.colcon_core.plugin_system:Skipping extension 'colcon_notification.desktop_notification.win32': Not used on non-Windows systems
[4.858s] INFO:colcon.colcon_notification.desktop_notification:Sending desktop notification using 'notify2'
[4.865s] DEBUG:colcon.colcon_core.event_reactor:joined thread
[4.866s] INFO:colcon.colcon_core.shell:Creating prefix script '/home/cjj/Desktop/RM_work/opencv_project/track_and_pnp/install/local_setup.ps1'
[4.866s] INFO:colcon.colcon_core.shell:Creating prefix util module '/home/cjj/Desktop/RM_work/opencv_project/track_and_pnp/install/_local_setup_util_ps1.py'
[4.867s] INFO:colcon.colcon_core.shell:Creating prefix chain script '/home/cjj/Desktop/RM_work/opencv_project/track_and_pnp/install/setup.ps1'
[4.868s] INFO:colcon.colcon_core.shell:Creating prefix script '/home/cjj/Desktop/RM_work/opencv_project/track_and_pnp/install/local_setup.sh'
[4.868s] INFO:colcon.colcon_core.shell:Creating prefix util module '/home/cjj/Desktop/RM_work/opencv_project/track_and_pnp/install/_local_setup_util_sh.py'
[4.868s] INFO:colcon.colcon_core.shell:Creating prefix chain script '/home/cjj/Desktop/RM_work/opencv_project/track_and_pnp/install/setup.sh'
[4.869s] INFO:colcon.colcon_core.shell:Creating prefix script '/home/cjj/Desktop/RM_work/opencv_project/track_and_pnp/install/local_setup.bash'
[4.869s] INFO:colcon.colcon_core.shell:Creating prefix chain script '/home/cjj/Desktop/RM_work/opencv_project/track_and_pnp/install/setup.bash'
[4.870s] INFO:colcon.colcon_core.shell:Creating prefix script '/home/cjj/Desktop/RM_work/opencv_project/track_and_pnp/install/local_setup.zsh'
[4.870s] INFO:colcon.colcon_core.shell:Creating prefix chain script '/home/cjj/Desktop/RM_work/opencv_project/track_and_pnp/install/setup.zsh'
