[35m[1mConsolidate compiler generated dependencies of target show_position[0m
[ 50%] [32mBuilding CXX object CMakeFiles/show_position.dir/src/show_position.cpp.o[0m
[100%] [32m[1mLinking CXX executable show_position[0m
[100%] Built target show_position
-- Install configuration: ""
-- Execute custom install script
-- Up-to-date symlink: /home/cjj/Desktop/RM_work/opencv_project/track_and_pnp/install/show_position/lib/show_position/show_position
-- Up-to-date symlink: /home/cjj/Desktop/RM_work/opencv_project/track_and_pnp/install/show_position/share/ament_index/resource_index/package_run_dependencies/show_position
-- Up-to-date symlink: /home/cjj/Desktop/RM_work/opencv_project/track_and_pnp/install/show_position/share/ament_index/resource_index/parent_prefix_path/show_position
-- Up-to-date symlink: /home/cjj/Desktop/RM_work/opencv_project/track_and_pnp/install/show_position/share/show_position/environment/ament_prefix_path.sh
-- Up-to-date symlink: /home/cjj/Desktop/RM_work/opencv_project/track_and_pnp/install/show_position/share/show_position/environment/ament_prefix_path.dsv
-- Up-to-date symlink: /home/cjj/Desktop/RM_work/opencv_project/track_and_pnp/install/show_position/share/show_position/environment/path.sh
-- Up-to-date symlink: /home/cjj/Desktop/RM_work/opencv_project/track_and_pnp/install/show_position/share/show_position/environment/path.dsv
-- Up-to-date symlink: /home/cjj/Desktop/RM_work/opencv_project/track_and_pnp/install/show_position/share/show_position/local_setup.bash
-- Up-to-date symlink: /home/cjj/Desktop/RM_work/opencv_project/track_and_pnp/install/show_position/share/show_position/local_setup.sh
-- Up-to-date symlink: /home/cjj/Desktop/RM_work/opencv_project/track_and_pnp/install/show_position/share/show_position/local_setup.zsh
-- Up-to-date symlink: /home/cjj/Desktop/RM_work/opencv_project/track_and_pnp/install/show_position/share/show_position/local_setup.dsv
-- Symlinking: /home/cjj/Desktop/RM_work/opencv_project/track_and_pnp/install/show_position/share/show_position/package.dsv
-- Up-to-date symlink: /home/cjj/Desktop/RM_work/opencv_project/track_and_pnp/install/show_position/share/ament_index/resource_index/packages/show_position
-- Up-to-date symlink: /home/cjj/Desktop/RM_work/opencv_project/track_and_pnp/install/show_position/share/show_position/cmake/show_positionConfig.cmake
-- Up-to-date symlink: /home/cjj/Desktop/RM_work/opencv_project/track_and_pnp/install/show_position/share/show_position/cmake/show_positionConfig-version.cmake
-- Up-to-date symlink: /home/cjj/Desktop/RM_work/opencv_project/track_and_pnp/install/show_position/share/show_position/package.xml
