[0.005s] Invoking command in '/home/cjj/Desktop/RM_work/opencv_project/track_and_pnp/build/objective_track': AMENT_PREFIX_PATH=/home/cjj/Desktop/RM_work/opencv_project/track_and_pnp/install/my_interfaces:${AMENT_PREFIX_PATH} CMAKE_PREFIX_PATH=/home/cjj/Desktop/RM_work/opencv_project/track_and_pnp/install/my_interfaces:/opt/ros/humble LD_LIBRARY_PATH=/home/cjj/Desktop/RM_work/opencv_project/track_and_pnp/install/my_interfaces/lib:/opt/ros/humble/opt/rviz_ogre_vendor/lib:/opt/ros/humble/lib/x86_64-linux-gnu:/opt/ros/humble/lib:/opt/MVS/lib/64:/opt/MVS/lib/32:/opt/intel/openvino/runtime/lib/intel64:/usr/local/lib:/opt/MVS/lib/64:/opt/MVS/lib/32:/opt/MVS/lib/64:/opt/MVS/lib/32 PYTHONPATH=/home/cjj/Desktop/RM_work/opencv_project/track_and_pnp/install/my_interfaces/local/lib/python3.10/dist-packages:${PYTHONPATH} /usr/bin/cmake /home/cjj/Desktop/RM_work/opencv_project/track_and_pnp/src/objective_track -DAMENT_CMAKE_SYMLINK_INSTALL=1 -DCMAKE_INSTALL_PREFIX=/home/cjj/Desktop/RM_work/opencv_project/track_and_pnp/install/objective_track
[0.017s] -- Found ament_cmake: 1.3.10 (/opt/ros/humble/share/ament_cmake/cmake)
[0.099s] -- Override CMake install command with custom implementation using symlinks instead of copying resources
[0.103s] -- Found rclcpp: 16.0.10 (/opt/ros/humble/share/rclcpp/cmake)
[0.121s] -- Found rosidl_generator_c: 3.1.5 (/opt/ros/humble/share/rosidl_generator_c/cmake)
[0.122s] -- Found rosidl_adapter: 3.1.5 (/opt/ros/humble/share/rosidl_adapter/cmake)
[0.125s] -- Found rosidl_generator_cpp: 3.1.5 (/opt/ros/humble/share/rosidl_generator_cpp/cmake)
[0.130s] -- Using all available rosidl_typesupport_c: rosidl_typesupport_fastrtps_c;rosidl_typesupport_introspection_c
[0.137s] -- Using all available rosidl_typesupport_cpp: rosidl_typesupport_fastrtps_cpp;rosidl_typesupport_introspection_cpp
[0.154s] -- Found rmw_implementation_cmake: 6.1.2 (/opt/ros/humble/share/rmw_implementation_cmake/cmake)
[0.154s] -- Found rmw_fastrtps_cpp: 6.2.7 (/opt/ros/humble/share/rmw_fastrtps_cpp/cmake)
[0.197s] -- Using RMW implementation 'rmw_fastrtps_cpp' as default
[0.224s] -- Found my_interfaces: 0.0.0 (/home/cjj/Desktop/RM_work/opencv_project/track_and_pnp/install/my_interfaces/share/my_interfaces/cmake)
[0.238s] [31mCMake Error at /opt/ros/humble/share/ament_cmake_target_dependencies/cmake/ament_target_dependencies.cmake:77 (message):
[0.238s]   ament_target_dependencies() the passed package name 'opencv_calib3d' was
[0.238s]   not found before
[0.238s] Call Stack (most recent call first):
[0.238s]   CMakeLists.txt:26 (ament_target_dependencies)
[0.238s] 
[0.238s] [0m
[0.238s] -- Configuring incomplete, errors occurred!
[0.238s] See also "/home/cjj/Desktop/RM_work/opencv_project/track_and_pnp/build/objective_track/CMakeFiles/CMakeOutput.log".
[0.244s] Invoked command in '/home/cjj/Desktop/RM_work/opencv_project/track_and_pnp/build/objective_track' returned '1': AMENT_PREFIX_PATH=/home/cjj/Desktop/RM_work/opencv_project/track_and_pnp/install/my_interfaces:${AMENT_PREFIX_PATH} CMAKE_PREFIX_PATH=/home/cjj/Desktop/RM_work/opencv_project/track_and_pnp/install/my_interfaces:/opt/ros/humble LD_LIBRARY_PATH=/home/cjj/Desktop/RM_work/opencv_project/track_and_pnp/install/my_interfaces/lib:/opt/ros/humble/opt/rviz_ogre_vendor/lib:/opt/ros/humble/lib/x86_64-linux-gnu:/opt/ros/humble/lib:/opt/MVS/lib/64:/opt/MVS/lib/32:/opt/intel/openvino/runtime/lib/intel64:/usr/local/lib:/opt/MVS/lib/64:/opt/MVS/lib/32:/opt/MVS/lib/64:/opt/MVS/lib/32 PYTHONPATH=/home/cjj/Desktop/RM_work/opencv_project/track_and_pnp/install/my_interfaces/local/lib/python3.10/dist-packages:${PYTHONPATH} /usr/bin/cmake /home/cjj/Desktop/RM_work/opencv_project/track_and_pnp/src/objective_track -DAMENT_CMAKE_SYMLINK_INSTALL=1 -DCMAKE_INSTALL_PREFIX=/home/cjj/Desktop/RM_work/opencv_project/track_and_pnp/install/objective_track
